15:07:58.013 [restartedMain] INFO  i.l.l.s.o.k.m.internal.SourceInvocationHandler - lookupCollectorClass:134 - Unable to find collector for io.logz.logback-appender.sender.org.kairosdb.bigqueue.metrics.BigArrayStats.appendData
15:07:58.007 [restartedMain] INFO  nex.vts.backend.VtsBackendApplication - logStarting:51 - Starting VtsBackendApplication using Java 17.0.8 with PID 17460 (C:\Users\obydu\InteljProject\vts_backend\target\classes started by obydu in C:\Users\obydu\InteljProject\vts_backend)
15:07:58.018 [restartedMain] DEBUG nex.vts.backend.VtsBackendApplication - logStarting:52 - Running with Spring Boot v3.0.1, Spring v6.0.3
15:07:58.019 [restartedMain] INFO  nex.vts.backend.VtsBackendApplication - logStartupProfileInfo:636 - The following 1 profile is active: "m2m"
15:07:58.045 [restartedMain] WARN  o.s.core.annotation.AnnotationTypeMapping - addConventionMappings:320 - Support for convention-based annotation attribute overrides is deprecated and will be removed in Spring Framework 6.1. Please annotate the following attributes in @org.springframework.retry.annotation.EnableRetry with appropriate @AliasFor declarations: [proxyTargetClass]
15:07:58.057 [restartedMain] INFO  o.s.boot.devtools.restart.ChangeableUrls - logTo:250 - The Class-Path manifest attribute in C:\Users\obydu\.m2\repository\com\oracle\database\jdbc\ojdbc8\21.7.0.0\ojdbc8-21.7.0.0.jar referenced one or more files that do not exist: file:/C:/Users/obydu/.m2/repository/com/oracle/database/jdbc/ojdbc8/21.7.0.0/oraclepki.jar
15:07:58.057 [restartedMain] INFO  o.s.b.d.env.DevToolsPropertyDefaultsPostProcessor - logTo:250 - Devtools property defaults active! Set 'spring.devtools.add-properties' to 'false' to disable
15:07:58.058 [restartedMain] INFO  o.s.b.d.env.DevToolsPropertyDefaultsPostProcessor - logTo:250 - For additional web related logging consider setting the 'logging.level.web' property to 'DEBUG'
15:07:58.615 [restartedMain] INFO  o.s.d.r.config.RepositoryConfigurationDelegate - registerRepositoriesIn:138 - Bootstrapping Spring Data JDBC repositories in DEFAULT mode.
15:07:58.667 [restartedMain] INFO  o.s.d.r.config.RepositoryConfigurationDelegate - registerRepositoriesIn:208 - Finished Spring Data repository scanning in 49 ms. Found 1 JDBC repository interfaces.
15:07:59.240 [restartedMain] INFO  o.s.boot.web.embedded.tomcat.TomcatWebServer - initialize:108 - Tomcat initialized with port(s): 8009 (http)
15:07:59.247 [restartedMain] INFO  org.apache.coyote.http11.Http11NioProtocol - log:173 - Initializing ProtocolHandler ["http-nio-8009"]
15:07:59.249 [restartedMain] INFO  org.apache.catalina.core.StandardService - log:173 - Starting service [Tomcat]
15:07:59.250 [restartedMain] INFO  org.apache.catalina.core.StandardEngine - log:173 - Starting Servlet engine: [Apache Tomcat/10.1.4]
15:07:59.303 [restartedMain] INFO  o.a.c.core.ContainerBase.[Tomcat].[localhost].[/] - log:173 - Initializing Spring embedded WebApplicationContext
15:07:59.303 [restartedMain] INFO  o.s.b.w.s.c.ServletWebServerApplicationContext - prepareWebApplicationContext:291 - Root WebApplicationContext: initialization completed in 1245 ms
15:07:59.534 [restartedMain] WARN  com.zaxxer.hikari.HikariConfig - validateNumerics:1039 - HikariPool-1 - maxLifetime is less than 30000ms, setting to default 1800000ms.
15:07:59.536 [restartedMain] INFO  com.zaxxer.hikari.HikariDataSource - getConnection:110 - HikariPool-1 - Starting...
15:07:59.882 [restartedMain] INFO  com.zaxxer.hikari.pool.HikariPool - checkFailFast:565 - HikariPool-1 - Added connection oracle.jdbc.driver.T4CConnection@55c61cef
15:07:59.885 [restartedMain] INFO  com.zaxxer.hikari.HikariDataSource - getConnection:123 - HikariPool-1 - Start completed.
15:07:59.953 [restartedMain] DEBUG nex.vts.backend.filter.JwtAuthFilter - init:240 - Filter 'jwtAuthFilter' configured for use
15:08:00.262 [restartedMain] INFO  o.s.security.web.DefaultSecurityFilterChain - <init>:54 - Will secure any request with [org.springframework.security.web.session.DisableEncodeUrlFilter@61412c14, org.springframework.security.web.context.request.async.WebAsyncManagerIntegrationFilter@7b53833d, org.springframework.security.web.context.SecurityContextHolderFilter@4e69e68f, org.springframework.security.web.header.HeaderWriterFilter@1924949d, org.springframework.security.web.authentication.logout.LogoutFilter@54bf93d, nex.vts.backend.filter.JwtAuthFilter@8a538a7, org.springframework.security.web.savedrequest.RequestCacheAwareFilter@4b945fbb, org.springframework.security.web.servletapi.SecurityContextHolderAwareRequestFilter@32bbfda, org.springframework.security.web.authentication.AnonymousAuthenticationFilter@f24cd46, org.springframework.security.web.session.SessionManagementFilter@10773867, org.springframework.security.web.access.ExceptionTranslationFilter@e85e59, org.springframework.security.web.access.intercept.AuthorizationFilter@31556bba]
15:08:00.454 [restartedMain] INFO  o.s.b.d.autoconfigure.OptionalLiveReloadServer - startServer:59 - LiveReload server is running on port 35729
15:08:00.591 [restartedMain] INFO  org.apache.coyote.http11.Http11NioProtocol - log:173 - Starting ProtocolHandler ["http-nio-8009"]
15:08:00.608 [restartedMain] INFO  o.s.boot.web.embedded.tomcat.TomcatWebServer - start:220 - Tomcat started on port(s): 8009 (http) with context path ''
15:08:00.617 [restartedMain] INFO  nex.vts.backend.VtsBackendApplication - logStarted:57 - Started VtsBackendApplication in 3.197 seconds (process running for 3.818)
15:08:02.898 [logback-1] INFO  i.l.l.s.o.k.m.internal.SourceInvocationHandler - lookupCollectorClass:134 - Unable to find collector for io.logz.logback-appender.sender.org.kairosdb.bigqueue.metrics.BigArrayStats.getData
15:10:37.790 [File Watcher] INFO  o.s.b.d.a.LocalDevToolsAutoConfiguration$RestartingClassPathChangeChangedEventListener - onApplicationEvent:211 - Restarting due to 4 class path changes (0 additions, 0 deletions, 4 modifications)
15:10:37.801 [Thread-7] INFO  org.apache.coyote.http11.Http11NioProtocol - log:173 - Pausing ProtocolHandler ["http-nio-8009"]
15:10:37.801 [Thread-7] INFO  org.apache.catalina.core.StandardService - log:173 - Stopping service [Tomcat]
15:10:37.807 [Thread-7] WARN  org.apache.catalina.loader.WebappClassLoaderBase - log:173 - The web application [ROOT] appears to have started a thread named [oracle.jdbc.driver.BlockSource.ThreadedCachingBlockSource.BlockReleaser] but has failed to stop it. This is very likely to create a memory leak. Stack trace of thread:
 java.base@17.0.8/jdk.internal.misc.Unsafe.park(Native Method)
 java.base@17.0.8/java.util.concurrent.locks.LockSupport.parkNanos(LockSupport.java:252)
 java.base@17.0.8/java.util.concurrent.locks.AbstractQueuedSynchronizer$ConditionObject.awaitNanos(AbstractQueuedSynchronizer.java:1672)
 app//oracle.jdbc.internal.Monitor$WaitableMonitor.monitorWait(Monitor.java:258)
 app//oracle.jdbc.internal.Monitor$WaitableMonitor.monitorWait(Monitor.java:240)
 app//oracle.jdbc.driver.BlockSource$ThreadedCachingBlockSource$BlockReleaser.run(BlockSource.java:345)
15:10:37.808 [Thread-7] WARN  org.apache.catalina.loader.WebappClassLoaderBase - log:173 - The web application [ROOT] appears to have started a thread named [InterruptTimer] but has failed to stop it. This is very likely to create a memory leak. Stack trace of thread:
 java.base@17.0.8/java.lang.Object.wait(Native Method)
 java.base@17.0.8/java.util.TimerThread.mainLoop(Timer.java:563)
 java.base@17.0.8/java.util.TimerThread.run(Timer.java:516)
15:10:37.809 [Thread-7] WARN  org.apache.catalina.loader.WebappClassLoaderBase - log:173 - The web application [ROOT] appears to have started a thread named [HikariPool-1 housekeeper] but has failed to stop it. This is very likely to create a memory leak. Stack trace of thread:
 java.base@17.0.8/jdk.internal.misc.Unsafe.park(Native Method)
 java.base@17.0.8/java.util.concurrent.locks.LockSupport.parkNanos(LockSupport.java:252)
 java.base@17.0.8/java.util.concurrent.locks.AbstractQueuedSynchronizer$ConditionObject.awaitNanos(AbstractQueuedSynchronizer.java:1672)
 java.base@17.0.8/java.util.concurrent.ScheduledThreadPoolExecutor$DelayedWorkQueue.take(ScheduledThreadPoolExecutor.java:1182)
 java.base@17.0.8/java.util.concurrent.ScheduledThreadPoolExecutor$DelayedWorkQueue.take(ScheduledThreadPoolExecutor.java:899)
 java.base@17.0.8/java.util.concurrent.ThreadPoolExecutor.getTask(ThreadPoolExecutor.java:1062)
 java.base@17.0.8/java.util.concurrent.ThreadPoolExecutor.runWorker(ThreadPoolExecutor.java:1122)
 java.base@17.0.8/java.util.concurrent.ThreadPoolExecutor$Worker.run(ThreadPoolExecutor.java:635)
 java.base@17.0.8/java.lang.Thread.run(Thread.java:833)
15:10:37.810 [Thread-7] INFO  org.apache.coyote.http11.Http11NioProtocol - log:173 - Stopping ProtocolHandler ["http-nio-8009"]
15:10:37.812 [Thread-7] INFO  org.apache.coyote.http11.Http11NioProtocol - log:173 - Destroying ProtocolHandler ["http-nio-8009"]
15:10:37.817 [Thread-7] INFO  com.zaxxer.hikari.HikariDataSource - close:350 - HikariPool-1 - Shutdown initiated...
15:10:37.878 [Thread-7] INFO  com.zaxxer.hikari.HikariDataSource - close:352 - HikariPool-1 - Shutdown completed.
15:10:38.994 [restartedMain] INFO  nex.vts.backend.VtsBackendApplication - logStarting:51 - Starting VtsBackendApplication using Java 17.0.8 with PID 17460 (C:\Users\obydu\InteljProject\vts_backend\target\classes started by obydu in C:\Users\obydu\InteljProject\vts_backend)
15:10:38.994 [restartedMain] DEBUG nex.vts.backend.VtsBackendApplication - logStarting:52 - Running with Spring Boot v3.0.1, Spring v6.0.3
15:10:38.995 [restartedMain] INFO  nex.vts.backend.VtsBackendApplication - logStartupProfileInfo:636 - The following 1 profile is active: "m2m"
15:10:39.434 [restartedMain] INFO  o.s.d.r.config.RepositoryConfigurationDelegate - registerRepositoriesIn:138 - Bootstrapping Spring Data JDBC repositories in DEFAULT mode.
15:10:39.474 [restartedMain] INFO  o.s.d.r.config.RepositoryConfigurationDelegate - registerRepositoriesIn:208 - Finished Spring Data repository scanning in 38 ms. Found 1 JDBC repository interfaces.
15:10:39.760 [restartedMain] INFO  o.s.boot.web.embedded.tomcat.TomcatWebServer - initialize:108 - Tomcat initialized with port(s): 8009 (http)
15:10:39.762 [restartedMain] INFO  org.apache.coyote.http11.Http11NioProtocol - log:173 - Initializing ProtocolHandler ["http-nio-8009"]
15:10:39.763 [restartedMain] INFO  org.apache.catalina.core.StandardService - log:173 - Starting service [Tomcat]
15:10:39.764 [restartedMain] INFO  org.apache.catalina.core.StandardEngine - log:173 - Starting Servlet engine: [Apache Tomcat/10.1.4]
15:10:39.812 [restartedMain] INFO  o.a.c.core.ContainerBase.[Tomcat].[localhost].[/] - log:173 - Initializing Spring embedded WebApplicationContext
15:10:39.814 [restartedMain] INFO  o.s.b.w.s.c.ServletWebServerApplicationContext - prepareWebApplicationContext:291 - Root WebApplicationContext: initialization completed in 817 ms
15:10:40.076 [restartedMain] WARN  com.zaxxer.hikari.HikariConfig - validateNumerics:1039 - HikariPool-2 - maxLifetime is less than 30000ms, setting to default 1800000ms.
15:10:40.077 [restartedMain] INFO  com.zaxxer.hikari.HikariDataSource - getConnection:110 - HikariPool-2 - Starting...
15:10:40.262 [restartedMain] INFO  com.zaxxer.hikari.pool.HikariPool - checkFailFast:565 - HikariPool-2 - Added connection oracle.jdbc.driver.T4CConnection@6f4dc2e2
15:10:40.264 [restartedMain] INFO  com.zaxxer.hikari.HikariDataSource - getConnection:123 - HikariPool-2 - Start completed.
15:10:40.319 [restartedMain] DEBUG nex.vts.backend.filter.JwtAuthFilter - init:240 - Filter 'jwtAuthFilter' configured for use
15:10:40.715 [restartedMain] INFO  o.s.security.web.DefaultSecurityFilterChain - <init>:54 - Will secure any request with [org.springframework.security.web.session.DisableEncodeUrlFilter@4dd1b644, org.springframework.security.web.context.request.async.WebAsyncManagerIntegrationFilter@6f653802, org.springframework.security.web.context.SecurityContextHolderFilter@3e3c790, org.springframework.security.web.header.HeaderWriterFilter@64d670b, org.springframework.security.web.authentication.logout.LogoutFilter@495d697d, nex.vts.backend.filter.JwtAuthFilter@3ef5a5b3, org.springframework.security.web.savedrequest.RequestCacheAwareFilter@78a3861, org.springframework.security.web.servletapi.SecurityContextHolderAwareRequestFilter@6a9272a4, org.springframework.security.web.authentication.AnonymousAuthenticationFilter@60e09ec8, org.springframework.security.web.session.SessionManagementFilter@7d086778, org.springframework.security.web.access.ExceptionTranslationFilter@4f397a8f, org.springframework.security.web.access.intercept.AuthorizationFilter@66bc4f19]
15:10:40.897 [restartedMain] INFO  o.s.b.d.autoconfigure.OptionalLiveReloadServer - startServer:59 - LiveReload server is running on port 35729
15:10:41.004 [restartedMain] INFO  org.apache.coyote.http11.Http11NioProtocol - log:173 - Starting ProtocolHandler ["http-nio-8009"]
15:10:41.010 [restartedMain] INFO  o.s.boot.web.embedded.tomcat.TomcatWebServer - start:220 - Tomcat started on port(s): 8009 (http) with context path ''
15:10:41.020 [restartedMain] INFO  nex.vts.backend.VtsBackendApplication - logStarted:57 - Started VtsBackendApplication in 3.099 seconds (process running for 164.22)
15:10:41.024 [restartedMain] INFO  o.s.b.d.a.ConditionEvaluationDeltaLoggingListener - onApplicationEvent:63 - Condition evaluation unchanged
15:10:54.400 [File Watcher] INFO  o.s.b.d.a.LocalDevToolsAutoConfiguration$RestartingClassPathChangeChangedEventListener - onApplicationEvent:211 - Restarting due to 4 class path changes (0 additions, 0 deletions, 4 modifications)
15:10:54.425 [Thread-10] INFO  org.apache.coyote.http11.Http11NioProtocol - log:173 - Pausing ProtocolHandler ["http-nio-8009"]
15:10:54.426 [Thread-10] INFO  org.apache.catalina.core.StandardService - log:173 - Stopping service [Tomcat]
15:10:54.428 [Thread-10] WARN  org.apache.catalina.loader.WebappClassLoaderBase - log:173 - The web application [ROOT] appears to have started a thread named [OJDBC-WORKER-THREAD-2] but has failed to stop it. This is very likely to create a memory leak. Stack trace of thread:
 java.base@17.0.8/jdk.internal.misc.Unsafe.park(Native Method)
 java.base@17.0.8/java.util.concurrent.locks.LockSupport.parkNanos(LockSupport.java:252)
 java.base@17.0.8/java.util.concurrent.SynchronousQueue$TransferStack.transfer(SynchronousQueue.java:401)
 java.base@17.0.8/java.util.concurrent.SynchronousQueue.poll(SynchronousQueue.java:903)
 java.base@17.0.8/java.util.concurrent.ThreadPoolExecutor.getTask(ThreadPoolExecutor.java:1061)
 java.base@17.0.8/java.util.concurrent.ThreadPoolExecutor.runWorker(ThreadPoolExecutor.java:1122)
 java.base@17.0.8/java.util.concurrent.ThreadPoolExecutor$Worker.run(ThreadPoolExecutor.java:635)
 java.base@17.0.8/java.lang.Thread.run(Thread.java:833)
15:10:54.429 [Thread-10] WARN  org.apache.catalina.loader.WebappClassLoaderBase - log:173 - The web application [ROOT] appears to have started a thread named [HikariPool-2 housekeeper] but has failed to stop it. This is very likely to create a memory leak. Stack trace of thread:
 java.base@17.0.8/jdk.internal.misc.Unsafe.park(Native Method)
 java.base@17.0.8/java.util.concurrent.locks.LockSupport.parkNanos(LockSupport.java:252)
 java.base@17.0.8/java.util.concurrent.locks.AbstractQueuedSynchronizer$ConditionObject.awaitNanos(AbstractQueuedSynchronizer.java:1672)
 java.base@17.0.8/java.util.concurrent.ScheduledThreadPoolExecutor$DelayedWorkQueue.take(ScheduledThreadPoolExecutor.java:1182)
 java.base@17.0.8/java.util.concurrent.ScheduledThreadPoolExecutor$DelayedWorkQueue.take(ScheduledThreadPoolExecutor.java:899)
 java.base@17.0.8/java.util.concurrent.ThreadPoolExecutor.getTask(ThreadPoolExecutor.java:1062)
 java.base@17.0.8/java.util.concurrent.ThreadPoolExecutor.runWorker(ThreadPoolExecutor.java:1122)
 java.base@17.0.8/java.util.concurrent.ThreadPoolExecutor$Worker.run(ThreadPoolExecutor.java:635)
 java.base@17.0.8/java.lang.Thread.run(Thread.java:833)
15:10:54.431 [Thread-10] INFO  org.apache.coyote.http11.Http11NioProtocol - log:173 - Stopping ProtocolHandler ["http-nio-8009"]
15:10:54.433 [Thread-10] INFO  org.apache.coyote.http11.Http11NioProtocol - log:173 - Destroying ProtocolHandler ["http-nio-8009"]
15:10:54.435 [Thread-10] INFO  com.zaxxer.hikari.HikariDataSource - close:350 - HikariPool-2 - Shutdown initiated...
15:10:54.481 [Thread-10] INFO  com.zaxxer.hikari.HikariDataSource - close:352 - HikariPool-2 - Shutdown completed.
15:10:55.720 [restartedMain] INFO  nex.vts.backend.VtsBackendApplication - logStarting:51 - Starting VtsBackendApplication using Java 17.0.8 with PID 17460 (C:\Users\obydu\InteljProject\vts_backend\target\classes started by obydu in C:\Users\obydu\InteljProject\vts_backend)
15:10:55.720 [restartedMain] DEBUG nex.vts.backend.VtsBackendApplication - logStarting:52 - Running with Spring Boot v3.0.1, Spring v6.0.3
15:10:55.721 [restartedMain] INFO  nex.vts.backend.VtsBackendApplication - logStartupProfileInfo:636 - The following 1 profile is active: "m2m"
15:10:55.934 [restartedMain] INFO  o.s.d.r.config.RepositoryConfigurationDelegate - registerRepositoriesIn:138 - Bootstrapping Spring Data JDBC repositories in DEFAULT mode.
15:10:55.951 [restartedMain] INFO  o.s.d.r.config.RepositoryConfigurationDelegate - registerRepositoriesIn:208 - Finished Spring Data repository scanning in 17 ms. Found 1 JDBC repository interfaces.
15:10:56.030 [restartedMain] INFO  o.s.boot.web.embedded.tomcat.TomcatWebServer - initialize:108 - Tomcat initialized with port(s): 8009 (http)
15:10:56.031 [restartedMain] INFO  org.apache.coyote.http11.Http11NioProtocol - log:173 - Initializing ProtocolHandler ["http-nio-8009"]
15:10:56.031 [restartedMain] INFO  org.apache.catalina.core.StandardService - log:173 - Starting service [Tomcat]
15:10:56.031 [restartedMain] INFO  org.apache.catalina.core.StandardEngine - log:173 - Starting Servlet engine: [Apache Tomcat/10.1.4]
15:10:56.045 [restartedMain] INFO  o.a.c.core.ContainerBase.[Tomcat].[localhost].[/] - log:173 - Initializing Spring embedded WebApplicationContext
15:10:56.045 [restartedMain] INFO  o.s.b.w.s.c.ServletWebServerApplicationContext - prepareWebApplicationContext:291 - Root WebApplicationContext: initialization completed in 323 ms
15:10:56.123 [restartedMain] WARN  com.zaxxer.hikari.HikariConfig - validateNumerics:1039 - HikariPool-3 - maxLifetime is less than 30000ms, setting to default 1800000ms.
15:10:56.123 [restartedMain] INFO  com.zaxxer.hikari.HikariDataSource - getConnection:110 - HikariPool-3 - Starting...
15:10:56.292 [restartedMain] INFO  com.zaxxer.hikari.pool.HikariPool - checkFailFast:565 - HikariPool-3 - Added connection oracle.jdbc.driver.T4CConnection@1799f14a
15:10:56.292 [restartedMain] INFO  com.zaxxer.hikari.HikariDataSource - getConnection:123 - HikariPool-3 - Start completed.
15:10:56.314 [restartedMain] DEBUG nex.vts.backend.filter.JwtAuthFilter - init:240 - Filter 'jwtAuthFilter' configured for use
15:10:56.441 [restartedMain] INFO  o.s.security.web.DefaultSecurityFilterChain - <init>:54 - Will secure any request with [org.springframework.security.web.session.DisableEncodeUrlFilter@706305e9, org.springframework.security.web.context.request.async.WebAsyncManagerIntegrationFilter@35ed4a1d, org.springframework.security.web.context.SecurityContextHolderFilter@74ec7fb6, org.springframework.security.web.header.HeaderWriterFilter@261b7b64, org.springframework.security.web.authentication.logout.LogoutFilter@5181a72, nex.vts.backend.filter.JwtAuthFilter@2a9a8b46, org.springframework.security.web.savedrequest.RequestCacheAwareFilter@46eefa90, org.springframework.security.web.servletapi.SecurityContextHolderAwareRequestFilter@3bd37972, org.springframework.security.web.authentication.AnonymousAuthenticationFilter@1b811c09, org.springframework.security.web.session.SessionManagementFilter@2c80bc8c, org.springframework.security.web.access.ExceptionTranslationFilter@73682b10, org.springframework.security.web.access.intercept.AuthorizationFilter@142bbd32]
15:10:56.504 [restartedMain] INFO  o.s.b.d.autoconfigure.OptionalLiveReloadServer - startServer:59 - LiveReload server is running on port 35729
15:10:56.546 [restartedMain] INFO  org.apache.coyote.http11.Http11NioProtocol - log:173 - Starting ProtocolHandler ["http-nio-8009"]
15:10:56.553 [restartedMain] INFO  o.s.boot.web.embedded.tomcat.TomcatWebServer - start:220 - Tomcat started on port(s): 8009 (http) with context path ''
15:10:56.556 [restartedMain] INFO  nex.vts.backend.VtsBackendApplication - logStarted:57 - Started VtsBackendApplication in 2.035 seconds (process running for 179.757)
15:10:56.557 [restartedMain] INFO  o.s.b.d.a.ConditionEvaluationDeltaLoggingListener - onApplicationEvent:63 - Condition evaluation unchanged
15:11:21.267 [File Watcher] INFO  o.s.b.d.a.LocalDevToolsAutoConfiguration$RestartingClassPathChangeChangedEventListener - onApplicationEvent:211 - Restarting due to 4 class path changes (0 additions, 0 deletions, 4 modifications)
15:11:21.276 [Thread-16] INFO  org.apache.coyote.http11.Http11NioProtocol - log:173 - Pausing ProtocolHandler ["http-nio-8009"]
15:11:21.277 [Thread-16] INFO  org.apache.catalina.core.StandardService - log:173 - Stopping service [Tomcat]
15:11:21.279 [Thread-16] WARN  org.apache.catalina.loader.WebappClassLoaderBase - log:173 - The web application [ROOT] appears to have started a thread named [HikariPool-3 housekeeper] but has failed to stop it. This is very likely to create a memory leak. Stack trace of thread:
 java.base@17.0.8/jdk.internal.misc.Unsafe.park(Native Method)
 java.base@17.0.8/java.util.concurrent.locks.LockSupport.parkNanos(LockSupport.java:252)
 java.base@17.0.8/java.util.concurrent.locks.AbstractQueuedSynchronizer$ConditionObject.awaitNanos(AbstractQueuedSynchronizer.java:1672)
 java.base@17.0.8/java.util.concurrent.ScheduledThreadPoolExecutor$DelayedWorkQueue.take(ScheduledThreadPoolExecutor.java:1182)
 java.base@17.0.8/java.util.concurrent.ScheduledThreadPoolExecutor$DelayedWorkQueue.take(ScheduledThreadPoolExecutor.java:899)
 java.base@17.0.8/java.util.concurrent.ThreadPoolExecutor.getTask(ThreadPoolExecutor.java:1062)
 java.base@17.0.8/java.util.concurrent.ThreadPoolExecutor.runWorker(ThreadPoolExecutor.java:1122)
 java.base@17.0.8/java.util.concurrent.ThreadPoolExecutor$Worker.run(ThreadPoolExecutor.java:635)
 java.base@17.0.8/java.lang.Thread.run(Thread.java:833)
15:11:21.280 [Thread-16] INFO  org.apache.coyote.http11.Http11NioProtocol - log:173 - Stopping ProtocolHandler ["http-nio-8009"]
15:11:21.281 [Thread-16] INFO  org.apache.coyote.http11.Http11NioProtocol - log:173 - Destroying ProtocolHandler ["http-nio-8009"]
15:11:21.285 [Thread-16] INFO  com.zaxxer.hikari.HikariDataSource - close:350 - HikariPool-3 - Shutdown initiated...
15:11:21.347 [Thread-16] INFO  com.zaxxer.hikari.HikariDataSource - close:352 - HikariPool-3 - Shutdown completed.
15:11:22.442 [restartedMain] INFO  nex.vts.backend.VtsBackendApplication - logStarting:51 - Starting VtsBackendApplication using Java 17.0.8 with PID 17460 (C:\Users\obydu\InteljProject\vts_backend\target\classes started by obydu in C:\Users\obydu\InteljProject\vts_backend)
15:11:22.443 [restartedMain] DEBUG nex.vts.backend.VtsBackendApplication - logStarting:52 - Running with Spring Boot v3.0.1, Spring v6.0.3
15:11:22.443 [restartedMain] INFO  nex.vts.backend.VtsBackendApplication - logStartupProfileInfo:636 - The following 1 profile is active: "m2m"
15:11:22.587 [restartedMain] INFO  o.s.d.r.config.RepositoryConfigurationDelegate - registerRepositoriesIn:138 - Bootstrapping Spring Data JDBC repositories in DEFAULT mode.
15:11:22.599 [restartedMain] INFO  o.s.d.r.config.RepositoryConfigurationDelegate - registerRepositoriesIn:208 - Finished Spring Data repository scanning in 12 ms. Found 1 JDBC repository interfaces.
15:11:22.705 [restartedMain] INFO  o.s.boot.web.embedded.tomcat.TomcatWebServer - initialize:108 - Tomcat initialized with port(s): 8009 (http)
15:11:22.705 [restartedMain] INFO  org.apache.coyote.http11.Http11NioProtocol - log:173 - Initializing ProtocolHandler ["http-nio-8009"]
15:11:22.706 [restartedMain] INFO  org.apache.catalina.core.StandardService - log:173 - Starting service [Tomcat]
15:11:22.706 [restartedMain] INFO  org.apache.catalina.core.StandardEngine - log:173 - Starting Servlet engine: [Apache Tomcat/10.1.4]
15:11:22.722 [restartedMain] INFO  o.a.c.core.ContainerBase.[Tomcat].[localhost].[/] - log:173 - Initializing Spring embedded WebApplicationContext
15:11:22.722 [restartedMain] INFO  o.s.b.w.s.c.ServletWebServerApplicationContext - prepareWebApplicationContext:291 - Root WebApplicationContext: initialization completed in 278 ms
15:11:22.819 [restartedMain] WARN  com.zaxxer.hikari.HikariConfig - validateNumerics:1039 - HikariPool-4 - maxLifetime is less than 30000ms, setting to default 1800000ms.
15:11:22.820 [restartedMain] INFO  com.zaxxer.hikari.HikariDataSource - getConnection:110 - HikariPool-4 - Starting...
15:11:22.952 [restartedMain] INFO  com.zaxxer.hikari.pool.HikariPool - checkFailFast:565 - HikariPool-4 - Added connection oracle.jdbc.driver.T4CConnection@512df63a
15:11:22.953 [restartedMain] INFO  com.zaxxer.hikari.HikariDataSource - getConnection:123 - HikariPool-4 - Start completed.
15:11:22.974 [restartedMain] DEBUG nex.vts.backend.filter.JwtAuthFilter - init:240 - Filter 'jwtAuthFilter' configured for use
15:11:23.099 [restartedMain] INFO  o.s.security.web.DefaultSecurityFilterChain - <init>:54 - Will secure any request with [org.springframework.security.web.session.DisableEncodeUrlFilter@134786ed, org.springframework.security.web.context.request.async.WebAsyncManagerIntegrationFilter@2548c2b5, org.springframework.security.web.context.SecurityContextHolderFilter@23954446, org.springframework.security.web.header.HeaderWriterFilter@1230d588, org.springframework.security.web.authentication.logout.LogoutFilter@e0717df, nex.vts.backend.filter.JwtAuthFilter@c87fb84, org.springframework.security.web.savedrequest.RequestCacheAwareFilter@43ab019, org.springframework.security.web.servletapi.SecurityContextHolderAwareRequestFilter@10b2b983, org.springframework.security.web.authentication.AnonymousAuthenticationFilter@1c3ebd56, org.springframework.security.web.session.SessionManagementFilter@2b87836c, org.springframework.security.web.access.ExceptionTranslationFilter@510ec0c5, org.springframework.security.web.access.intercept.AuthorizationFilter@5a9710b1]
15:11:23.157 [restartedMain] INFO  o.s.b.d.autoconfigure.OptionalLiveReloadServer - startServer:59 - LiveReload server is running on port 35729
15:11:23.197 [restartedMain] INFO  org.apache.coyote.http11.Http11NioProtocol - log:173 - Starting ProtocolHandler ["http-nio-8009"]
15:11:23.200 [restartedMain] INFO  o.s.boot.web.embedded.tomcat.TomcatWebServer - start:220 - Tomcat started on port(s): 8009 (http) with context path ''
15:11:23.203 [restartedMain] INFO  nex.vts.backend.VtsBackendApplication - logStarted:57 - Started VtsBackendApplication in 1.824 seconds (process running for 206.405)
15:11:23.205 [restartedMain] INFO  o.s.b.d.a.ConditionEvaluationDeltaLoggingListener - onApplicationEvent:63 - Condition evaluation unchanged
15:11:42.611 [File Watcher] INFO  o.s.b.d.a.LocalDevToolsAutoConfiguration$RestartingClassPathChangeChangedEventListener - onApplicationEvent:211 - Restarting due to 2 class path changes (0 additions, 0 deletions, 2 modifications)
15:11:42.621 [Thread-21] INFO  org.apache.coyote.http11.Http11NioProtocol - log:173 - Pausing ProtocolHandler ["http-nio-8009"]
15:11:42.623 [Thread-21] INFO  org.apache.catalina.core.StandardService - log:173 - Stopping service [Tomcat]
15:11:42.625 [Thread-21] WARN  org.apache.catalina.loader.WebappClassLoaderBase - log:173 - The web application [ROOT] appears to have started a thread named [HikariPool-4 housekeeper] but has failed to stop it. This is very likely to create a memory leak. Stack trace of thread:
 java.base@17.0.8/jdk.internal.misc.Unsafe.park(Native Method)
 java.base@17.0.8/java.util.concurrent.locks.LockSupport.parkNanos(LockSupport.java:252)
 java.base@17.0.8/java.util.concurrent.locks.AbstractQueuedSynchronizer$ConditionObject.awaitNanos(AbstractQueuedSynchronizer.java:1672)
 java.base@17.0.8/java.util.concurrent.ScheduledThreadPoolExecutor$DelayedWorkQueue.take(ScheduledThreadPoolExecutor.java:1182)
 java.base@17.0.8/java.util.concurrent.ScheduledThreadPoolExecutor$DelayedWorkQueue.take(ScheduledThreadPoolExecutor.java:899)
 java.base@17.0.8/java.util.concurrent.ThreadPoolExecutor.getTask(ThreadPoolExecutor.java:1062)
 java.base@17.0.8/java.util.concurrent.ThreadPoolExecutor.runWorker(ThreadPoolExecutor.java:1122)
 java.base@17.0.8/java.util.concurrent.ThreadPoolExecutor$Worker.run(ThreadPoolExecutor.java:635)
 java.base@17.0.8/java.lang.Thread.run(Thread.java:833)
15:11:42.626 [Thread-21] INFO  org.apache.coyote.http11.Http11NioProtocol - log:173 - Stopping ProtocolHandler ["http-nio-8009"]
15:11:42.627 [Thread-21] INFO  org.apache.coyote.http11.Http11NioProtocol - log:173 - Destroying ProtocolHandler ["http-nio-8009"]
15:11:42.629 [Thread-21] INFO  com.zaxxer.hikari.HikariDataSource - close:350 - HikariPool-4 - Shutdown initiated...
15:11:42.682 [Thread-21] INFO  com.zaxxer.hikari.HikariDataSource - close:352 - HikariPool-4 - Shutdown completed.
15:11:43.707 [restartedMain] INFO  nex.vts.backend.VtsBackendApplication - logStarting:51 - Starting VtsBackendApplication using Java 17.0.8 with PID 17460 (C:\Users\obydu\InteljProject\vts_backend\target\classes started by obydu in C:\Users\obydu\InteljProject\vts_backend)
15:11:43.708 [restartedMain] DEBUG nex.vts.backend.VtsBackendApplication - logStarting:52 - Running with Spring Boot v3.0.1, Spring v6.0.3
15:11:43.708 [restartedMain] INFO  nex.vts.backend.VtsBackendApplication - logStartupProfileInfo:636 - The following 1 profile is active: "m2m"
15:11:43.862 [restartedMain] INFO  o.s.d.r.config.RepositoryConfigurationDelegate - registerRepositoriesIn:138 - Bootstrapping Spring Data JDBC repositories in DEFAULT mode.
15:11:43.879 [restartedMain] INFO  o.s.d.r.config.RepositoryConfigurationDelegate - registerRepositoriesIn:208 - Finished Spring Data repository scanning in 17 ms. Found 1 JDBC repository interfaces.
15:11:43.976 [restartedMain] INFO  o.s.boot.web.embedded.tomcat.TomcatWebServer - initialize:108 - Tomcat initialized with port(s): 8009 (http)
15:11:43.977 [restartedMain] INFO  org.apache.coyote.http11.Http11NioProtocol - log:173 - Initializing ProtocolHandler ["http-nio-8009"]
15:11:43.977 [restartedMain] INFO  org.apache.catalina.core.StandardService - log:173 - Starting service [Tomcat]
15:11:43.977 [restartedMain] INFO  org.apache.catalina.core.StandardEngine - log:173 - Starting Servlet engine: [Apache Tomcat/10.1.4]
15:11:43.993 [restartedMain] INFO  o.a.c.core.ContainerBase.[Tomcat].[localhost].[/] - log:173 - Initializing Spring embedded WebApplicationContext
15:11:43.993 [restartedMain] INFO  o.s.b.w.s.c.ServletWebServerApplicationContext - prepareWebApplicationContext:291 - Root WebApplicationContext: initialization completed in 284 ms
15:11:44.069 [restartedMain] WARN  com.zaxxer.hikari.HikariConfig - validateNumerics:1039 - HikariPool-5 - maxLifetime is less than 30000ms, setting to default 1800000ms.
15:11:44.069 [restartedMain] INFO  com.zaxxer.hikari.HikariDataSource - getConnection:110 - HikariPool-5 - Starting...
15:11:44.243 [restartedMain] INFO  com.zaxxer.hikari.pool.HikariPool - checkFailFast:565 - HikariPool-5 - Added connection oracle.jdbc.driver.T4CConnection@2e47435
15:11:44.244 [restartedMain] INFO  com.zaxxer.hikari.HikariDataSource - getConnection:123 - HikariPool-5 - Start completed.
15:11:44.273 [restartedMain] DEBUG nex.vts.backend.filter.JwtAuthFilter - init:240 - Filter 'jwtAuthFilter' configured for use
15:11:44.387 [restartedMain] INFO  o.s.security.web.DefaultSecurityFilterChain - <init>:54 - Will secure any request with [org.springframework.security.web.session.DisableEncodeUrlFilter@ccacbf8, org.springframework.security.web.context.request.async.WebAsyncManagerIntegrationFilter@5b1d594d, org.springframework.security.web.context.SecurityContextHolderFilter@30b7ef79, org.springframework.security.web.header.HeaderWriterFilter@3b89c514, org.springframework.security.web.authentication.logout.LogoutFilter@18d9eb3f, nex.vts.backend.filter.JwtAuthFilter@3279bc9d, org.springframework.security.web.savedrequest.RequestCacheAwareFilter@7ee8fa34, org.springframework.security.web.servletapi.SecurityContextHolderAwareRequestFilter@b3c2198, org.springframework.security.web.authentication.AnonymousAuthenticationFilter@36731aaf, org.springframework.security.web.session.SessionManagementFilter@55b93065, org.springframework.security.web.access.ExceptionTranslationFilter@54c35a49, org.springframework.security.web.access.intercept.AuthorizationFilter@4b034e18]
15:11:44.441 [restartedMain] INFO  o.s.b.d.autoconfigure.OptionalLiveReloadServer - startServer:59 - LiveReload server is running on port 35729
15:11:44.474 [restartedMain] INFO  org.apache.coyote.http11.Http11NioProtocol - log:173 - Starting ProtocolHandler ["http-nio-8009"]
15:11:44.477 [restartedMain] INFO  o.s.boot.web.embedded.tomcat.TomcatWebServer - start:220 - Tomcat started on port(s): 8009 (http) with context path ''
15:11:44.481 [restartedMain] INFO  nex.vts.backend.VtsBackendApplication - logStarted:57 - Started VtsBackendApplication in 1.763 seconds (process running for 227.682)
15:11:44.483 [restartedMain] INFO  o.s.b.d.a.ConditionEvaluationDeltaLoggingListener - onApplicationEvent:63 - Condition evaluation unchanged
15:12:00.925 [restartedMain] INFO  i.l.l.s.o.k.m.internal.SourceInvocationHandler - lookupCollectorClass:134 - Unable to find collector for io.logz.logback-appender.sender.org.kairosdb.bigqueue.metrics.BigArrayStats.appendData
15:12:00.920 [restartedMain] INFO  nex.vts.backend.VtsBackendApplication - logStarting:51 - Starting VtsBackendApplication using Java 17.0.8 with PID 19236 (C:\Users\obydu\InteljProject\vts_backend\target\classes started by obydu in C:\Users\obydu\InteljProject\vts_backend)
15:12:00.926 [restartedMain] DEBUG nex.vts.backend.VtsBackendApplication - logStarting:52 - Running with Spring Boot v3.0.1, Spring v6.0.3
15:12:00.928 [restartedMain] INFO  nex.vts.backend.VtsBackendApplication - logStartupProfileInfo:636 - The following 1 profile is active: "m2m"
15:12:00.956 [restartedMain] WARN  o.s.core.annotation.AnnotationTypeMapping - addConventionMappings:320 - Support for convention-based annotation attribute overrides is deprecated and will be removed in Spring Framework 6.1. Please annotate the following attributes in @org.springframework.retry.annotation.EnableRetry with appropriate @AliasFor declarations: [proxyTargetClass]
15:12:00.967 [restartedMain] INFO  o.s.boot.devtools.restart.ChangeableUrls - logTo:250 - The Class-Path manifest attribute in C:\Users\obydu\.m2\repository\com\oracle\database\jdbc\ojdbc8\21.7.0.0\ojdbc8-21.7.0.0.jar referenced one or more files that do not exist: file:/C:/Users/obydu/.m2/repository/com/oracle/database/jdbc/ojdbc8/21.7.0.0/oraclepki.jar
15:12:00.968 [restartedMain] INFO  o.s.b.d.env.DevToolsPropertyDefaultsPostProcessor - logTo:250 - Devtools property defaults active! Set 'spring.devtools.add-properties' to 'false' to disable
15:12:00.968 [restartedMain] INFO  o.s.b.d.env.DevToolsPropertyDefaultsPostProcessor - logTo:250 - For additional web related logging consider setting the 'logging.level.web' property to 'DEBUG'
15:12:01.596 [restartedMain] INFO  o.s.d.r.config.RepositoryConfigurationDelegate - registerRepositoriesIn:138 - Bootstrapping Spring Data JDBC repositories in DEFAULT mode.
15:12:01.659 [restartedMain] INFO  o.s.d.r.config.RepositoryConfigurationDelegate - registerRepositoriesIn:208 - Finished Spring Data repository scanning in 57 ms. Found 1 JDBC repository interfaces.
15:12:02.536 [restartedMain] INFO  o.s.boot.web.embedded.tomcat.TomcatWebServer - initialize:108 - Tomcat initialized with port(s): 8009 (http)
15:12:02.546 [restartedMain] INFO  org.apache.coyote.http11.Http11NioProtocol - log:173 - Initializing ProtocolHandler ["http-nio-8009"]
15:12:02.548 [restartedMain] INFO  org.apache.catalina.core.StandardService - log:173 - Starting service [Tomcat]
15:12:02.549 [restartedMain] INFO  org.apache.catalina.core.StandardEngine - log:173 - Starting Servlet engine: [Apache Tomcat/10.1.4]
15:12:02.618 [restartedMain] INFO  o.a.c.core.ContainerBase.[Tomcat].[localhost].[/] - log:173 - Initializing Spring embedded WebApplicationContext
15:12:02.619 [restartedMain] INFO  o.s.b.w.s.c.ServletWebServerApplicationContext - prepareWebApplicationContext:291 - Root WebApplicationContext: initialization completed in 1650 ms
15:12:02.915 [restartedMain] INFO  com.zaxxer.hikari.HikariDataSource - getConnection:110 - HikariPool-1 - Starting...
15:12:03.417 [restartedMain] INFO  com.zaxxer.hikari.pool.HikariPool - checkFailFast:565 - HikariPool-1 - Added connection oracle.jdbc.driver.T4CConnection@51ae7cb
15:12:03.422 [restartedMain] INFO  com.zaxxer.hikari.HikariDataSource - getConnection:123 - HikariPool-1 - Start completed.
15:12:03.551 [restartedMain] DEBUG nex.vts.backend.filter.JwtAuthFilter - init:240 - Filter 'jwtAuthFilter' configured for use
15:12:03.892 [restartedMain] INFO  o.s.security.web.DefaultSecurityFilterChain - <init>:54 - Will secure any request with [org.springframework.security.web.session.DisableEncodeUrlFilter@1ad829e5, org.springframework.security.web.context.request.async.WebAsyncManagerIntegrationFilter@724d7d79, org.springframework.security.web.context.SecurityContextHolderFilter@1e4b8338, org.springframework.security.web.header.HeaderWriterFilter@7b93df06, org.springframework.security.web.authentication.logout.LogoutFilter@e240b54, nex.vts.backend.filter.JwtAuthFilter@799e9be7, org.springframework.security.web.savedrequest.RequestCacheAwareFilter@34329887, org.springframework.security.web.servletapi.SecurityContextHolderAwareRequestFilter@5114ae7d, org.springframework.security.web.authentication.AnonymousAuthenticationFilter@304496f3, org.springframework.security.web.session.SessionManagementFilter@690cb1b7, org.springframework.security.web.access.ExceptionTranslationFilter@7fabd740, org.springframework.security.web.access.intercept.AuthorizationFilter@3a6a42ed]
15:12:04.136 [restartedMain] INFO  o.s.b.d.autoconfigure.OptionalLiveReloadServer - startServer:59 - LiveReload server is running on port 35729
15:12:04.284 [restartedMain] INFO  org.apache.coyote.http11.Http11NioProtocol - log:173 - Starting ProtocolHandler ["http-nio-8009"]
15:12:04.301 [restartedMain] INFO  o.s.boot.web.embedded.tomcat.TomcatWebServer - start:220 - Tomcat started on port(s): 8009 (http) with context path ''
15:12:04.309 [restartedMain] INFO  nex.vts.backend.VtsBackendApplication - logStarted:57 - Started VtsBackendApplication in 4.016 seconds (process running for 4.676)
