01:32:19.325 [restartedMain] INFO  nex.vts.backend.VtsBackendApplication - logStarting:51 - Starting VtsBackendApplication using Java 17.0.8 with PID 3144 (C:\Users\maruf\Documents\intelllij_code\Team_Work_Project\vts_back-end_repo\target\classes started by maruf in C:\Users\maruf\Documents\intelllij_code\Team_Work_Project\vts_back-end_repo)
01:32:19.330 [restartedMain] DEBUG nex.vts.backend.VtsBackendApplication - logStarting:52 - Running with Spring Boot v3.0.1, Spring v6.0.3
01:32:19.334 [restartedMain] INFO  nex.vts.backend.VtsBackendApplication - logStartupProfileInfo:636 - The following 1 profile is active: "m2m"
01:32:19.386 [restartedMain] WARN  o.s.core.annotation.AnnotationTypeMapping - addConventionMappings:320 - Support for convention-based annotation attribute overrides is deprecated and will be removed in Spring Framework 6.1. Please annotate the following attributes in @org.springframework.retry.annotation.EnableRetry with appropriate @AliasFor declarations: [proxyTargetClass]
01:32:19.403 [restartedMain] INFO  o.s.boot.devtools.restart.ChangeableUrls - logTo:250 - The Class-Path manifest attribute in C:\Users\maruf\.m2\repository\com\oracle\database\jdbc\ojdbc8\21.7.0.0\ojdbc8-21.7.0.0.jar referenced one or more files that do not exist: file:/C:/Users/maruf/.m2/repository/com/oracle/database/jdbc/ojdbc8/21.7.0.0/oraclepki.jar
01:32:19.403 [restartedMain] INFO  o.s.b.d.env.DevToolsPropertyDefaultsPostProcessor - logTo:250 - Devtools property defaults active! Set 'spring.devtools.add-properties' to 'false' to disable
01:32:19.403 [restartedMain] INFO  o.s.b.d.env.DevToolsPropertyDefaultsPostProcessor - logTo:250 - For additional web related logging consider setting the 'logging.level.web' property to 'DEBUG'
01:32:22.035 [restartedMain] INFO  o.s.d.r.config.RepositoryConfigurationDelegate - registerRepositoriesIn:138 - Bootstrapping Spring Data JDBC repositories in DEFAULT mode.
01:32:22.078 [restartedMain] INFO  o.s.d.r.config.RepositoryConfigurationDelegate - registerRepositoriesIn:208 - Finished Spring Data repository scanning in 34 ms. Found 0 JDBC repository interfaces.
01:32:22.825 [restartedMain] INFO  o.s.b.w.e.jetty.JettyServletWebServerFactory - getWebServer:164 - Server initialized with port: 8009
01:32:22.829 [restartedMain] INFO  org.eclipse.jetty.server.Server - doStart:384 - jetty-11.0.13; built: 2022-12-07T20:47:15.149Z; git: a04bd1ccf844cf9bebc12129335d7493111cbff6; jvm 17.0.8+9-LTS-211
01:32:22.886 [restartedMain] INFO  o.e.j.server.handler.ContextHandler.application - log:2349 - Initializing Spring embedded WebApplicationContext
01:32:22.886 [restartedMain] INFO  o.s.b.w.s.c.ServletWebServerApplicationContext - prepareWebApplicationContext:291 - Root WebApplicationContext: initialization completed in 3483 ms
01:32:23.239 [restartedMain] INFO  com.zaxxer.hikari.HikariDataSource - getConnection:110 - HikariPool-1 - Starting...
01:32:23.946 [restartedMain] INFO  com.zaxxer.hikari.pool.HikariPool - checkFailFast:565 - HikariPool-1 - Added connection oracle.jdbc.driver.T4CConnection@75f87e6c
01:32:23.946 [restartedMain] INFO  com.zaxxer.hikari.HikariDataSource - getConnection:123 - HikariPool-1 - Start completed.
01:32:24.106 [restartedMain] INFO  o.e.jetty.server.session.DefaultSessionIdManager - doStart:332 - Session workerName=node0
01:32:24.114 [restartedMain] INFO  org.eclipse.jetty.server.handler.ContextHandler - doStart:906 - Started o.s.b.w.e.j.JettyEmbeddedWebAppContext@50100685{application,/,[file:///C:/Users/maruf/AppData/Local/Temp/jetty-docbase.8009.9394391348939408807/],AVAILABLE}
01:32:24.118 [restartedMain] INFO  org.eclipse.jetty.server.Server - doStart:439 - Started Server@2e5d3c49{STARTING}[11.0.13,sto=0] @7131ms
01:32:24.649 [restartedMain] INFO  o.s.security.web.DefaultSecurityFilterChain - <init>:54 - Will secure any request with [org.springframework.security.web.session.DisableEncodeUrlFilter@3e66e641, org.springframework.security.web.context.request.async.WebAsyncManagerIntegrationFilter@ea6c4e8, org.springframework.security.web.context.SecurityContextHolderFilter@5caffc3f, org.springframework.security.web.header.HeaderWriterFilter@39c0a8c6, org.springframework.security.web.authentication.logout.LogoutFilter@5f347f46, nex.vts.backend.filter.JwtAuthFilter@472d7467, org.springframework.security.web.savedrequest.RequestCacheAwareFilter@3c563848, org.springframework.security.web.servletapi.SecurityContextHolderAwareRequestFilter@205ea441, org.springframework.security.web.authentication.AnonymousAuthenticationFilter@46d951d0, org.springframework.security.web.session.SessionManagementFilter@6a431351, org.springframework.security.web.access.ExceptionTranslationFilter@5aa873c2, org.springframework.security.web.access.intercept.AuthorizationFilter@7a594520]
01:32:24.972 [restartedMain] INFO  o.s.b.d.autoconfigure.OptionalLiveReloadServer - startServer:59 - LiveReload server is running on port 35729
01:32:25.020 [restartedMain] DEBUG nex.vts.backend.filter.JwtAuthFilter - init:240 - Filter 'jwtAuthFilter' configured for use
01:32:25.020 [restartedMain] INFO  o.e.j.server.handler.ContextHandler.application - log:2349 - Initializing Spring DispatcherServlet 'dispatcherServlet'
01:32:25.020 [restartedMain] INFO  org.springframework.web.servlet.DispatcherServlet - initServletBean:532 - Initializing Servlet 'dispatcherServlet'
01:32:25.020 [restartedMain] INFO  org.springframework.web.servlet.DispatcherServlet - initServletBean:554 - Completed initialization in 0 ms
01:32:25.066 [restartedMain] INFO  org.eclipse.jetty.server.AbstractConnector - doStart:376 - Started ServerConnector@264e13fd{HTTP/1.1, (http/1.1)}{0.0.0.0:8009}
01:32:25.067 [restartedMain] INFO  o.s.boot.web.embedded.jetty.JettyWebServer - start:171 - Jetty started on port(s) 8009 (http/1.1) with context path '/'
01:32:25.082 [restartedMain] INFO  nex.vts.backend.VtsBackendApplication - logStarted:57 - Started VtsBackendApplication in 6.442 seconds (process running for 8.102)
01:32:30.138 [qtp719151027-43] TRACE nex.vts.backend.repoImpl.RepoVtsLoginUser - findByUserName:28 - Executing query to find user by username: QCTESTMITHU
01:32:30.141 [qtp719151027-43] DEBUG org.springframework.jdbc.core.JdbcTemplate - query:711 - Executing prepared SQL query
01:32:30.142 [qtp719151027-43] DEBUG org.springframework.jdbc.core.JdbcTemplate - execute:643 - Executing prepared SQL statement [
SELECT ID,
       USERNAME,
       PASSWORD,
       PROFILE_ID,
       MAIN_ACCOUNT_ID,
       USER_TYPE,
       ROLE_ID,
       IS_ACCOUNT_ACTIVE,
       IS_REMOTE_ACCESS_ENABLED,
       PARENT_PROFILE_ID,
       OPERATORID,
          LPAD (OPERATORID, 2, '0')
       || LPAD (DECODE (USER_TYPE, 1, PROFILE_ID, MAIN_ACCOUNT_ID), 6, '0')    CUSTOMER_ID
  FROM (SELECT ID,
               USERNAME,
               PASSWORD,
               PROFILE_ID,
               MAIN_ACCOUNT_ID,
               USER_TYPE,
               ROLE_ID,
               IS_ACCOUNT_ACTIVE,
               IS_REMOTE_ACCESS_ENABLED,
               PARENT_PROFILE_ID,
               OPERATORID
          FROM vts_login_user
         WHERE IS_ACCOUNT_ACTIVE = 1 and OPERATORID = 3and USERNAME = 'QCTESTMITHU' AND PASSWORD = '87654321')]
01:32:30.542 [qtp719151027-43] DEBUG nex.vts.backend.repoImpl.RepoNexIndividualClient - getParentProfileIdOfIndividualClient:20 - Executing query to get parent profile id of individual client 17167
01:32:30.544 [qtp719151027-43] DEBUG org.springframework.jdbc.core.JdbcTemplate - query:711 - Executing prepared SQL query
01:32:30.545 [qtp719151027-43] DEBUG org.springframework.jdbc.core.JdbcTemplate - execute:643 - Executing prepared SQL statement [SELECT COMPANY_ID AS PARENT_PROFILE_ID FROM NEX_INDIVIDUAL_CLIENT WHERE ID = ? AND USERID = ? AND PASSWORD = ? AND ACTIVATION = 1 AND IND_LOGIN = 1 AND OPERATORID = ?]
01:33:05.638 [qtp719151027-37] TRACE nex.vts.backend.repoImpl.RepoVtsLoginUser - findByUserName:28 - Executing query to find user by username: QCTESTMITHU
01:33:05.639 [qtp719151027-37] DEBUG org.springframework.jdbc.core.JdbcTemplate - query:711 - Executing prepared SQL query
01:33:05.640 [qtp719151027-37] DEBUG org.springframework.jdbc.core.JdbcTemplate - execute:643 - Executing prepared SQL statement [
SELECT ID,
       USERNAME,
       PASSWORD,
       PROFILE_ID,
       MAIN_ACCOUNT_ID,
       USER_TYPE,
       ROLE_ID,
       IS_ACCOUNT_ACTIVE,
       IS_REMOTE_ACCESS_ENABLED,
       PARENT_PROFILE_ID,
       OPERATORID,
          LPAD (OPERATORID, 2, '0')
       || LPAD (DECODE (USER_TYPE, 1, PROFILE_ID, MAIN_ACCOUNT_ID), 6, '0')    CUSTOMER_ID
  FROM (SELECT ID,
               USERNAME,
               PASSWORD,
               PROFILE_ID,
               MAIN_ACCOUNT_ID,
               USER_TYPE,
               ROLE_ID,
               IS_ACCOUNT_ACTIVE,
               IS_REMOTE_ACCESS_ENABLED,
               PARENT_PROFILE_ID,
               OPERATORID
          FROM vts_login_user
         WHERE USERNAME = 'QCTESTMITHU' )]
01:33:05.729 [qtp719151027-37] TRACE nex.vts.backend.repoImpl.RepoVtsLoginUser - findByUserName:28 - Executing query to find user by username: QCTESTMITHU
01:33:05.731 [qtp719151027-37] DEBUG org.springframework.jdbc.core.JdbcTemplate - query:711 - Executing prepared SQL query
01:33:05.731 [qtp719151027-37] DEBUG org.springframework.jdbc.core.JdbcTemplate - execute:643 - Executing prepared SQL statement [
SELECT ID,
       USERNAME,
       PASSWORD,
       PROFILE_ID,
       MAIN_ACCOUNT_ID,
       USER_TYPE,
       ROLE_ID,
       IS_ACCOUNT_ACTIVE,
       IS_REMOTE_ACCESS_ENABLED,
       PARENT_PROFILE_ID,
       OPERATORID,
          LPAD (OPERATORID, 2, '0')
       || LPAD (DECODE (USER_TYPE, 1, PROFILE_ID, MAIN_ACCOUNT_ID), 6, '0')    CUSTOMER_ID
  FROM (SELECT ID,
               USERNAME,
               PASSWORD,
               PROFILE_ID,
               MAIN_ACCOUNT_ID,
               USER_TYPE,
               ROLE_ID,
               IS_ACCOUNT_ACTIVE,
               IS_REMOTE_ACCESS_ENABLED,
               PARENT_PROFILE_ID,
               OPERATORID
          FROM vts_login_user
         WHERE USERNAME = 'QCTESTMITHU' )]
01:33:05.750 [qtp719151027-37] DEBUG org.springframework.jdbc.core.JdbcTemplate - query:711 - Executing prepared SQL query
01:33:05.751 [qtp719151027-37] DEBUG org.springframework.jdbc.core.JdbcTemplate - execute:643 - Executing prepared SQL statement [select v.ID                      VEHICLEID,
       v.USERID                  USERID,
       v.FULL_NAME               FULL_NAME,
       v.CELL_PHONE              CELL_PHONE,
       v.CAR_COLOUR              CAR_COLOUR,
       v.CAR_VENDOR              CAR_VENDOR,
       v.CAR_MODEL               CAR_MODEL,
       v.CUSTOM_USERID           CUSTOM_USERID,
       v.EMAIL                   EMAIL,
       v.ICON_TYPE               ICON_TYPE,
       v.ICON_TYPE_ON_MAP        ICON_TYPE_ON_MAP,
       v.ICON_TYPE_RUNNING       ICON_TYPE_RUNNING,
       v.ICON_TYPE_STOPPED       ICON_TYPE_STOPPED,
       v.ICON_TYPE_STATIONARY    ICON_TYPE_STATIONARY,
       v.ICON_TYPE_OVERSPEED     ICON_TYPE_OVERSPEED,
       v.VEHICLE_IMAGE           VEHICLE_IMAGE,
       d.ID                      DRIVER_ID,
       d.D_NAME                  D_NAME,
       d.D_FNAME                 D_FNAME,
       d.D_LICENSE               D_LICENSE,
       d.D_ADDRESS               D_ADDRESS,
       d.D_CELL                  D_CELL,
       d.MAX_CAR_SPEED           MAX_CAR_SPEED,
       LENGTH(d.DRIVER_PHOTO) as DRIVER_PHOTO,
       d.CAR_IMAGE
FROM NEX_INDIVIDUAL_CLIENT v
         LEFT JOIN NEX_DRIVERINFO d ON v.ID = d.USERID
WHERE v.ID = ?]
01:33:05.826 [qtp719151027-37] DEBUG org.springframework.jdbc.core.JdbcTemplate - query:711 - Executing prepared SQL query
01:33:05.827 [qtp719151027-37] DEBUG org.springframework.jdbc.core.JdbcTemplate - execute:643 - Executing prepared SQL statement [select v.ID                      VEHICLEID,
       v.USERID                  USERID,
       v.FULL_NAME               FULL_NAME,
       v.CELL_PHONE              CELL_PHONE,
       v.CAR_COLOUR              CAR_COLOUR,
       v.CAR_VENDOR              CAR_VENDOR,
       v.CAR_MODEL               CAR_MODEL,
       v.CUSTOM_USERID           CUSTOM_USERID,
       v.EMAIL                   EMAIL,
       v.ICON_TYPE               ICON_TYPE,
       v.ICON_TYPE_ON_MAP        ICON_TYPE_ON_MAP,
       v.ICON_TYPE_RUNNING       ICON_TYPE_RUNNING,
       v.ICON_TYPE_STOPPED       ICON_TYPE_STOPPED,
       v.ICON_TYPE_STATIONARY    ICON_TYPE_STATIONARY,
       v.ICON_TYPE_OVERSPEED     ICON_TYPE_OVERSPEED,
       v.VEHICLE_IMAGE           VEHICLE_IMAGE,
       d.ID                      DRIVER_ID,
       d.D_NAME                  D_NAME,
       d.D_FNAME                 D_FNAME,
       d.D_LICENSE               D_LICENSE,
       d.D_ADDRESS               D_ADDRESS,
       d.D_CELL                  D_CELL,
       d.MAX_CAR_SPEED           MAX_CAR_SPEED,
       LENGTH(d.DRIVER_PHOTO) as DRIVER_PHOTO,
       d.CAR_IMAGE
FROM NEX_INDIVIDUAL_CLIENT v
         LEFT JOIN NEX_DRIVERINFO d ON v.ID = d.USERID
WHERE v.ID = ?]
01:33:29.282 [qtp719151027-43] TRACE nex.vts.backend.repoImpl.RepoVtsLoginUser - findByUserName:28 - Executing query to find user by username: QCTESTMITHU
01:33:29.283 [qtp719151027-43] DEBUG org.springframework.jdbc.core.JdbcTemplate - query:711 - Executing prepared SQL query
01:33:29.283 [qtp719151027-43] DEBUG org.springframework.jdbc.core.JdbcTemplate - execute:643 - Executing prepared SQL statement [
SELECT ID,
       USERNAME,
       PASSWORD,
       PROFILE_ID,
       MAIN_ACCOUNT_ID,
       USER_TYPE,
       ROLE_ID,
       IS_ACCOUNT_ACTIVE,
       IS_REMOTE_ACCESS_ENABLED,
       PARENT_PROFILE_ID,
       OPERATORID,
          LPAD (OPERATORID, 2, '0')
       || LPAD (DECODE (USER_TYPE, 1, PROFILE_ID, MAIN_ACCOUNT_ID), 6, '0')    CUSTOMER_ID
  FROM (SELECT ID,
               USERNAME,
               PASSWORD,
               PROFILE_ID,
               MAIN_ACCOUNT_ID,
               USER_TYPE,
               ROLE_ID,
               IS_ACCOUNT_ACTIVE,
               IS_REMOTE_ACCESS_ENABLED,
               PARENT_PROFILE_ID,
               OPERATORID
          FROM vts_login_user
         WHERE USERNAME = 'QCTESTMITHU' )]
01:33:32.383 [qtp719151027-43] TRACE nex.vts.backend.repoImpl.RepoVtsLoginUser - findByUserName:28 - Executing query to find user by username: QCTESTMITHU
01:33:32.384 [qtp719151027-43] DEBUG org.springframework.jdbc.core.JdbcTemplate - query:711 - Executing prepared SQL query
01:33:32.384 [qtp719151027-43] DEBUG org.springframework.jdbc.core.JdbcTemplate - execute:643 - Executing prepared SQL statement [
SELECT ID,
       USERNAME,
       PASSWORD,
       PROFILE_ID,
       MAIN_ACCOUNT_ID,
       USER_TYPE,
       ROLE_ID,
       IS_ACCOUNT_ACTIVE,
       IS_REMOTE_ACCESS_ENABLED,
       PARENT_PROFILE_ID,
       OPERATORID,
          LPAD (OPERATORID, 2, '0')
       || LPAD (DECODE (USER_TYPE, 1, PROFILE_ID, MAIN_ACCOUNT_ID), 6, '0')    CUSTOMER_ID
  FROM (SELECT ID,
               USERNAME,
               PASSWORD,
               PROFILE_ID,
               MAIN_ACCOUNT_ID,
               USER_TYPE,
               ROLE_ID,
               IS_ACCOUNT_ACTIVE,
               IS_REMOTE_ACCESS_ENABLED,
               PARENT_PROFILE_ID,
               OPERATORID
          FROM vts_login_user
         WHERE USERNAME = 'QCTESTMITHU' )]
01:33:32.402 [qtp719151027-43] DEBUG org.springframework.jdbc.core.JdbcTemplate - query:711 - Executing prepared SQL query
01:33:32.402 [qtp719151027-43] DEBUG org.springframework.jdbc.core.JdbcTemplate - execute:643 - Executing prepared SQL statement [select v.ID                      VEHICLEID,
       v.USERID                  USERID,
       v.FULL_NAME               FULL_NAME,
       v.CELL_PHONE              CELL_PHONE,
       v.CAR_COLOUR              CAR_COLOUR,
       v.CAR_VENDOR              CAR_VENDOR,
       v.CAR_MODEL               CAR_MODEL,
       v.CUSTOM_USERID           CUSTOM_USERID,
       v.EMAIL                   EMAIL,
       v.ICON_TYPE               ICON_TYPE,
       v.ICON_TYPE_ON_MAP        ICON_TYPE_ON_MAP,
       v.ICON_TYPE_RUNNING       ICON_TYPE_RUNNING,
       v.ICON_TYPE_STOPPED       ICON_TYPE_STOPPED,
       v.ICON_TYPE_STATIONARY    ICON_TYPE_STATIONARY,
       v.ICON_TYPE_OVERSPEED     ICON_TYPE_OVERSPEED,
       v.VEHICLE_IMAGE           VEHICLE_IMAGE,
       d.ID                      DRIVER_ID,
       d.D_NAME                  D_NAME,
       d.D_FNAME                 D_FNAME,
       d.D_LICENSE               D_LICENSE,
       d.D_ADDRESS               D_ADDRESS,
       d.D_CELL                  D_CELL,
       d.MAX_CAR_SPEED           MAX_CAR_SPEED,
       LENGTH(d.DRIVER_PHOTO) as DRIVER_PHOTO,
       d.CAR_IMAGE
FROM NEX_INDIVIDUAL_CLIENT v
         LEFT JOIN NEX_DRIVERINFO d ON v.ID = d.USERID
WHERE v.ID = ?]
01:33:35.701 [qtp719151027-43] DEBUG org.springframework.jdbc.core.JdbcTemplate - query:711 - Executing prepared SQL query
01:33:35.702 [qtp719151027-43] DEBUG org.springframework.jdbc.core.JdbcTemplate - execute:643 - Executing prepared SQL statement [select v.ID                      VEHICLEID,
       v.USERID                  USERID,
       v.FULL_NAME               FULL_NAME,
       v.CELL_PHONE              CELL_PHONE,
       v.CAR_COLOUR              CAR_COLOUR,
       v.CAR_VENDOR              CAR_VENDOR,
       v.CAR_MODEL               CAR_MODEL,
       v.CUSTOM_USERID           CUSTOM_USERID,
       v.EMAIL                   EMAIL,
       v.ICON_TYPE               ICON_TYPE,
       v.ICON_TYPE_ON_MAP        ICON_TYPE_ON_MAP,
       v.ICON_TYPE_RUNNING       ICON_TYPE_RUNNING,
       v.ICON_TYPE_STOPPED       ICON_TYPE_STOPPED,
       v.ICON_TYPE_STATIONARY    ICON_TYPE_STATIONARY,
       v.ICON_TYPE_OVERSPEED     ICON_TYPE_OVERSPEED,
       v.VEHICLE_IMAGE           VEHICLE_IMAGE,
       d.ID                      DRIVER_ID,
       d.D_NAME                  D_NAME,
       d.D_FNAME                 D_FNAME,
       d.D_LICENSE               D_LICENSE,
       d.D_ADDRESS               D_ADDRESS,
       d.D_CELL                  D_CELL,
       d.MAX_CAR_SPEED           MAX_CAR_SPEED,
       LENGTH(d.DRIVER_PHOTO) as DRIVER_PHOTO,
       d.CAR_IMAGE
FROM NEX_INDIVIDUAL_CLIENT v
         LEFT JOIN NEX_DRIVERINFO d ON v.ID = d.USERID
WHERE v.ID = ?]
01:38:32.627 [SpringApplicationShutdownHook] INFO  org.eclipse.jetty.server.Server - doStop:479 - Stopped Server@2e5d3c49{STOPPING}[11.0.13,sto=0]
01:38:32.657 [SpringApplicationShutdownHook] INFO  org.eclipse.jetty.server.AbstractConnector - doStop:431 - Stopped ServerConnector@264e13fd{HTTP/1.1, (http/1.1)}{0.0.0.0:8009}
01:38:32.675 [SpringApplicationShutdownHook] INFO  o.e.j.server.handler.ContextHandler.application - log:2349 - Destroying Spring FrameworkServlet 'dispatcherServlet'
01:38:32.686 [SpringApplicationShutdownHook] INFO  org.eclipse.jetty.server.handler.ContextHandler - doStop:1122 - Stopped o.s.b.w.e.j.JettyEmbeddedWebAppContext@50100685{application,/,[file:///C:/Users/maruf/AppData/Local/Temp/jetty-docbase.8009.9394391348939408807/],STOPPED}
01:38:32.720 [SpringApplicationShutdownHook] INFO  com.zaxxer.hikari.HikariDataSource - close:350 - HikariPool-1 - Shutdown initiated...
01:38:32.744 [SpringApplicationShutdownHook] INFO  com.zaxxer.hikari.HikariDataSource - close:352 - HikariPool-1 - Shutdown completed.
