18:15:50.845 [restartedMain] INFO  nex.vts.backend.VtsBackendApplication - logStarting:51 - Starting VtsBackendApplication using Java 19 with PID 16140 (D:\ATM_Java\Office_Nexdecade\VTS_BackEnd_Repo\VTS_BackEnd_Repo\vts_back-end_repo\target\classes started by User in D:\ATM_Java\Office_Nexdecade\VTS_BackEnd_Repo\VTS_BackEnd_Repo\vts_back-end_repo)
18:15:50.848 [restartedMain] DEBUG nex.vts.backend.VtsBackendApplication - logStarting:52 - Running with Spring Boot v3.0.1, Spring v6.0.3
18:15:50.849 [restartedMain] INFO  nex.vts.backend.VtsBackendApplication - logStartupProfileInfo:636 - The following 1 profile is active: "m2m"
18:15:51.010 [restartedMain] WARN  o.s.core.annotation.AnnotationTypeMapping - addConventionMappings:320 - Support for convention-based annotation attribute overrides is deprecated and will be removed in Spring Framework 6.1. Please annotate the following attributes in @org.springframework.retry.annotation.EnableRetry with appropriate @AliasFor declarations: [proxyTargetClass]
18:15:51.032 [restartedMain] INFO  o.s.boot.devtools.restart.ChangeableUrls - logTo:250 - The Class-Path manifest attribute in C:\Users\User\.m2\repository\com\oracle\database\jdbc\ojdbc8\21.7.0.0\ojdbc8-21.7.0.0.jar referenced one or more files that do not exist: file:/C:/Users/User/.m2/repository/com/oracle/database/jdbc/ojdbc8/21.7.0.0/oraclepki.jar
18:15:51.032 [restartedMain] INFO  o.s.b.d.env.DevToolsPropertyDefaultsPostProcessor - logTo:250 - Devtools property defaults active! Set 'spring.devtools.add-properties' to 'false' to disable
18:15:51.033 [restartedMain] INFO  o.s.b.d.env.DevToolsPropertyDefaultsPostProcessor - logTo:250 - For additional web related logging consider setting the 'logging.level.web' property to 'DEBUG'
18:15:52.222 [restartedMain] INFO  o.s.d.r.config.RepositoryConfigurationDelegate - registerRepositoriesIn:138 - Bootstrapping Spring Data JDBC repositories in DEFAULT mode.
18:15:52.335 [restartedMain] INFO  o.s.d.r.config.RepositoryConfigurationDelegate - registerRepositoriesIn:208 - Finished Spring Data repository scanning in 105 ms. Found 1 JDBC repository interfaces.
18:15:53.138 [restartedMain] INFO  o.s.boot.web.embedded.tomcat.TomcatWebServer - initialize:108 - Tomcat initialized with port(s): 8009 (http)
18:15:53.148 [restartedMain] INFO  org.apache.coyote.http11.Http11NioProtocol - log:173 - Initializing ProtocolHandler ["http-nio-8009"]
18:15:53.149 [restartedMain] INFO  org.apache.catalina.core.StandardService - log:173 - Starting service [Tomcat]
18:15:53.149 [restartedMain] INFO  org.apache.catalina.core.StandardEngine - log:173 - Starting Servlet engine: [Apache Tomcat/10.1.4]
18:15:53.216 [restartedMain] INFO  o.a.c.core.ContainerBase.[Tomcat].[localhost].[/] - log:173 - Initializing Spring embedded WebApplicationContext
18:15:53.217 [restartedMain] INFO  o.s.b.w.s.c.ServletWebServerApplicationContext - prepareWebApplicationContext:291 - Root WebApplicationContext: initialization completed in 2183 ms
18:15:53.587 [restartedMain] INFO  com.zaxxer.hikari.HikariDataSource - getConnection:110 - HikariPool-1 - Starting...
18:15:54.004 [restartedMain] INFO  com.zaxxer.hikari.pool.HikariPool - checkFailFast:565 - HikariPool-1 - Added connection oracle.jdbc.driver.T4CConnection@1b168613
18:15:54.007 [restartedMain] INFO  com.zaxxer.hikari.HikariDataSource - getConnection:123 - HikariPool-1 - Start completed.
18:15:54.095 [restartedMain] DEBUG nex.vts.backend.filter.JwtAuthFilter - init:240 - Filter 'jwtAuthFilter' configured for use
18:15:54.608 [restartedMain] INFO  o.s.security.web.DefaultSecurityFilterChain - <init>:54 - Will secure any request with [org.springframework.security.web.session.DisableEncodeUrlFilter@41537f4a, org.springframework.security.web.context.request.async.WebAsyncManagerIntegrationFilter@5d9e5b4b, org.springframework.security.web.context.SecurityContextHolderFilter@327b0565, org.springframework.security.web.header.HeaderWriterFilter@3de5de58, org.springframework.security.web.authentication.logout.LogoutFilter@50093149, nex.vts.backend.filter.JwtAuthFilter@2cb5e67b, org.springframework.security.web.savedrequest.RequestCacheAwareFilter@760d8478, org.springframework.security.web.servletapi.SecurityContextHolderAwareRequestFilter@60fc2a51, org.springframework.security.web.authentication.AnonymousAuthenticationFilter@539f1726, org.springframework.security.web.session.SessionManagementFilter@152dab05, org.springframework.security.web.access.ExceptionTranslationFilter@3d0e7ba3, org.springframework.security.web.access.intercept.AuthorizationFilter@46bb5d46]
18:15:54.940 [restartedMain] INFO  o.s.b.d.autoconfigure.OptionalLiveReloadServer - startServer:59 - LiveReload server is running on port 35729
18:15:55.114 [restartedMain] INFO  org.apache.coyote.http11.Http11NioProtocol - log:173 - Starting ProtocolHandler ["http-nio-8009"]
18:15:55.136 [restartedMain] INFO  o.s.boot.web.embedded.tomcat.TomcatWebServer - start:220 - Tomcat started on port(s): 8009 (http) with context path ''
18:15:55.151 [restartedMain] INFO  nex.vts.backend.VtsBackendApplication - logStarted:57 - Started VtsBackendApplication in 5.264 seconds (process running for 6.698)
18:16:52.738 [http-nio-8009-exec-1] INFO  o.a.c.core.ContainerBase.[Tomcat].[localhost].[/] - log:173 - Initializing Spring DispatcherServlet 'dispatcherServlet'
18:16:52.739 [http-nio-8009-exec-1] INFO  org.springframework.web.servlet.DispatcherServlet - initServletBean:532 - Initializing Servlet 'dispatcherServlet'
18:16:52.741 [http-nio-8009-exec-1] INFO  org.springframework.web.servlet.DispatcherServlet - initServletBean:554 - Completed initialization in 2 ms
18:16:52.859 [http-nio-8009-exec-1] TRACE nex.vts.backend.repoImpl.RepoVtsLoginUser - findByUserName:28 - Executing query to find user by username: integrated.security
18:16:52.861 [http-nio-8009-exec-1] DEBUG org.springframework.jdbc.core.JdbcTemplate - query:711 - Executing prepared SQL query
18:16:52.862 [http-nio-8009-exec-1] DEBUG org.springframework.jdbc.core.JdbcTemplate - execute:643 - Executing prepared SQL statement [
SELECT ID,
       USERNAME,
       PASSWORD,
       PROFILE_ID,
       MAIN_ACCOUNT_ID,
       USER_TYPE,
       ROLE_ID,
       IS_ACCOUNT_ACTIVE,
       IS_REMOTE_ACCESS_ENABLED,
       PARENT_PROFILE_ID,
       OPERATORID,
          LPAD (OPERATORID, 2, '0')
       || LPAD (DECODE (USER_TYPE, 1, PROFILE_ID, MAIN_ACCOUNT_ID), 6, '0')    CUSTOMER_ID
  FROM (SELECT ID,
               USERNAME,
               PASSWORD,
               PROFILE_ID,
               MAIN_ACCOUNT_ID,
               USER_TYPE,
               ROLE_ID,
               IS_ACCOUNT_ACTIVE,
               IS_REMOTE_ACCESS_ENABLED,
               PARENT_PROFILE_ID,
               OPERATORID
          FROM vts_login_user
         WHERE IS_ACCOUNT_ACTIVE = 1 and OPERATORID = 3and USERNAME = 'integrated.security' AND PASSWORD = 'i44s44s44ltd')]
18:16:53.283 [http-nio-8009-exec-1] DEBUG nex.vts.backend.repositories.LoginUserInformation - caseOneAccountInfo:57 - Executing query to get parent profile id of extended type client 7215
18:16:53.284 [http-nio-8009-exec-1] DEBUG org.springframework.jdbc.core.JdbcTemplate - query:711 - Executing prepared SQL query
18:16:53.284 [http-nio-8009-exec-1] DEBUG org.springframework.jdbc.core.JdbcTemplate - execute:643 - Executing prepared SQL statement [SELECT ID,
       USER_ID,
       COMPANY_NAME,
       CLIENT_TYPE,
       COMPANY_ADDRESS,
       ADDRESS2,
       COMPANY_CELL,
       COMPANY_TEL,
       COMPANY_EMAIL,
       ACTIVATION
  FROM nex_corporate_client
 WHERE     ID = ?
       AND USER_ID = ?
       AND PASSWORD = ?
       AND ACTIVATION = 1
       AND OPERATORID = 3]
18:18:49.334 [File Watcher] INFO  o.s.b.d.a.LocalDevToolsAutoConfiguration$RestartingClassPathChangeChangedEventListener - onApplicationEvent:211 - Restarting due to 201 class path changes (0 additions, 201 deletions, 0 modifications)
18:18:49.636 [Thread-7] INFO  org.apache.coyote.http11.Http11NioProtocol - log:173 - Pausing ProtocolHandler ["http-nio-8009"]
18:18:49.636 [Thread-7] INFO  org.apache.catalina.core.StandardService - log:173 - Stopping service [Tomcat]
18:18:49.638 [Thread-7] INFO  o.a.c.core.ContainerBase.[Tomcat].[localhost].[/] - log:173 - Destroying Spring FrameworkServlet 'dispatcherServlet'
18:18:49.659 [Thread-7] WARN  org.apache.catalina.loader.WebappClassLoaderBase - log:173 - The web application [ROOT] appears to have started a thread named [oracle.jdbc.driver.BlockSource.ThreadedCachingBlockSource.BlockReleaser] but has failed to stop it. This is very likely to create a memory leak. Stack trace of thread:
 java.base/jdk.internal.misc.Unsafe.park(Native Method)
 java.base/java.util.concurrent.locks.LockSupport.parkNanos(LockSupport.java:269)
 java.base/java.util.concurrent.locks.AbstractQueuedSynchronizer$ConditionObject.awaitNanos(AbstractQueuedSynchronizer.java:1674)
 oracle.jdbc.internal.Monitor$WaitableMonitor.monitorWait(Monitor.java:258)
 oracle.jdbc.internal.Monitor$WaitableMonitor.monitorWait(Monitor.java:240)
 oracle.jdbc.driver.BlockSource$ThreadedCachingBlockSource$BlockReleaser.run(BlockSource.java:345)
18:18:49.660 [Thread-7] WARN  org.apache.catalina.loader.WebappClassLoaderBase - log:173 - The web application [ROOT] appears to have started a thread named [InterruptTimer] but has failed to stop it. This is very likely to create a memory leak. Stack trace of thread:
 java.base/java.lang.Object.wait0(Native Method)
 java.base/java.lang.Object.wait(Object.java:366)
 java.base/java.util.TimerThread.mainLoop(Timer.java:563)
 java.base/java.util.TimerThread.run(Timer.java:516)
18:18:49.661 [Thread-7] WARN  org.apache.catalina.loader.WebappClassLoaderBase - log:173 - The web application [ROOT] appears to have started a thread named [HikariPool-1 housekeeper] but has failed to stop it. This is very likely to create a memory leak. Stack trace of thread:
 java.base/jdk.internal.misc.Unsafe.park(Native Method)
 java.base/java.util.concurrent.locks.LockSupport.parkNanos(LockSupport.java:269)
 java.base/java.util.concurrent.locks.AbstractQueuedSynchronizer$ConditionObject.awaitNanos(AbstractQueuedSynchronizer.java:1674)
 java.base/java.util.concurrent.ScheduledThreadPoolExecutor$DelayedWorkQueue.take(ScheduledThreadPoolExecutor.java:1182)
 java.base/java.util.concurrent.ScheduledThreadPoolExecutor$DelayedWorkQueue.take(ScheduledThreadPoolExecutor.java:899)
 java.base/java.util.concurrent.ThreadPoolExecutor.getTask(ThreadPoolExecutor.java:1070)
 java.base/java.util.concurrent.ThreadPoolExecutor.runWorker(ThreadPoolExecutor.java:1130)
 java.base/java.util.concurrent.ThreadPoolExecutor$Worker.run(ThreadPoolExecutor.java:642)
 java.base/java.lang.Thread.run(Thread.java:1589)
18:18:49.662 [Thread-7] INFO  org.apache.coyote.http11.Http11NioProtocol - log:173 - Stopping ProtocolHandler ["http-nio-8009"]
18:18:49.666 [Thread-7] INFO  org.apache.coyote.http11.Http11NioProtocol - log:173 - Destroying ProtocolHandler ["http-nio-8009"]
18:18:49.679 [Thread-7] INFO  com.zaxxer.hikari.HikariDataSource - close:350 - HikariPool-1 - Shutdown initiated...
18:18:49.849 [Thread-7] INFO  com.zaxxer.hikari.HikariDataSource - close:352 - HikariPool-1 - Shutdown completed.
18:19:14.946 [restartedMain] INFO  nex.vts.backend.VtsBackendApplication - logStarting:51 - Starting VtsBackendApplication using Java 19 with PID 16140 (D:\ATM_Java\Office_Nexdecade\VTS_BackEnd_Repo\VTS_BackEnd_Repo\vts_back-end_repo\target\classes started by User in D:\ATM_Java\Office_Nexdecade\VTS_BackEnd_Repo\VTS_BackEnd_Repo\vts_back-end_repo)
18:19:14.947 [restartedMain] DEBUG nex.vts.backend.VtsBackendApplication - logStarting:52 - Running with Spring Boot v3.0.1, Spring v6.0.3
18:19:14.947 [restartedMain] INFO  nex.vts.backend.VtsBackendApplication - logStartupProfileInfo:636 - The following 1 profile is active: "m2m"
18:19:15.377 [restartedMain] INFO  o.s.d.r.config.RepositoryConfigurationDelegate - registerRepositoriesIn:138 - Bootstrapping Spring Data JDBC repositories in DEFAULT mode.
18:19:15.379 [restartedMain] INFO  o.s.d.r.config.RepositoryConfigurationDelegate - registerRepositoriesIn:208 - Finished Spring Data repository scanning in 1 ms. Found 0 JDBC repository interfaces.
18:19:15.639 [restartedMain] INFO  o.s.boot.web.embedded.tomcat.TomcatWebServer - initialize:108 - Tomcat initialized with port(s): 8009 (http)
18:19:15.647 [restartedMain] INFO  org.apache.catalina.core.StandardService - log:173 - Starting service [Tomcat]
18:19:15.659 [restartedMain] INFO  org.apache.catalina.core.StandardEngine - log:173 - Starting Servlet engine: [Apache Tomcat/10.1.4]
18:19:15.718 [restartedMain] INFO  o.a.c.c.ContainerBase.[Tomcat-1].[localhost].[/] - log:173 - Initializing Spring embedded WebApplicationContext
18:19:15.723 [restartedMain] INFO  o.s.b.w.s.c.ServletWebServerApplicationContext - prepareWebApplicationContext:291 - Root WebApplicationContext: initialization completed in 773 ms
18:19:16.232 [restartedMain] INFO  com.zaxxer.hikari.HikariDataSource - getConnection:110 - HikariPool-2 - Starting...
18:19:16.501 [restartedMain] INFO  com.zaxxer.hikari.pool.HikariPool - checkFailFast:565 - HikariPool-2 - Added connection oracle.jdbc.driver.T4CConnection@657bc484
18:19:16.502 [restartedMain] INFO  com.zaxxer.hikari.HikariDataSource - getConnection:123 - HikariPool-2 - Start completed.
18:19:16.614 [restartedMain] WARN  o.s.b.a.s.s.UserDetailsServiceAutoConfiguration - getOrDeducePassword:86 - 

Using generated security password: c1f3dd5a-36ea-4b00-b35b-6449586041f0

This generated password is for development use only. Your security configuration must be updated before running your application in production.

18:19:16.689 [restartedMain] INFO  o.s.security.web.DefaultSecurityFilterChain - <init>:54 - Will secure any request with [org.springframework.security.web.session.DisableEncodeUrlFilter@5fcd71d4, org.springframework.security.web.context.request.async.WebAsyncManagerIntegrationFilter@45007bcb, org.springframework.security.web.context.SecurityContextHolderFilter@12b785c0, org.springframework.security.web.header.HeaderWriterFilter@38e799a6, org.springframework.security.web.csrf.CsrfFilter@4a8b99a3, org.springframework.security.web.authentication.logout.LogoutFilter@6de5cc84, org.springframework.security.web.authentication.UsernamePasswordAuthenticationFilter@569eeed7, org.springframework.security.web.authentication.ui.DefaultLoginPageGeneratingFilter@5776cd4f, org.springframework.security.web.authentication.ui.DefaultLogoutPageGeneratingFilter@2b86fe7d, org.springframework.security.web.authentication.www.BasicAuthenticationFilter@443db59f, org.springframework.security.web.savedrequest.RequestCacheAwareFilter@46740b4, org.springframework.security.web.servletapi.SecurityContextHolderAwareRequestFilter@5358442b, org.springframework.security.web.authentication.AnonymousAuthenticationFilter@23e27df, org.springframework.security.web.access.ExceptionTranslationFilter@2bcf84ef, org.springframework.security.web.access.intercept.AuthorizationFilter@6dbd3692]
18:19:16.739 [restartedMain] INFO  o.s.b.d.autoconfigure.OptionalLiveReloadServer - startServer:59 - LiveReload server is running on port 35729
18:19:16.810 [restartedMain] INFO  o.s.boot.web.embedded.tomcat.TomcatWebServer - start:220 - Tomcat started on port(s): 8009 (http) with context path ''
18:19:16.819 [restartedMain] INFO  nex.vts.backend.VtsBackendApplication - logStarted:57 - Started VtsBackendApplication in 2.023 seconds (process running for 208.366)
18:19:16.875 [restartedMain] INFO  o.s.b.d.a.ConditionEvaluationDeltaLoggingListener - onApplicationEvent:58 - Condition evaluation delta:


==========================
CONDITION EVALUATION DELTA
==========================


Positive matches:
-----------------

   SpringBootWebSecurityConfiguration.SecurityFilterChainConfiguration matched:
      - AllNestedConditions 2 matched 0 did not; NestedCondition on DefaultWebSecurityCondition.Beans @ConditionalOnMissingBean (types: org.springframework.security.web.SecurityFilterChain; SearchStrategy: all) did not find any beans; NestedCondition on DefaultWebSecurityCondition.Classes @ConditionalOnClass found required classes 'org.springframework.security.web.SecurityFilterChain', 'org.springframework.security.config.annotation.web.builders.HttpSecurity' (DefaultWebSecurityCondition)

   SpringBootWebSecurityConfiguration.WebSecurityEnablerConfiguration matched:
      - @ConditionalOnClass found required class 'org.springframework.security.config.annotation.web.configuration.EnableWebSecurity' (OnClassCondition)
      - @ConditionalOnMissingBean (names: springSecurityFilterChain; SearchStrategy: all) did not find any beans (OnBeanCondition)

   UserDetailsServiceAutoConfiguration matched:
      - @ConditionalOnClass found required class 'org.springframework.security.authentication.AuthenticationManager' (OnClassCondition)
      - @ConditionalOnBean (types: org.springframework.security.config.annotation.ObjectPostProcessor; SearchStrategy: all) found bean 'objectPostProcessor'; @ConditionalOnMissingBean (types: org.springframework.security.authentication.AuthenticationManager,org.springframework.security.authentication.AuthenticationProvider,org.springframework.security.core.userdetails.UserDetailsService,org.springframework.security.authentication.AuthenticationManagerResolver,org.springframework.security.oauth2.jwt.JwtDecoder,org.springframework.security.oauth2.server.resource.introspection.OpaqueTokenIntrospector,org.springframework.security.oauth2.client.registration.ClientRegistrationRepository,org.springframework.security.saml2.provider.service.registration.RelyingPartyRegistrationRepository; SearchStrategy: all) did not find any beans (OnBeanCondition)


Negative matches:
-----------------

    None


Exclusions:
-----------

    None


Unconditional classes:
----------------------

    None



18:19:25.504 [File Watcher] INFO  o.s.b.d.a.LocalDevToolsAutoConfiguration$RestartingClassPathChangeChangedEventListener - onApplicationEvent:211 - Restarting due to 192 class path changes (192 additions, 0 deletions, 0 modifications)
18:19:25.532 [Thread-11] INFO  org.apache.catalina.core.StandardService - log:173 - Stopping service [Tomcat]
18:19:25.537 [Thread-11] INFO  com.zaxxer.hikari.HikariDataSource - close:350 - HikariPool-2 - Shutdown initiated...
18:19:25.643 [Thread-11] INFO  com.zaxxer.hikari.HikariDataSource - close:352 - HikariPool-2 - Shutdown completed.
18:19:26.039 [restartedMain] INFO  nex.vts.backend.VtsBackendApplication - logStarting:51 - Starting VtsBackendApplication using Java 19 with PID 16140 (D:\ATM_Java\Office_Nexdecade\VTS_BackEnd_Repo\VTS_BackEnd_Repo\vts_back-end_repo\target\classes started by User in D:\ATM_Java\Office_Nexdecade\VTS_BackEnd_Repo\VTS_BackEnd_Repo\vts_back-end_repo)
18:19:26.040 [restartedMain] DEBUG nex.vts.backend.VtsBackendApplication - logStarting:52 - Running with Spring Boot v3.0.1, Spring v6.0.3
18:19:26.040 [restartedMain] INFO  nex.vts.backend.VtsBackendApplication - logStartupProfileInfo:636 - The following 1 profile is active: "m2m"
18:19:29.149 [restartedMain] INFO  o.s.d.r.config.RepositoryConfigurationDelegate - registerRepositoriesIn:138 - Bootstrapping Spring Data JDBC repositories in DEFAULT mode.
18:19:29.199 [restartedMain] INFO  o.s.d.r.config.RepositoryConfigurationDelegate - registerRepositoriesIn:208 - Finished Spring Data repository scanning in 49 ms. Found 1 JDBC repository interfaces.
18:19:29.520 [restartedMain] INFO  o.s.boot.web.embedded.tomcat.TomcatWebServer - initialize:108 - Tomcat initialized with port(s): 8009 (http)
18:19:29.521 [restartedMain] INFO  org.apache.catalina.core.StandardService - log:173 - Starting service [Tomcat]
18:19:29.521 [restartedMain] INFO  org.apache.catalina.core.StandardEngine - log:173 - Starting Servlet engine: [Apache Tomcat/10.1.4]
18:19:29.557 [restartedMain] INFO  o.a.c.c.ContainerBase.[Tomcat-1].[localhost].[/] - log:173 - Initializing Spring embedded WebApplicationContext
18:19:29.558 [restartedMain] INFO  o.s.b.w.s.c.ServletWebServerApplicationContext - prepareWebApplicationContext:291 - Root WebApplicationContext: initialization completed in 3514 ms
18:19:29.809 [restartedMain] INFO  com.zaxxer.hikari.HikariDataSource - getConnection:110 - HikariPool-3 - Starting...
18:19:30.008 [restartedMain] INFO  com.zaxxer.hikari.pool.HikariPool - checkFailFast:565 - HikariPool-3 - Added connection oracle.jdbc.driver.T4CConnection@2ae9c33e
18:19:30.009 [restartedMain] INFO  com.zaxxer.hikari.HikariDataSource - getConnection:123 - HikariPool-3 - Start completed.
18:19:30.059 [restartedMain] DEBUG nex.vts.backend.filter.JwtAuthFilter - init:240 - Filter 'jwtAuthFilter' configured for use
18:19:30.522 [restartedMain] INFO  o.s.security.web.DefaultSecurityFilterChain - <init>:54 - Will secure any request with [org.springframework.security.web.session.DisableEncodeUrlFilter@147e36c6, org.springframework.security.web.context.request.async.WebAsyncManagerIntegrationFilter@3001892e, org.springframework.security.web.context.SecurityContextHolderFilter@40d1846c, org.springframework.security.web.header.HeaderWriterFilter@59d59487, org.springframework.security.web.authentication.logout.LogoutFilter@5faf7e91, nex.vts.backend.filter.JwtAuthFilter@5a9892d1, org.springframework.security.web.savedrequest.RequestCacheAwareFilter@35fcd085, org.springframework.security.web.servletapi.SecurityContextHolderAwareRequestFilter@40780b11, org.springframework.security.web.authentication.AnonymousAuthenticationFilter@1b060e0a, org.springframework.security.web.session.SessionManagementFilter@6ca7e3a6, org.springframework.security.web.access.ExceptionTranslationFilter@8bfbcf7, org.springframework.security.web.access.intercept.AuthorizationFilter@c24470b]
18:19:30.685 [restartedMain] INFO  o.s.b.d.autoconfigure.OptionalLiveReloadServer - startServer:59 - LiveReload server is running on port 35729
18:19:30.771 [restartedMain] INFO  o.s.boot.web.embedded.tomcat.TomcatWebServer - start:220 - Tomcat started on port(s): 8009 (http) with context path ''
18:19:30.778 [restartedMain] INFO  nex.vts.backend.VtsBackendApplication - logStarted:57 - Started VtsBackendApplication in 5.03 seconds (process running for 222.325)
18:19:30.786 [restartedMain] INFO  o.s.b.d.a.ConditionEvaluationDeltaLoggingListener - onApplicationEvent:58 - Condition evaluation delta:


==========================
CONDITION EVALUATION DELTA
==========================


Positive matches:
-----------------

    None


Negative matches:
-----------------

   SpringBootWebSecurityConfiguration.SecurityFilterChainConfiguration:
      Did not match:
         - AllNestedConditions 1 matched 1 did not; NestedCondition on DefaultWebSecurityCondition.Beans @ConditionalOnMissingBean (types: org.springframework.security.web.SecurityFilterChain; SearchStrategy: all) found beans of type 'org.springframework.security.web.SecurityFilterChain' securityFilterChain; NestedCondition on DefaultWebSecurityCondition.Classes @ConditionalOnClass found required classes 'org.springframework.security.web.SecurityFilterChain', 'org.springframework.security.config.annotation.web.builders.HttpSecurity' (DefaultWebSecurityCondition)

   SpringBootWebSecurityConfiguration.WebSecurityEnablerConfiguration:
      Did not match:
         - @ConditionalOnMissingBean (names: springSecurityFilterChain; SearchStrategy: all) found beans named springSecurityFilterChain (OnBeanCondition)
      Matched:
         - @ConditionalOnClass found required class 'org.springframework.security.config.annotation.web.configuration.EnableWebSecurity' (OnClassCondition)

   UserDetailsServiceAutoConfiguration:
      Did not match:
         - @ConditionalOnMissingBean (types: org.springframework.security.authentication.AuthenticationManager,org.springframework.security.authentication.AuthenticationProvider,org.springframework.security.core.userdetails.UserDetailsService,org.springframework.security.authentication.AuthenticationManagerResolver,org.springframework.security.oauth2.jwt.JwtDecoder,org.springframework.security.oauth2.server.resource.introspection.OpaqueTokenIntrospector,org.springframework.security.oauth2.client.registration.ClientRegistrationRepository,org.springframework.security.saml2.provider.service.registration.RelyingPartyRegistrationRepository; SearchStrategy: all) found beans of type 'org.springframework.security.authentication.AuthenticationManager' authenticationManager and found beans of type 'org.springframework.security.core.userdetails.UserDetailsService' userInfoUserDetailsService, userDetailsService and found beans of type 'org.springframework.security.authentication.AuthenticationProvider' authenticationProvider (OnBeanCondition)
      Matched:
         - @ConditionalOnClass found required class 'org.springframework.security.authentication.AuthenticationManager' (OnClassCondition)


Exclusions:
-----------

    None


Unconditional classes:
----------------------

    None



18:19:30.799 [SpringApplicationShutdownHook] INFO  com.zaxxer.hikari.HikariDataSource - close:350 - HikariPool-3 - Shutdown initiated...
18:19:30.959 [SpringApplicationShutdownHook] INFO  com.zaxxer.hikari.HikariDataSource - close:352 - HikariPool-3 - Shutdown completed.
18:19:39.229 [restartedMain] INFO  nex.vts.backend.VtsBackendApplication - logStarting:51 - Starting VtsBackendApplication using Java 19 with PID 8552 (D:\ATM_Java\Office_Nexdecade\VTS_BackEnd_Repo\VTS_BackEnd_Repo\vts_back-end_repo\target\classes started by User in D:\ATM_Java\Office_Nexdecade\VTS_BackEnd_Repo\VTS_BackEnd_Repo\vts_back-end_repo)
18:19:39.232 [restartedMain] DEBUG nex.vts.backend.VtsBackendApplication - logStarting:52 - Running with Spring Boot v3.0.1, Spring v6.0.3
18:19:39.233 [restartedMain] INFO  nex.vts.backend.VtsBackendApplication - logStartupProfileInfo:636 - The following 1 profile is active: "m2m"
18:19:39.281 [restartedMain] WARN  o.s.core.annotation.AnnotationTypeMapping - addConventionMappings:320 - Support for convention-based annotation attribute overrides is deprecated and will be removed in Spring Framework 6.1. Please annotate the following attributes in @org.springframework.retry.annotation.EnableRetry with appropriate @AliasFor declarations: [proxyTargetClass]
18:19:39.308 [restartedMain] INFO  o.s.boot.devtools.restart.ChangeableUrls - logTo:250 - The Class-Path manifest attribute in C:\Users\User\.m2\repository\com\oracle\database\jdbc\ojdbc8\21.7.0.0\ojdbc8-21.7.0.0.jar referenced one or more files that do not exist: file:/C:/Users/User/.m2/repository/com/oracle/database/jdbc/ojdbc8/21.7.0.0/oraclepki.jar
18:19:39.308 [restartedMain] INFO  o.s.b.d.env.DevToolsPropertyDefaultsPostProcessor - logTo:250 - Devtools property defaults active! Set 'spring.devtools.add-properties' to 'false' to disable
18:19:39.309 [restartedMain] INFO  o.s.b.d.env.DevToolsPropertyDefaultsPostProcessor - logTo:250 - For additional web related logging consider setting the 'logging.level.web' property to 'DEBUG'
18:19:40.475 [restartedMain] INFO  o.s.d.r.config.RepositoryConfigurationDelegate - registerRepositoriesIn:138 - Bootstrapping Spring Data JDBC repositories in DEFAULT mode.
18:19:40.541 [restartedMain] INFO  o.s.d.r.config.RepositoryConfigurationDelegate - registerRepositoriesIn:208 - Finished Spring Data repository scanning in 61 ms. Found 1 JDBC repository interfaces.
18:19:41.256 [restartedMain] INFO  o.s.boot.web.embedded.tomcat.TomcatWebServer - initialize:108 - Tomcat initialized with port(s): 8009 (http)
18:19:41.267 [restartedMain] INFO  org.apache.coyote.http11.Http11NioProtocol - log:173 - Initializing ProtocolHandler ["http-nio-8009"]
18:19:41.268 [restartedMain] INFO  org.apache.catalina.core.StandardService - log:173 - Starting service [Tomcat]
18:19:41.269 [restartedMain] INFO  org.apache.catalina.core.StandardEngine - log:173 - Starting Servlet engine: [Apache Tomcat/10.1.4]
18:19:41.329 [restartedMain] INFO  o.a.c.core.ContainerBase.[Tomcat].[localhost].[/] - log:173 - Initializing Spring embedded WebApplicationContext
18:19:41.329 [restartedMain] INFO  o.s.b.w.s.c.ServletWebServerApplicationContext - prepareWebApplicationContext:291 - Root WebApplicationContext: initialization completed in 2019 ms
18:19:41.645 [restartedMain] INFO  com.zaxxer.hikari.HikariDataSource - getConnection:110 - HikariPool-1 - Starting...
18:19:42.028 [restartedMain] INFO  com.zaxxer.hikari.pool.HikariPool - checkFailFast:565 - HikariPool-1 - Added connection oracle.jdbc.driver.T4CConnection@1c5ee8cf
18:19:42.031 [restartedMain] INFO  com.zaxxer.hikari.HikariDataSource - getConnection:123 - HikariPool-1 - Start completed.
18:19:42.105 [restartedMain] DEBUG nex.vts.backend.filter.JwtAuthFilter - init:240 - Filter 'jwtAuthFilter' configured for use
18:19:42.573 [restartedMain] INFO  o.s.security.web.DefaultSecurityFilterChain - <init>:54 - Will secure any request with [org.springframework.security.web.session.DisableEncodeUrlFilter@7fd5f76d, org.springframework.security.web.context.request.async.WebAsyncManagerIntegrationFilter@5f49c934, org.springframework.security.web.context.SecurityContextHolderFilter@4d9eea88, org.springframework.security.web.header.HeaderWriterFilter@d1285f3, org.springframework.security.web.authentication.logout.LogoutFilter@5369d28c, nex.vts.backend.filter.JwtAuthFilter@35cd426a, org.springframework.security.web.savedrequest.RequestCacheAwareFilter@1a2ce8d6, org.springframework.security.web.servletapi.SecurityContextHolderAwareRequestFilter@3ab1a5d8, org.springframework.security.web.authentication.AnonymousAuthenticationFilter@4aee6d96, org.springframework.security.web.session.SessionManagementFilter@53e53ee3, org.springframework.security.web.access.ExceptionTranslationFilter@60496938, org.springframework.security.web.access.intercept.AuthorizationFilter@bd56d3e]
18:19:42.856 [restartedMain] INFO  o.s.b.d.autoconfigure.OptionalLiveReloadServer - startServer:59 - LiveReload server is running on port 35729
18:19:43.019 [restartedMain] INFO  org.apache.coyote.http11.Http11NioProtocol - log:173 - Starting ProtocolHandler ["http-nio-8009"]
18:19:43.036 [restartedMain] INFO  o.s.boot.web.embedded.tomcat.TomcatWebServer - start:220 - Tomcat started on port(s): 8009 (http) with context path ''
18:19:43.045 [restartedMain] INFO  nex.vts.backend.VtsBackendApplication - logStarted:57 - Started VtsBackendApplication in 4.658 seconds (process running for 6.047)
18:19:50.218 [http-nio-8009-exec-1] INFO  o.a.c.core.ContainerBase.[Tomcat].[localhost].[/] - log:173 - Initializing Spring DispatcherServlet 'dispatcherServlet'
18:19:50.218 [http-nio-8009-exec-1] INFO  org.springframework.web.servlet.DispatcherServlet - initServletBean:532 - Initializing Servlet 'dispatcherServlet'
18:19:50.219 [http-nio-8009-exec-1] INFO  org.springframework.web.servlet.DispatcherServlet - initServletBean:554 - Completed initialization in 1 ms
18:19:50.327 [http-nio-8009-exec-1] TRACE nex.vts.backend.repoImpl.RepoVtsLoginUser - findByUserName:28 - Executing query to find user by username: integrated.security
18:19:50.329 [http-nio-8009-exec-1] DEBUG org.springframework.jdbc.core.JdbcTemplate - query:711 - Executing prepared SQL query
18:19:50.330 [http-nio-8009-exec-1] DEBUG org.springframework.jdbc.core.JdbcTemplate - execute:643 - Executing prepared SQL statement [
SELECT ID,
       USERNAME,
       PASSWORD,
       PROFILE_ID,
       MAIN_ACCOUNT_ID,
       USER_TYPE,
       ROLE_ID,
       IS_ACCOUNT_ACTIVE,
       IS_REMOTE_ACCESS_ENABLED,
       PARENT_PROFILE_ID,
       OPERATORID,
          LPAD (OPERATORID, 2, '0')
       || LPAD (DECODE (USER_TYPE, 1, PROFILE_ID, MAIN_ACCOUNT_ID), 6, '0')    CUSTOMER_ID
  FROM (SELECT ID,
               USERNAME,
               PASSWORD,
               PROFILE_ID,
               MAIN_ACCOUNT_ID,
               USER_TYPE,
               ROLE_ID,
               IS_ACCOUNT_ACTIVE,
               IS_REMOTE_ACCESS_ENABLED,
               PARENT_PROFILE_ID,
               OPERATORID
          FROM vts_login_user
         WHERE IS_ACCOUNT_ACTIVE = 1 and OPERATORID = 3and USERNAME = 'integrated.security' AND PASSWORD = 'i44s44s44ltd')]
18:19:50.518 [http-nio-8009-exec-1] DEBUG nex.vts.backend.repositories.LoginUserInformation - caseOneAccountInfo:57 - Executing query to get parent profile id of extended type client 7215
18:19:50.518 [http-nio-8009-exec-1] DEBUG org.springframework.jdbc.core.JdbcTemplate - query:711 - Executing prepared SQL query
18:19:50.518 [http-nio-8009-exec-1] DEBUG org.springframework.jdbc.core.JdbcTemplate - execute:643 - Executing prepared SQL statement [SELECT ID,
       USER_ID,
       COMPANY_NAME,
       CLIENT_TYPE,
       COMPANY_ADDRESS,
       ADDRESS2,
       COMPANY_CELL,
       COMPANY_TEL,
       COMPANY_EMAIL,
       ACTIVATION
  FROM nex_corporate_client
 WHERE     ID = ?
       AND USER_ID = ?
       AND PASSWORD = ?
       AND ACTIVATION = 1
       AND OPERATORID = 3]
18:23:44.443 [File Watcher] INFO  o.s.b.d.a.LocalDevToolsAutoConfiguration$RestartingClassPathChangeChangedEventListener - onApplicationEvent:211 - Restarting due to 201 class path changes (0 additions, 201 deletions, 0 modifications)
18:23:44.544 [Thread-7] INFO  org.apache.coyote.http11.Http11NioProtocol - log:173 - Pausing ProtocolHandler ["http-nio-8009"]
18:23:44.545 [Thread-7] INFO  org.apache.catalina.core.StandardService - log:173 - Stopping service [Tomcat]
18:23:44.548 [Thread-7] INFO  o.a.c.core.ContainerBase.[Tomcat].[localhost].[/] - log:173 - Destroying Spring FrameworkServlet 'dispatcherServlet'
18:23:44.553 [Thread-7] WARN  org.apache.catalina.loader.WebappClassLoaderBase - log:173 - The web application [ROOT] appears to have started a thread named [oracle.jdbc.driver.BlockSource.ThreadedCachingBlockSource.BlockReleaser] but has failed to stop it. This is very likely to create a memory leak. Stack trace of thread:
 java.base/jdk.internal.misc.Unsafe.park(Native Method)
 java.base/java.util.concurrent.locks.LockSupport.parkNanos(LockSupport.java:269)
 java.base/java.util.concurrent.locks.AbstractQueuedSynchronizer$ConditionObject.awaitNanos(AbstractQueuedSynchronizer.java:1674)
 oracle.jdbc.internal.Monitor$WaitableMonitor.monitorWait(Monitor.java:258)
 oracle.jdbc.internal.Monitor$WaitableMonitor.monitorWait(Monitor.java:240)
 oracle.jdbc.driver.BlockSource$ThreadedCachingBlockSource$BlockReleaser.run(BlockSource.java:345)
18:23:44.553 [Thread-7] WARN  org.apache.catalina.loader.WebappClassLoaderBase - log:173 - The web application [ROOT] appears to have started a thread named [InterruptTimer] but has failed to stop it. This is very likely to create a memory leak. Stack trace of thread:
 java.base/java.lang.Object.wait0(Native Method)
 java.base/java.lang.Object.wait(Object.java:366)
 java.base/java.util.TimerThread.mainLoop(Timer.java:563)
 java.base/java.util.TimerThread.run(Timer.java:516)
18:23:44.554 [Thread-7] WARN  org.apache.catalina.loader.WebappClassLoaderBase - log:173 - The web application [ROOT] appears to have started a thread named [HikariPool-1 housekeeper] but has failed to stop it. This is very likely to create a memory leak. Stack trace of thread:
 java.base/jdk.internal.misc.Unsafe.park(Native Method)
 java.base/java.util.concurrent.locks.LockSupport.parkNanos(LockSupport.java:269)
 java.base/java.util.concurrent.locks.AbstractQueuedSynchronizer$ConditionObject.awaitNanos(AbstractQueuedSynchronizer.java:1674)
 java.base/java.util.concurrent.ScheduledThreadPoolExecutor$DelayedWorkQueue.take(ScheduledThreadPoolExecutor.java:1182)
 java.base/java.util.concurrent.ScheduledThreadPoolExecutor$DelayedWorkQueue.take(ScheduledThreadPoolExecutor.java:899)
 java.base/java.util.concurrent.ThreadPoolExecutor.getTask(ThreadPoolExecutor.java:1070)
 java.base/java.util.concurrent.ThreadPoolExecutor.runWorker(ThreadPoolExecutor.java:1130)
 java.base/java.util.concurrent.ThreadPoolExecutor$Worker.run(ThreadPoolExecutor.java:642)
 java.base/java.lang.Thread.run(Thread.java:1589)
18:23:44.556 [Thread-7] INFO  org.apache.coyote.http11.Http11NioProtocol - log:173 - Stopping ProtocolHandler ["http-nio-8009"]
18:23:44.563 [Thread-7] INFO  org.apache.coyote.http11.Http11NioProtocol - log:173 - Destroying ProtocolHandler ["http-nio-8009"]
18:23:44.574 [Thread-7] INFO  com.zaxxer.hikari.HikariDataSource - close:350 - HikariPool-1 - Shutdown initiated...
18:23:44.676 [Thread-7] INFO  com.zaxxer.hikari.HikariDataSource - close:352 - HikariPool-1 - Shutdown completed.
18:23:58.454 [restartedMain] INFO  nex.vts.backend.VtsBackendApplication - logStarting:51 - Starting VtsBackendApplication using Java 19 with PID 8552 (D:\ATM_Java\Office_Nexdecade\VTS_BackEnd_Repo\VTS_BackEnd_Repo\vts_back-end_repo\target\classes started by User in D:\ATM_Java\Office_Nexdecade\VTS_BackEnd_Repo\VTS_BackEnd_Repo\vts_back-end_repo)
18:23:58.454 [restartedMain] DEBUG nex.vts.backend.VtsBackendApplication - logStarting:52 - Running with Spring Boot v3.0.1, Spring v6.0.3
18:23:58.454 [restartedMain] INFO  nex.vts.backend.VtsBackendApplication - logStartupProfileInfo:636 - The following 1 profile is active: "m2m"
18:23:58.866 [restartedMain] INFO  o.s.d.r.config.RepositoryConfigurationDelegate - registerRepositoriesIn:138 - Bootstrapping Spring Data JDBC repositories in DEFAULT mode.
18:23:58.868 [restartedMain] INFO  o.s.d.r.config.RepositoryConfigurationDelegate - registerRepositoriesIn:208 - Finished Spring Data repository scanning in 1 ms. Found 0 JDBC repository interfaces.
18:23:59.191 [restartedMain] INFO  o.s.boot.web.embedded.tomcat.TomcatWebServer - initialize:108 - Tomcat initialized with port(s): 8009 (http)
18:23:59.194 [restartedMain] INFO  org.apache.catalina.core.StandardService - log:173 - Starting service [Tomcat]
18:23:59.196 [restartedMain] INFO  org.apache.catalina.core.StandardEngine - log:173 - Starting Servlet engine: [Apache Tomcat/10.1.4]
18:23:59.244 [restartedMain] INFO  o.a.c.c.ContainerBase.[Tomcat-1].[localhost].[/] - log:173 - Initializing Spring embedded WebApplicationContext
18:23:59.245 [restartedMain] INFO  o.s.b.w.s.c.ServletWebServerApplicationContext - prepareWebApplicationContext:291 - Root WebApplicationContext: initialization completed in 788 ms
18:23:59.672 [restartedMain] INFO  com.zaxxer.hikari.HikariDataSource - getConnection:110 - HikariPool-2 - Starting...
18:24:00.116 [restartedMain] INFO  com.zaxxer.hikari.pool.HikariPool - checkFailFast:565 - HikariPool-2 - Added connection oracle.jdbc.driver.T4CConnection@3407ae09
18:24:00.117 [restartedMain] INFO  com.zaxxer.hikari.HikariDataSource - getConnection:123 - HikariPool-2 - Start completed.
18:24:00.185 [restartedMain] WARN  o.s.b.a.s.s.UserDetailsServiceAutoConfiguration - getOrDeducePassword:86 - 

Using generated security password: 143252d1-a86f-4641-af0b-0110ded66bdb

This generated password is for development use only. Your security configuration must be updated before running your application in production.

18:24:00.232 [restartedMain] INFO  o.s.security.web.DefaultSecurityFilterChain - <init>:54 - Will secure any request with [org.springframework.security.web.session.DisableEncodeUrlFilter@df3b533, org.springframework.security.web.context.request.async.WebAsyncManagerIntegrationFilter@9cd0fe8, org.springframework.security.web.context.SecurityContextHolderFilter@4526e5f9, org.springframework.security.web.header.HeaderWriterFilter@71ed5f38, org.springframework.security.web.csrf.CsrfFilter@21ba0d5e, org.springframework.security.web.authentication.logout.LogoutFilter@4411c317, org.springframework.security.web.authentication.UsernamePasswordAuthenticationFilter@464cf39b, org.springframework.security.web.authentication.ui.DefaultLoginPageGeneratingFilter@46f6990, org.springframework.security.web.authentication.ui.DefaultLogoutPageGeneratingFilter@4f549548, org.springframework.security.web.authentication.www.BasicAuthenticationFilter@2363c413, org.springframework.security.web.savedrequest.RequestCacheAwareFilter@3407d0fe, org.springframework.security.web.servletapi.SecurityContextHolderAwareRequestFilter@1f60e1db, org.springframework.security.web.authentication.AnonymousAuthenticationFilter@72aa93ed, org.springframework.security.web.access.ExceptionTranslationFilter@3f128bde, org.springframework.security.web.access.intercept.AuthorizationFilter@caeff01]
18:24:00.256 [restartedMain] INFO  o.s.b.d.autoconfigure.OptionalLiveReloadServer - startServer:59 - LiveReload server is running on port 35729
18:24:00.273 [restartedMain] INFO  o.s.boot.web.embedded.tomcat.TomcatWebServer - start:220 - Tomcat started on port(s): 8009 (http) with context path ''
18:24:00.283 [restartedMain] INFO  nex.vts.backend.VtsBackendApplication - logStarted:57 - Started VtsBackendApplication in 1.903 seconds (process running for 263.286)
18:24:00.289 [restartedMain] INFO  o.s.b.d.a.ConditionEvaluationDeltaLoggingListener - onApplicationEvent:58 - Condition evaluation delta:


==========================
CONDITION EVALUATION DELTA
==========================


Positive matches:
-----------------

   SpringBootWebSecurityConfiguration.SecurityFilterChainConfiguration matched:
      - AllNestedConditions 2 matched 0 did not; NestedCondition on DefaultWebSecurityCondition.Beans @ConditionalOnMissingBean (types: org.springframework.security.web.SecurityFilterChain; SearchStrategy: all) did not find any beans; NestedCondition on DefaultWebSecurityCondition.Classes @ConditionalOnClass found required classes 'org.springframework.security.web.SecurityFilterChain', 'org.springframework.security.config.annotation.web.builders.HttpSecurity' (DefaultWebSecurityCondition)

   SpringBootWebSecurityConfiguration.WebSecurityEnablerConfiguration matched:
      - @ConditionalOnClass found required class 'org.springframework.security.config.annotation.web.configuration.EnableWebSecurity' (OnClassCondition)
      - @ConditionalOnMissingBean (names: springSecurityFilterChain; SearchStrategy: all) did not find any beans (OnBeanCondition)

   UserDetailsServiceAutoConfiguration matched:
      - @ConditionalOnClass found required class 'org.springframework.security.authentication.AuthenticationManager' (OnClassCondition)
      - @ConditionalOnBean (types: org.springframework.security.config.annotation.ObjectPostProcessor; SearchStrategy: all) found bean 'objectPostProcessor'; @ConditionalOnMissingBean (types: org.springframework.security.authentication.AuthenticationManager,org.springframework.security.authentication.AuthenticationProvider,org.springframework.security.core.userdetails.UserDetailsService,org.springframework.security.authentication.AuthenticationManagerResolver,org.springframework.security.oauth2.jwt.JwtDecoder,org.springframework.security.oauth2.server.resource.introspection.OpaqueTokenIntrospector,org.springframework.security.oauth2.client.registration.ClientRegistrationRepository,org.springframework.security.saml2.provider.service.registration.RelyingPartyRegistrationRepository; SearchStrategy: all) did not find any beans (OnBeanCondition)


Negative matches:
-----------------

    None


Exclusions:
-----------

    None


Unconditional classes:
----------------------

    None



18:24:08.672 [File Watcher] INFO  o.s.b.d.a.LocalDevToolsAutoConfiguration$RestartingClassPathChangeChangedEventListener - onApplicationEvent:211 - Restarting due to 192 class path changes (192 additions, 0 deletions, 0 modifications)
18:24:08.717 [Thread-11] INFO  org.apache.catalina.core.StandardService - log:173 - Stopping service [Tomcat]
18:24:08.722 [Thread-11] INFO  com.zaxxer.hikari.HikariDataSource - close:350 - HikariPool-2 - Shutdown initiated...
18:24:08.856 [Thread-11] INFO  com.zaxxer.hikari.HikariDataSource - close:352 - HikariPool-2 - Shutdown completed.
18:24:09.772 [restartedMain] INFO  nex.vts.backend.VtsBackendApplication - logStarting:51 - Starting VtsBackendApplication using Java 19 with PID 8552 (D:\ATM_Java\Office_Nexdecade\VTS_BackEnd_Repo\VTS_BackEnd_Repo\vts_back-end_repo\target\classes started by User in D:\ATM_Java\Office_Nexdecade\VTS_BackEnd_Repo\VTS_BackEnd_Repo\vts_back-end_repo)
18:24:09.772 [restartedMain] DEBUG nex.vts.backend.VtsBackendApplication - logStarting:52 - Running with Spring Boot v3.0.1, Spring v6.0.3
18:24:09.772 [restartedMain] INFO  nex.vts.backend.VtsBackendApplication - logStartupProfileInfo:636 - The following 1 profile is active: "m2m"
18:24:11.014 [restartedMain] INFO  o.s.d.r.config.RepositoryConfigurationDelegate - registerRepositoriesIn:138 - Bootstrapping Spring Data JDBC repositories in DEFAULT mode.
18:24:11.034 [restartedMain] INFO  o.s.d.r.config.RepositoryConfigurationDelegate - registerRepositoriesIn:208 - Finished Spring Data repository scanning in 20 ms. Found 1 JDBC repository interfaces.
18:24:11.185 [restartedMain] INFO  o.s.boot.web.embedded.tomcat.TomcatWebServer - initialize:108 - Tomcat initialized with port(s): 8009 (http)
18:24:11.186 [restartedMain] INFO  org.apache.catalina.core.StandardService - log:173 - Starting service [Tomcat]
18:24:11.186 [restartedMain] INFO  org.apache.catalina.core.StandardEngine - log:173 - Starting Servlet engine: [Apache Tomcat/10.1.4]
18:24:11.207 [restartedMain] INFO  o.a.c.c.ContainerBase.[Tomcat-1].[localhost].[/] - log:173 - Initializing Spring embedded WebApplicationContext
18:24:11.207 [restartedMain] INFO  o.s.b.w.s.c.ServletWebServerApplicationContext - prepareWebApplicationContext:291 - Root WebApplicationContext: initialization completed in 1430 ms
18:24:11.327 [restartedMain] INFO  com.zaxxer.hikari.HikariDataSource - getConnection:110 - HikariPool-3 - Starting...
18:24:11.537 [restartedMain] INFO  com.zaxxer.hikari.pool.HikariPool - checkFailFast:565 - HikariPool-3 - Added connection oracle.jdbc.driver.T4CConnection@790500ea
18:24:11.538 [restartedMain] INFO  com.zaxxer.hikari.HikariDataSource - getConnection:123 - HikariPool-3 - Start completed.
18:24:11.589 [restartedMain] DEBUG nex.vts.backend.filter.JwtAuthFilter - init:240 - Filter 'jwtAuthFilter' configured for use
18:24:11.798 [restartedMain] INFO  o.s.security.web.DefaultSecurityFilterChain - <init>:54 - Will secure any request with [org.springframework.security.web.session.DisableEncodeUrlFilter@23045e3f, org.springframework.security.web.context.request.async.WebAsyncManagerIntegrationFilter@305388a7, org.springframework.security.web.context.SecurityContextHolderFilter@627bd1d, org.springframework.security.web.header.HeaderWriterFilter@24ed9181, org.springframework.security.web.authentication.logout.LogoutFilter@28f7767e, nex.vts.backend.filter.JwtAuthFilter@1f0086cc, org.springframework.security.web.savedrequest.RequestCacheAwareFilter@603b259e, org.springframework.security.web.servletapi.SecurityContextHolderAwareRequestFilter@2812c181, org.springframework.security.web.authentication.AnonymousAuthenticationFilter@6cdfb77f, org.springframework.security.web.session.SessionManagementFilter@5eecb8d5, org.springframework.security.web.access.ExceptionTranslationFilter@1caf5ab5, org.springframework.security.web.access.intercept.AuthorizationFilter@2ff96458]
18:24:11.887 [restartedMain] INFO  o.s.b.d.autoconfigure.OptionalLiveReloadServer - startServer:59 - LiveReload server is running on port 35729
18:24:11.954 [restartedMain] INFO  o.s.boot.web.embedded.tomcat.TomcatWebServer - start:220 - Tomcat started on port(s): 8009 (http) with context path ''
18:24:11.958 [restartedMain] INFO  nex.vts.backend.VtsBackendApplication - logStarted:57 - Started VtsBackendApplication in 2.958 seconds (process running for 274.961)
18:24:11.961 [restartedMain] INFO  o.s.b.d.a.ConditionEvaluationDeltaLoggingListener - onApplicationEvent:58 - Condition evaluation delta:


==========================
CONDITION EVALUATION DELTA
==========================


Positive matches:
-----------------

    None


Negative matches:
-----------------

   SpringBootWebSecurityConfiguration.SecurityFilterChainConfiguration:
      Did not match:
         - AllNestedConditions 1 matched 1 did not; NestedCondition on DefaultWebSecurityCondition.Beans @ConditionalOnMissingBean (types: org.springframework.security.web.SecurityFilterChain; SearchStrategy: all) found beans of type 'org.springframework.security.web.SecurityFilterChain' securityFilterChain; NestedCondition on DefaultWebSecurityCondition.Classes @ConditionalOnClass found required classes 'org.springframework.security.web.SecurityFilterChain', 'org.springframework.security.config.annotation.web.builders.HttpSecurity' (DefaultWebSecurityCondition)

   SpringBootWebSecurityConfiguration.WebSecurityEnablerConfiguration:
      Did not match:
         - @ConditionalOnMissingBean (names: springSecurityFilterChain; SearchStrategy: all) found beans named springSecurityFilterChain (OnBeanCondition)
      Matched:
         - @ConditionalOnClass found required class 'org.springframework.security.config.annotation.web.configuration.EnableWebSecurity' (OnClassCondition)

   UserDetailsServiceAutoConfiguration:
      Did not match:
         - @ConditionalOnMissingBean (types: org.springframework.security.authentication.AuthenticationManager,org.springframework.security.authentication.AuthenticationProvider,org.springframework.security.core.userdetails.UserDetailsService,org.springframework.security.authentication.AuthenticationManagerResolver,org.springframework.security.oauth2.jwt.JwtDecoder,org.springframework.security.oauth2.server.resource.introspection.OpaqueTokenIntrospector,org.springframework.security.oauth2.client.registration.ClientRegistrationRepository,org.springframework.security.saml2.provider.service.registration.RelyingPartyRegistrationRepository; SearchStrategy: all) found beans of type 'org.springframework.security.authentication.AuthenticationManager' authenticationManager and found beans of type 'org.springframework.security.core.userdetails.UserDetailsService' userInfoUserDetailsService, userDetailsService and found beans of type 'org.springframework.security.authentication.AuthenticationProvider' authenticationProvider (OnBeanCondition)
      Matched:
         - @ConditionalOnClass found required class 'org.springframework.security.authentication.AuthenticationManager' (OnClassCondition)


Exclusions:
-----------

    None


Unconditional classes:
----------------------

    None



18:24:19.617 [File Watcher] INFO  o.s.b.d.a.LocalDevToolsAutoConfiguration$RestartingClassPathChangeChangedEventListener - onApplicationEvent:211 - Restarting due to 192 class path changes (0 additions, 192 deletions, 0 modifications)
18:24:19.674 [Thread-19] INFO  org.apache.catalina.core.StandardService - log:173 - Stopping service [Tomcat]
18:24:19.677 [Thread-19] WARN  org.apache.catalina.loader.WebappClassLoaderBase - log:173 - The web application [ROOT] appears to have started a thread named [HikariPool-3 housekeeper] but has failed to stop it. This is very likely to create a memory leak. Stack trace of thread:
 java.base/jdk.internal.misc.Unsafe.park(Native Method)
 java.base/java.util.concurrent.locks.LockSupport.parkNanos(LockSupport.java:269)
 java.base/java.util.concurrent.locks.AbstractQueuedSynchronizer$ConditionObject.awaitNanos(AbstractQueuedSynchronizer.java:1674)
 java.base/java.util.concurrent.ScheduledThreadPoolExecutor$DelayedWorkQueue.take(ScheduledThreadPoolExecutor.java:1182)
 java.base/java.util.concurrent.ScheduledThreadPoolExecutor$DelayedWorkQueue.take(ScheduledThreadPoolExecutor.java:899)
 java.base/java.util.concurrent.ThreadPoolExecutor.getTask(ThreadPoolExecutor.java:1070)
 java.base/java.util.concurrent.ThreadPoolExecutor.runWorker(ThreadPoolExecutor.java:1130)
 java.base/java.util.concurrent.ThreadPoolExecutor$Worker.run(ThreadPoolExecutor.java:642)
 java.base/java.lang.Thread.run(Thread.java:1589)
18:24:19.682 [Thread-19] INFO  com.zaxxer.hikari.HikariDataSource - close:350 - HikariPool-3 - Shutdown initiated...
18:24:19.766 [Thread-19] INFO  com.zaxxer.hikari.HikariDataSource - close:352 - HikariPool-3 - Shutdown completed.
18:24:19.919 [restartedMain] INFO  nex.vts.backend.VtsBackendApplication - logStarting:51 - Starting VtsBackendApplication using Java 19 with PID 8552 (D:\ATM_Java\Office_Nexdecade\VTS_BackEnd_Repo\VTS_BackEnd_Repo\vts_back-end_repo\target\classes started by User in D:\ATM_Java\Office_Nexdecade\VTS_BackEnd_Repo\VTS_BackEnd_Repo\vts_back-end_repo)
18:24:19.919 [restartedMain] DEBUG nex.vts.backend.VtsBackendApplication - logStarting:52 - Running with Spring Boot v3.0.1, Spring v6.0.3
18:24:19.920 [restartedMain] INFO  nex.vts.backend.VtsBackendApplication - logStartupProfileInfo:636 - The following 1 profile is active: "m2m"
18:24:20.334 [restartedMain] INFO  o.s.d.r.config.RepositoryConfigurationDelegate - registerRepositoriesIn:138 - Bootstrapping Spring Data JDBC repositories in DEFAULT mode.
18:24:20.337 [restartedMain] INFO  o.s.d.r.config.RepositoryConfigurationDelegate - registerRepositoriesIn:208 - Finished Spring Data repository scanning in 2 ms. Found 0 JDBC repository interfaces.
18:24:20.433 [restartedMain] ERROR org.springframework.boot.SpringApplication - reportFailure:820 - Application run failed
java.lang.NullPointerException: Cannot read field "generatedClass" because "data" is null
	at org.springframework.cglib.proxy.Enhancer.nextInstance(Enhancer.java:783)
	at org.springframework.cglib.core.AbstractClassGenerator.create(AbstractClassGenerator.java:317)
	at org.springframework.cglib.proxy.Enhancer.createHelper(Enhancer.java:562)
	at org.springframework.cglib.proxy.Enhancer.createClass(Enhancer.java:407)
	at org.springframework.context.annotation.ConfigurationClassEnhancer.createClass(ConfigurationClassEnhancer.java:138)
	at org.springframework.context.annotation.ConfigurationClassEnhancer.enhance(ConfigurationClassEnhancer.java:109)
	at org.springframework.context.annotation.ConfigurationClassPostProcessor.enhanceConfigurationClasses(ConfigurationClassPostProcessor.java:514)
	at org.springframework.context.annotation.ConfigurationClassPostProcessor.postProcessBeanFactory(ConfigurationClassPostProcessor.java:304)
	at org.springframework.context.support.PostProcessorRegistrationDelegate.invokeBeanFactoryPostProcessors(PostProcessorRegistrationDelegate.java:358)
	at org.springframework.context.support.PostProcessorRegistrationDelegate.invokeBeanFactoryPostProcessors(PostProcessorRegistrationDelegate.java:150)
	at org.springframework.context.support.AbstractApplicationContext.invokeBeanFactoryPostProcessors(AbstractApplicationContext.java:745)
	at org.springframework.context.support.AbstractApplicationContext.refresh(AbstractApplicationContext.java:565)
	at org.springframework.boot.web.servlet.context.ServletWebServerApplicationContext.refresh(ServletWebServerApplicationContext.java:146)
	at org.springframework.boot.SpringApplication.refresh(SpringApplication.java:730)
	at org.springframework.boot.SpringApplication.refreshContext(SpringApplication.java:432)
	at org.springframework.boot.SpringApplication.run(SpringApplication.java:308)
	at org.springframework.boot.SpringApplication.run(SpringApplication.java:1302)
	at org.springframework.boot.SpringApplication.run(SpringApplication.java:1291)
	at nex.vts.backend.VtsBackendApplication.main(VtsBackendApplication.java:14)
	at java.base/jdk.internal.reflect.DirectMethodHandleAccessor.invoke(DirectMethodHandleAccessor.java:104)
	at java.base/java.lang.reflect.Method.invoke(Method.java:578)
	at org.springframework.boot.devtools.restart.RestartLauncher.run(RestartLauncher.java:49)
18:24:31.033 [restartedMain] INFO  o.s.b.d.env.DevToolsPropertyDefaultsPostProcessor - logTo:250 - Devtools property defaults active! Set 'spring.devtools.add-properties' to 'false' to disable
18:24:31.035 [restartedMain] INFO  o.s.b.d.env.DevToolsPropertyDefaultsPostProcessor - logTo:250 - For additional web related logging consider setting the 'logging.level.web' property to 'DEBUG'
18:24:31.067 [restartedMain] INFO  nex.vts.backend.VtsBackendApplication - logStarting:51 - Starting VtsBackendApplication using Java 19 with PID 8552 (D:\ATM_Java\Office_Nexdecade\VTS_BackEnd_Repo\VTS_BackEnd_Repo\vts_back-end_repo\target\classes started by User in D:\ATM_Java\Office_Nexdecade\VTS_BackEnd_Repo\VTS_BackEnd_Repo\vts_back-end_repo)
18:24:31.067 [restartedMain] DEBUG nex.vts.backend.VtsBackendApplication - logStarting:52 - Running with Spring Boot v3.0.1, Spring v6.0.3
18:24:31.067 [restartedMain] INFO  nex.vts.backend.VtsBackendApplication - logStartupProfileInfo:636 - The following 1 profile is active: "m2m"
18:24:32.863 [restartedMain] INFO  o.s.d.r.config.RepositoryConfigurationDelegate - registerRepositoriesIn:138 - Bootstrapping Spring Data JDBC repositories in DEFAULT mode.
18:24:32.892 [restartedMain] INFO  o.s.d.r.config.RepositoryConfigurationDelegate - registerRepositoriesIn:208 - Finished Spring Data repository scanning in 28 ms. Found 1 JDBC repository interfaces.
18:24:33.042 [restartedMain] INFO  o.s.boot.web.embedded.tomcat.TomcatWebServer - initialize:108 - Tomcat initialized with port(s): 8009 (http)
18:24:33.043 [restartedMain] INFO  org.apache.catalina.core.StandardService - log:173 - Starting service [Tomcat]
18:24:33.043 [restartedMain] INFO  org.apache.catalina.core.StandardEngine - log:173 - Starting Servlet engine: [Apache Tomcat/10.1.4]
18:24:33.079 [restartedMain] INFO  o.a.c.c.ContainerBase.[Tomcat-1].[localhost].[/] - log:173 - Initializing Spring embedded WebApplicationContext
18:24:33.080 [restartedMain] INFO  o.s.b.w.s.c.ServletWebServerApplicationContext - prepareWebApplicationContext:291 - Root WebApplicationContext: initialization completed in 2010 ms
18:24:33.221 [restartedMain] INFO  com.zaxxer.hikari.HikariDataSource - getConnection:110 - HikariPool-4 - Starting...
18:24:33.386 [restartedMain] INFO  com.zaxxer.hikari.pool.HikariPool - checkFailFast:565 - HikariPool-4 - Added connection oracle.jdbc.driver.T4CConnection@2db888f3
18:24:33.386 [restartedMain] INFO  com.zaxxer.hikari.HikariDataSource - getConnection:123 - HikariPool-4 - Start completed.
18:24:33.414 [restartedMain] DEBUG nex.vts.backend.filter.JwtAuthFilter - init:240 - Filter 'jwtAuthFilter' configured for use
18:24:33.625 [restartedMain] INFO  o.s.security.web.DefaultSecurityFilterChain - <init>:54 - Will secure any request with [org.springframework.security.web.session.DisableEncodeUrlFilter@37827ba7, org.springframework.security.web.context.request.async.WebAsyncManagerIntegrationFilter@69651ea6, org.springframework.security.web.context.SecurityContextHolderFilter@332dc72f, org.springframework.security.web.header.HeaderWriterFilter@751e365f, org.springframework.security.web.authentication.logout.LogoutFilter@3e2c02ab, nex.vts.backend.filter.JwtAuthFilter@3b583ed3, org.springframework.security.web.savedrequest.RequestCacheAwareFilter@5426abf0, org.springframework.security.web.servletapi.SecurityContextHolderAwareRequestFilter@500ed3e5, org.springframework.security.web.authentication.AnonymousAuthenticationFilter@141165d0, org.springframework.security.web.session.SessionManagementFilter@77389c07, org.springframework.security.web.access.ExceptionTranslationFilter@2cd976ac, org.springframework.security.web.access.intercept.AuthorizationFilter@7903265d]
18:24:33.763 [restartedMain] INFO  o.s.b.d.autoconfigure.OptionalLiveReloadServer - startServer:59 - LiveReload server is running on port 35729
18:24:33.901 [restartedMain] INFO  o.s.boot.web.embedded.tomcat.TomcatWebServer - start:220 - Tomcat started on port(s): 8009 (http) with context path ''
18:24:33.907 [restartedMain] INFO  nex.vts.backend.VtsBackendApplication - logStarted:57 - Started VtsBackendApplication in 2.911 seconds (process running for 296.91)
18:24:33.910 [restartedMain] INFO  o.s.b.d.a.ConditionEvaluationDeltaLoggingListener - onApplicationEvent:63 - Condition evaluation unchanged
18:27:15.345 [File Watcher] INFO  o.s.b.d.a.LocalDevToolsAutoConfiguration$RestartingClassPathChangeChangedEventListener - onApplicationEvent:211 - Restarting due to 201 class path changes (0 additions, 201 deletions, 0 modifications)
18:27:15.762 [Thread-24] INFO  org.apache.catalina.core.StandardService - log:173 - Stopping service [Tomcat]
18:27:15.776 [Thread-24] WARN  org.apache.catalina.loader.WebappClassLoaderBase - log:173 - The web application [ROOT] appears to have started a thread named [HikariPool-4 housekeeper] but has failed to stop it. This is very likely to create a memory leak. Stack trace of thread:
 java.base/jdk.internal.misc.Unsafe.park(Native Method)
 java.base/java.util.concurrent.locks.LockSupport.parkNanos(LockSupport.java:269)
 java.base/java.util.concurrent.locks.AbstractQueuedSynchronizer$ConditionObject.awaitNanos(AbstractQueuedSynchronizer.java:1674)
 java.base/java.util.concurrent.ScheduledThreadPoolExecutor$DelayedWorkQueue.take(ScheduledThreadPoolExecutor.java:1182)
 java.base/java.util.concurrent.ScheduledThreadPoolExecutor$DelayedWorkQueue.take(ScheduledThreadPoolExecutor.java:899)
 java.base/java.util.concurrent.ThreadPoolExecutor.getTask(ThreadPoolExecutor.java:1070)
 java.base/java.util.concurrent.ThreadPoolExecutor.runWorker(ThreadPoolExecutor.java:1130)
 java.base/java.util.concurrent.ThreadPoolExecutor$Worker.run(ThreadPoolExecutor.java:642)
 java.base/java.lang.Thread.run(Thread.java:1589)
18:27:15.793 [Thread-24] INFO  com.zaxxer.hikari.HikariDataSource - close:350 - HikariPool-4 - Shutdown initiated...
18:27:16.384 [Thread-24] INFO  com.zaxxer.hikari.HikariDataSource - close:352 - HikariPool-4 - Shutdown completed.
18:28:28.663 [restartedMain] INFO  nex.vts.backend.VtsBackendApplication - logStarting:51 - Starting VtsBackendApplication using Java 19 with PID 8552 (D:\ATM_Java\Office_Nexdecade\VTS_BackEnd_Repo\VTS_BackEnd_Repo\vts_back-end_repo\target\classes started by User in D:\ATM_Java\Office_Nexdecade\VTS_BackEnd_Repo\VTS_BackEnd_Repo\vts_back-end_repo)
18:28:28.663 [restartedMain] DEBUG nex.vts.backend.VtsBackendApplication - logStarting:52 - Running with Spring Boot v3.0.1, Spring v6.0.3
18:28:28.663 [restartedMain] INFO  nex.vts.backend.VtsBackendApplication - logStartupProfileInfo:636 - The following 1 profile is active: "m2m"
18:28:28.964 [restartedMain] INFO  o.s.d.r.config.RepositoryConfigurationDelegate - registerRepositoriesIn:138 - Bootstrapping Spring Data JDBC repositories in DEFAULT mode.
18:28:28.988 [restartedMain] INFO  o.s.d.r.config.RepositoryConfigurationDelegate - registerRepositoriesIn:208 - Finished Spring Data repository scanning in 23 ms. Found 1 JDBC repository interfaces.
18:28:29.228 [restartedMain] INFO  o.s.boot.web.embedded.tomcat.TomcatWebServer - initialize:108 - Tomcat initialized with port(s): 8009 (http)
18:28:29.228 [restartedMain] INFO  org.apache.catalina.core.StandardService - log:173 - Starting service [Tomcat]
18:28:29.228 [restartedMain] INFO  org.apache.catalina.core.StandardEngine - log:173 - Starting Servlet engine: [Apache Tomcat/10.1.4]
18:28:29.253 [restartedMain] INFO  o.a.c.c.ContainerBase.[Tomcat-1].[localhost].[/] - log:173 - Initializing Spring embedded WebApplicationContext
18:28:29.253 [restartedMain] INFO  o.s.b.w.s.c.ServletWebServerApplicationContext - prepareWebApplicationContext:291 - Root WebApplicationContext: initialization completed in 588 ms
18:28:29.489 [restartedMain] INFO  com.zaxxer.hikari.HikariDataSource - getConnection:110 - HikariPool-6 - Starting...
18:28:29.860 [restartedMain] INFO  com.zaxxer.hikari.pool.HikariPool - checkFailFast:565 - HikariPool-6 - Added connection oracle.jdbc.driver.T4CConnection@30e9505e
18:28:29.860 [restartedMain] INFO  com.zaxxer.hikari.HikariDataSource - getConnection:123 - HikariPool-6 - Start completed.
18:28:29.904 [restartedMain] DEBUG nex.vts.backend.filter.JwtAuthFilter - init:240 - Filter 'jwtAuthFilter' configured for use
18:28:30.154 [restartedMain] INFO  o.s.security.web.DefaultSecurityFilterChain - <init>:54 - Will secure any request with [org.springframework.security.web.session.DisableEncodeUrlFilter@4a071009, org.springframework.security.web.context.request.async.WebAsyncManagerIntegrationFilter@7e56a42c, org.springframework.security.web.context.SecurityContextHolderFilter@427150bf, org.springframework.security.web.header.HeaderWriterFilter@6ad5deab, org.springframework.security.web.authentication.logout.LogoutFilter@35e030bd, nex.vts.backend.filter.JwtAuthFilter@757f9b51, org.springframework.security.web.savedrequest.RequestCacheAwareFilter@987b1f7, org.springframework.security.web.servletapi.SecurityContextHolderAwareRequestFilter@4de306ea, org.springframework.security.web.authentication.AnonymousAuthenticationFilter@1ed587d6, org.springframework.security.web.session.SessionManagementFilter@2164324, org.springframework.security.web.access.ExceptionTranslationFilter@111b44d2, org.springframework.security.web.access.intercept.AuthorizationFilter@545da568]
18:28:30.265 [restartedMain] INFO  o.s.b.d.autoconfigure.OptionalLiveReloadServer - startServer:59 - LiveReload server is running on port 35729
18:28:30.327 [restartedMain] INFO  o.s.boot.web.embedded.tomcat.TomcatWebServer - start:220 - Tomcat started on port(s): 8009 (http) with context path ''
18:28:30.331 [restartedMain] INFO  nex.vts.backend.VtsBackendApplication - logStarted:57 - Started VtsBackendApplication in 1.734 seconds (process running for 533.333)
18:28:30.332 [restartedMain] INFO  o.s.b.d.a.ConditionEvaluationDeltaLoggingListener - onApplicationEvent:63 - Condition evaluation unchanged
18:36:07.696 [SpringApplicationShutdownHook] INFO  com.zaxxer.hikari.HikariDataSource - close:350 - HikariPool-6 - Shutdown initiated...
18:36:07.785 [SpringApplicationShutdownHook] INFO  com.zaxxer.hikari.HikariDataSource - close:352 - HikariPool-6 - Shutdown completed.
