18:33:22.677 [restartedMain] INFO  nex.vts.backend.VtsBackendApplication - logStarting:51 - Starting VtsBackendApplication using Java 19 with PID 6292 (D:\ATM_Java\Office_Nexdecade\VTS_BackEnd_Repo\VTS_BackEnd_Repo\vts_back-end_repo\target\classes started by User in D:\ATM_Java\Office_Nexdecade\VTS_BackEnd_Repo\VTS_BackEnd_Repo\vts_back-end_repo)
18:33:22.681 [restartedMain] DEBUG nex.vts.backend.VtsBackendApplication - logStarting:52 - Running with Spring Boot v3.0.1, Spring v6.0.3
18:33:22.683 [restartedMain] INFO  nex.vts.backend.VtsBackendApplication - logStartupProfileInfo:636 - The following 1 profile is active: "m2m"
18:33:22.750 [restartedMain] WARN  o.s.core.annotation.AnnotationTypeMapping - addConventionMappings:320 - Support for convention-based annotation attribute overrides is deprecated and will be removed in Spring Framework 6.1. Please annotate the following attributes in @org.springframework.retry.annotation.EnableRetry with appropriate @AliasFor declarations: [proxyTargetClass]
18:33:22.778 [restartedMain] INFO  o.s.boot.devtools.restart.ChangeableUrls - logTo:250 - The Class-Path manifest attribute in C:\Users\User\.m2\repository\com\oracle\database\jdbc\ojdbc8\21.7.0.0\ojdbc8-21.7.0.0.jar referenced one or more files that do not exist: file:/C:/Users/User/.m2/repository/com/oracle/database/jdbc/ojdbc8/21.7.0.0/oraclepki.jar
18:33:22.778 [restartedMain] INFO  o.s.b.d.env.DevToolsPropertyDefaultsPostProcessor - logTo:250 - Devtools property defaults active! Set 'spring.devtools.add-properties' to 'false' to disable
18:33:22.779 [restartedMain] INFO  o.s.b.d.env.DevToolsPropertyDefaultsPostProcessor - logTo:250 - For additional web related logging consider setting the 'logging.level.web' property to 'DEBUG'
18:33:23.980 [restartedMain] INFO  o.s.d.r.config.RepositoryConfigurationDelegate - registerRepositoriesIn:138 - Bootstrapping Spring Data JDBC repositories in DEFAULT mode.
18:33:24.012 [restartedMain] INFO  o.s.d.r.config.RepositoryConfigurationDelegate - registerRepositoriesIn:208 - Finished Spring Data repository scanning in 27 ms. Found 0 JDBC repository interfaces.
18:33:24.831 [restartedMain] INFO  o.s.b.w.e.jetty.JettyServletWebServerFactory - getWebServer:164 - Server initialized with port: 8009
18:33:24.833 [restartedMain] INFO  org.eclipse.jetty.server.Server - doStart:384 - jetty-11.0.13; built: 2022-12-07T20:47:15.149Z; git: a04bd1ccf844cf9bebc12129335d7493111cbff6; jvm 19+36-2238
18:33:24.880 [restartedMain] INFO  o.e.j.server.handler.ContextHandler.application - log:2349 - Initializing Spring embedded WebApplicationContext
18:33:24.881 [restartedMain] INFO  o.s.b.w.s.c.ServletWebServerApplicationContext - prepareWebApplicationContext:291 - Root WebApplicationContext: initialization completed in 2101 ms
18:33:25.259 [restartedMain] INFO  com.zaxxer.hikari.HikariDataSource - getConnection:110 - HikariPool-1 - Starting...
18:33:25.831 [restartedMain] INFO  com.zaxxer.hikari.pool.HikariPool - checkFailFast:565 - HikariPool-1 - Added connection oracle.jdbc.driver.T4CConnection@7f3903fd
18:33:25.835 [restartedMain] INFO  com.zaxxer.hikari.HikariDataSource - getConnection:123 - HikariPool-1 - Start completed.
18:33:25.964 [restartedMain] INFO  o.e.jetty.server.session.DefaultSessionIdManager - doStart:332 - Session workerName=node0
18:33:25.973 [restartedMain] INFO  org.eclipse.jetty.server.handler.ContextHandler - doStart:906 - Started o.s.b.w.e.j.JettyEmbeddedWebAppContext@866cdb4{application,/,[file:///C:/Users/User/AppData/Local/Temp/jetty-docbase.8009.16090676539093001049/],AVAILABLE}
18:33:25.977 [restartedMain] INFO  org.eclipse.jetty.server.Server - doStart:439 - Started Server@2c6ffda{STARTING}[11.0.13,sto=0] @5331ms
18:33:26.522 [restartedMain] INFO  o.s.security.web.DefaultSecurityFilterChain - <init>:54 - Will secure any request with [org.springframework.security.web.session.DisableEncodeUrlFilter@408a9f6c, org.springframework.security.web.context.request.async.WebAsyncManagerIntegrationFilter@7efb1814, org.springframework.security.web.context.SecurityContextHolderFilter@29602b44, org.springframework.security.web.header.HeaderWriterFilter@417a6d60, org.springframework.security.web.authentication.logout.LogoutFilter@5cca5aa2, nex.vts.backend.filter.JwtAuthFilter@78ebea82, org.springframework.security.web.savedrequest.RequestCacheAwareFilter@7f2dde4a, org.springframework.security.web.servletapi.SecurityContextHolderAwareRequestFilter@14e11830, org.springframework.security.web.authentication.AnonymousAuthenticationFilter@561d389a, org.springframework.security.web.session.SessionManagementFilter@2087e387, org.springframework.security.web.access.ExceptionTranslationFilter@6970cdb9, org.springframework.security.web.access.intercept.AuthorizationFilter@4e8e0829]
18:33:26.872 [restartedMain] INFO  o.s.b.d.autoconfigure.OptionalLiveReloadServer - startServer:59 - LiveReload server is running on port 35729
18:33:26.899 [restartedMain] DEBUG nex.vts.backend.filter.JwtAuthFilter - init:240 - Filter 'jwtAuthFilter' configured for use
18:33:26.901 [restartedMain] INFO  o.e.j.server.handler.ContextHandler.application - log:2349 - Initializing Spring DispatcherServlet 'dispatcherServlet'
18:33:26.901 [restartedMain] INFO  org.springframework.web.servlet.DispatcherServlet - initServletBean:532 - Initializing Servlet 'dispatcherServlet'
18:33:26.903 [restartedMain] INFO  org.springframework.web.servlet.DispatcherServlet - initServletBean:554 - Completed initialization in 1 ms
18:33:26.929 [restartedMain] INFO  org.eclipse.jetty.server.AbstractConnector - doStart:376 - Started ServerConnector@2ec56239{HTTP/1.1, (http/1.1)}{0.0.0.0:8009}
18:33:26.930 [restartedMain] INFO  o.s.boot.web.embedded.jetty.JettyWebServer - start:171 - Jetty started on port(s) 8009 (http/1.1) with context path '/'
18:33:26.942 [restartedMain] INFO  nex.vts.backend.VtsBackendApplication - logStarted:57 - Started VtsBackendApplication in 5.173 seconds (process running for 6.297)
18:33:31.181 [SpringApplicationShutdownHook] INFO  org.eclipse.jetty.server.Server - doStop:479 - Stopped Server@2c6ffda{STOPPING}[11.0.13,sto=0]
18:33:31.185 [SpringApplicationShutdownHook] INFO  org.eclipse.jetty.server.AbstractConnector - doStop:431 - Stopped ServerConnector@2ec56239{HTTP/1.1, (http/1.1)}{0.0.0.0:8009}
18:33:31.186 [SpringApplicationShutdownHook] INFO  o.e.j.server.handler.ContextHandler.application - log:2349 - Destroying Spring FrameworkServlet 'dispatcherServlet'
18:33:31.187 [SpringApplicationShutdownHook] INFO  org.eclipse.jetty.server.handler.ContextHandler - doStop:1122 - Stopped o.s.b.w.e.j.JettyEmbeddedWebAppContext@866cdb4{application,/,[file:///C:/Users/User/AppData/Local/Temp/jetty-docbase.8009.16090676539093001049/],STOPPED}
18:33:31.194 [SpringApplicationShutdownHook] INFO  com.zaxxer.hikari.HikariDataSource - close:350 - HikariPool-1 - Shutdown initiated...
18:33:31.252 [SpringApplicationShutdownHook] INFO  com.zaxxer.hikari.HikariDataSource - close:352 - HikariPool-1 - Shutdown completed.
