11:07:38.112 [restartedMain] INFO  i.l.l.s.o.k.m.internal.SourceInvocationHandler - lookupCollectorClass:134 - Unable to find collector for io.logz.logback-appender.sender.org.kairosdb.bigqueue.metrics.BigArrayStats.appendData
11:07:38.101 [restartedMain] INFO  nex.vts.backend.VtsBackendApplication - logStarting:51 - Starting VtsBackendApplication using Java 17.0.8 with PID 18088 (C:\Users\maruf\Documents\intelllij_code\Team_Work_Project\vts_back-end_repo\target\classes started by maruf in C:\Users\maruf\Documents\intelllij_code\Team_Work_Project\vts_back-end_repo)
11:07:38.138 [restartedMain] DEBUG nex.vts.backend.VtsBackendApplication - logStarting:52 - Running with Spring Boot v3.0.1, Spring v6.0.3
11:07:38.140 [restartedMain] INFO  nex.vts.backend.VtsBackendApplication - logStartupProfileInfo:636 - The following 1 profile is active: "m2m"
11:07:38.209 [restartedMain] WARN  o.s.core.annotation.AnnotationTypeMapping - addConventionMappings:320 - Support for convention-based annotation attribute overrides is deprecated and will be removed in Spring Framework 6.1. Please annotate the following attributes in @org.springframework.retry.annotation.EnableRetry with appropriate @AliasFor declarations: [proxyTargetClass]
11:07:38.237 [restartedMain] INFO  o.s.boot.devtools.restart.ChangeableUrls - logTo:250 - The Class-Path manifest attribute in C:\Users\maruf\.m2\repository\com\oracle\database\jdbc\ojdbc8\21.7.0.0\ojdbc8-21.7.0.0.jar referenced one or more files that do not exist: file:/C:/Users/maruf/.m2/repository/com/oracle/database/jdbc/ojdbc8/21.7.0.0/oraclepki.jar
11:07:38.239 [restartedMain] INFO  o.s.b.d.env.DevToolsPropertyDefaultsPostProcessor - logTo:250 - Devtools property defaults active! Set 'spring.devtools.add-properties' to 'false' to disable
11:07:38.240 [restartedMain] INFO  o.s.b.d.env.DevToolsPropertyDefaultsPostProcessor - logTo:250 - For additional web related logging consider setting the 'logging.level.web' property to 'DEBUG'
11:07:40.609 [restartedMain] INFO  o.s.d.r.config.RepositoryConfigurationDelegate - registerRepositoriesIn:138 - Bootstrapping Spring Data JDBC repositories in DEFAULT mode.
11:07:40.698 [restartedMain] INFO  o.s.d.r.config.RepositoryConfigurationDelegate - registerRepositoriesIn:208 - Finished Spring Data repository scanning in 78 ms. Found 1 JDBC repository interfaces.
11:07:41.490 [restartedMain] INFO  o.s.boot.web.embedded.tomcat.TomcatWebServer - initialize:108 - Tomcat initialized with port(s): 8009 (http)
11:07:41.502 [restartedMain] INFO  org.apache.coyote.http11.Http11NioProtocol - log:173 - Initializing ProtocolHandler ["http-nio-8009"]
11:07:41.503 [restartedMain] INFO  org.apache.catalina.core.StandardService - log:173 - Starting service [Tomcat]
11:07:41.504 [restartedMain] INFO  org.apache.catalina.core.StandardEngine - log:173 - Starting Servlet engine: [Apache Tomcat/10.1.4]
11:07:41.567 [restartedMain] INFO  o.a.c.core.ContainerBase.[Tomcat].[localhost].[/] - log:173 - Initializing Spring embedded WebApplicationContext
11:07:41.568 [restartedMain] INFO  o.s.b.w.s.c.ServletWebServerApplicationContext - prepareWebApplicationContext:291 - Root WebApplicationContext: initialization completed in 3326 ms
11:07:41.889 [restartedMain] INFO  com.zaxxer.hikari.HikariDataSource - getConnection:110 - HikariPool-1 - Starting...
11:07:42.286 [restartedMain] INFO  com.zaxxer.hikari.pool.HikariPool - checkFailFast:565 - HikariPool-1 - Added connection oracle.jdbc.driver.T4CConnection@590e5102
11:07:42.286 [restartedMain] INFO  com.zaxxer.hikari.HikariDataSource - getConnection:123 - HikariPool-1 - Start completed.
11:07:42.349 [restartedMain] DEBUG nex.vts.backend.filter.JwtAuthFilter - init:240 - Filter 'jwtAuthFilter' configured for use
11:07:42.790 [restartedMain] INFO  o.s.security.web.DefaultSecurityFilterChain - <init>:54 - Will secure any request with [org.springframework.security.web.session.DisableEncodeUrlFilter@f11041a, org.springframework.security.web.context.request.async.WebAsyncManagerIntegrationFilter@2a3b84ec, org.springframework.security.web.context.SecurityContextHolderFilter@f09319b, org.springframework.security.web.header.HeaderWriterFilter@11f66c6b, org.springframework.security.web.authentication.logout.LogoutFilter@431a9671, nex.vts.backend.filter.JwtAuthFilter@36c663da, org.springframework.security.web.savedrequest.RequestCacheAwareFilter@35e5a332, org.springframework.security.web.servletapi.SecurityContextHolderAwareRequestFilter@12157d30, org.springframework.security.web.authentication.AnonymousAuthenticationFilter@12e35162, org.springframework.security.web.session.SessionManagementFilter@626815e3, org.springframework.security.web.access.ExceptionTranslationFilter@6e28d8f, org.springframework.security.web.access.intercept.AuthorizationFilter@7ffb5e9a]
11:07:42.884 [logback-1] INFO  i.l.l.s.o.k.m.internal.SourceInvocationHandler - lookupCollectorClass:134 - Unable to find collector for io.logz.logback-appender.sender.org.kairosdb.bigqueue.metrics.BigArrayStats.getData
11:07:43.132 [restartedMain] INFO  o.s.b.d.autoconfigure.OptionalLiveReloadServer - startServer:59 - LiveReload server is running on port 35729
11:07:43.309 [restartedMain] INFO  org.apache.coyote.http11.Http11NioProtocol - log:173 - Starting ProtocolHandler ["http-nio-8009"]
11:07:43.331 [restartedMain] INFO  o.s.boot.web.embedded.tomcat.TomcatWebServer - start:220 - Tomcat started on port(s): 8009 (http) with context path ''
11:07:43.342 [restartedMain] INFO  nex.vts.backend.VtsBackendApplication - logStarted:57 - Started VtsBackendApplication in 6.369 seconds (process running for 7.803)
11:10:36.778 [http-nio-8009-exec-2] INFO  o.a.c.core.ContainerBase.[Tomcat].[localhost].[/] - log:173 - Initializing Spring DispatcherServlet 'dispatcherServlet'
11:10:36.779 [http-nio-8009-exec-2] INFO  org.springframework.web.servlet.DispatcherServlet - initServletBean:532 - Initializing Servlet 'dispatcherServlet'
11:10:36.783 [http-nio-8009-exec-2] INFO  org.springframework.web.servlet.DispatcherServlet - initServletBean:554 - Completed initialization in 4 ms
11:10:36.876 [http-nio-8009-exec-2] ERROR o.a.c.c.C.[.[localhost].[/].[dispatcherServlet] - log:175 - Servlet.service() for servlet [dispatcherServlet] in context with path [] threw exception
nex.vts.backend.exceptions.AppCommonException: 4051##Token is Expired##1##1
	at nex.vts.backend.services.JwtService.extractClaim(JwtService.java:42)
	at nex.vts.backend.services.JwtService.extractUsername(JwtService.java:24)
	at nex.vts.backend.filter.JwtAuthFilter.doFilterInternal(JwtAuthFilter.java:37)
	at org.springframework.web.filter.OncePerRequestFilter.doFilter(OncePerRequestFilter.java:116)
	at org.springframework.security.web.FilterChainProxy$VirtualFilterChain.doFilter(FilterChainProxy.java:374)
	at org.springframework.security.web.authentication.logout.LogoutFilter.doFilter(LogoutFilter.java:107)
	at org.springframework.security.web.authentication.logout.LogoutFilter.doFilter(LogoutFilter.java:93)
	at org.springframework.security.web.FilterChainProxy$VirtualFilterChain.doFilter(FilterChainProxy.java:374)
	at org.springframework.security.web.header.HeaderWriterFilter.doHeadersAfter(HeaderWriterFilter.java:90)
	at org.springframework.security.web.header.HeaderWriterFilter.doFilterInternal(HeaderWriterFilter.java:75)
	at org.springframework.web.filter.OncePerRequestFilter.doFilter(OncePerRequestFilter.java:116)
	at org.springframework.security.web.FilterChainProxy$VirtualFilterChain.doFilter(FilterChainProxy.java:374)
	at org.springframework.security.web.context.SecurityContextHolderFilter.doFilter(SecurityContextHolderFilter.java:82)
	at org.springframework.security.web.context.SecurityContextHolderFilter.doFilter(SecurityContextHolderFilter.java:69)
	at org.springframework.security.web.FilterChainProxy$VirtualFilterChain.doFilter(FilterChainProxy.java:374)
	at org.springframework.security.web.context.request.async.WebAsyncManagerIntegrationFilter.doFilterInternal(WebAsyncManagerIntegrationFilter.java:62)
	at org.springframework.web.filter.OncePerRequestFilter.doFilter(OncePerRequestFilter.java:116)
	at org.springframework.security.web.FilterChainProxy$VirtualFilterChain.doFilter(FilterChainProxy.java:374)
	at org.springframework.security.web.session.DisableEncodeUrlFilter.doFilterInternal(DisableEncodeUrlFilter.java:42)
	at org.springframework.web.filter.OncePerRequestFilter.doFilter(OncePerRequestFilter.java:116)
	at org.springframework.security.web.FilterChainProxy$VirtualFilterChain.doFilter(FilterChainProxy.java:374)
	at org.springframework.security.web.FilterChainProxy.doFilterInternal(FilterChainProxy.java:233)
	at org.springframework.security.web.FilterChainProxy.doFilter(FilterChainProxy.java:191)
	at org.springframework.web.filter.DelegatingFilterProxy.invokeDelegate(DelegatingFilterProxy.java:351)
	at org.springframework.web.filter.DelegatingFilterProxy.doFilter(DelegatingFilterProxy.java:267)
	at org.apache.catalina.core.ApplicationFilterChain.internalDoFilter(ApplicationFilterChain.java:185)
	at org.apache.catalina.core.ApplicationFilterChain.doFilter(ApplicationFilterChain.java:158)
	at org.springframework.web.filter.RequestContextFilter.doFilterInternal(RequestContextFilter.java:100)
	at org.springframework.web.filter.OncePerRequestFilter.doFilter(OncePerRequestFilter.java:116)
	at org.apache.catalina.core.ApplicationFilterChain.internalDoFilter(ApplicationFilterChain.java:185)
	at org.apache.catalina.core.ApplicationFilterChain.doFilter(ApplicationFilterChain.java:158)
	at org.springframework.web.filter.FormContentFilter.doFilterInternal(FormContentFilter.java:93)
	at org.springframework.web.filter.OncePerRequestFilter.doFilter(OncePerRequestFilter.java:116)
	at org.apache.catalina.core.ApplicationFilterChain.internalDoFilter(ApplicationFilterChain.java:185)
	at org.apache.catalina.core.ApplicationFilterChain.doFilter(ApplicationFilterChain.java:158)
	at org.springframework.web.filter.CharacterEncodingFilter.doFilterInternal(CharacterEncodingFilter.java:201)
	at org.springframework.web.filter.OncePerRequestFilter.doFilter(OncePerRequestFilter.java:116)
	at org.apache.catalina.core.ApplicationFilterChain.internalDoFilter(ApplicationFilterChain.java:185)
	at org.apache.catalina.core.ApplicationFilterChain.doFilter(ApplicationFilterChain.java:158)
	at org.apache.catalina.core.StandardWrapperValve.invoke(StandardWrapperValve.java:177)
	at org.apache.catalina.core.StandardContextValve.invoke(StandardContextValve.java:97)
	at org.apache.catalina.authenticator.AuthenticatorBase.invoke(AuthenticatorBase.java:542)
	at org.apache.catalina.core.StandardHostValve.invoke(StandardHostValve.java:119)
	at org.apache.catalina.valves.ErrorReportValve.invoke(ErrorReportValve.java:92)
	at org.apache.catalina.core.StandardEngineValve.invoke(StandardEngineValve.java:78)
	at org.apache.catalina.connector.CoyoteAdapter.service(CoyoteAdapter.java:357)
	at org.apache.coyote.http11.Http11Processor.service(Http11Processor.java:400)
	at org.apache.coyote.AbstractProcessorLight.process(AbstractProcessorLight.java:65)
	at org.apache.coyote.AbstractProtocol$ConnectionHandler.process(AbstractProtocol.java:859)
	at org.apache.tomcat.util.net.NioEndpoint$SocketProcessor.doRun(NioEndpoint.java:1734)
	at org.apache.tomcat.util.net.SocketProcessorBase.run(SocketProcessorBase.java:52)
	at org.apache.tomcat.util.threads.ThreadPoolExecutor.runWorker(ThreadPoolExecutor.java:1191)
	at org.apache.tomcat.util.threads.ThreadPoolExecutor$Worker.run(ThreadPoolExecutor.java:659)
	at org.apache.tomcat.util.threads.TaskThread$WrappingRunnable.run(TaskThread.java:61)
	at java.base/java.lang.Thread.run(Thread.java:833)
11:10:36.949 [http-nio-8009-exec-2] WARN  o.s.w.s.m.m.a.ExceptionHandlerExceptionResolver - logException:207 - Resolved [org.springframework.security.authentication.InsufficientAuthenticationException: Full authentication is required to access this resource]
11:10:56.116 [http-nio-8009-exec-3] TRACE nex.vts.backend.repoImpl.RepoVtsLoginUser - findByUserName:23 - Executing query to find user by username: integrated.security
11:10:56.124 [http-nio-8009-exec-3] DEBUG org.springframework.jdbc.core.JdbcTemplate - query:711 - Executing prepared SQL query
11:10:56.128 [http-nio-8009-exec-3] DEBUG org.springframework.jdbc.core.JdbcTemplate - execute:643 - Executing prepared SQL statement [SELECT *
FROM (SELECT *
      FROM VTS_LOGIN_USER
      WHERE USERNAME = ?
      ORDER BY ID ASC)
WHERE ROWNUM <= 1]
11:10:56.440 [http-nio-8009-exec-3] DEBUG nex.vts.backend.repositories.LoginUserInformation - caseOneAccountInfo:57 - Executing query to get parent profile id of extended type client 7215
11:10:56.441 [http-nio-8009-exec-3] DEBUG org.springframework.jdbc.core.JdbcTemplate - query:711 - Executing prepared SQL query
11:10:56.442 [http-nio-8009-exec-3] DEBUG org.springframework.jdbc.core.JdbcTemplate - execute:643 - Executing prepared SQL statement [SELECT ID,
       USER_ID,
       COMPANY_NAME,
       CLIENT_TYPE,
       COMPANY_ADDRESS,
       ADDRESS2,
       COMPANY_CELL,
       COMPANY_TEL,
       COMPANY_EMAIL,
       ACTIVATION
  FROM nex_corporate_client
 WHERE     ID = ?
       AND USER_ID = ?
       AND PASSWORD = ?
       AND ACTIVATION = 1
       AND OPERATORID = 3]
11:11:12.466 [http-nio-8009-exec-4] TRACE nex.vts.backend.repoImpl.RepoVtsLoginUser - findByUserName:23 - Executing query to find user by username: integrated.security
11:11:12.467 [http-nio-8009-exec-4] DEBUG org.springframework.jdbc.core.JdbcTemplate - query:711 - Executing prepared SQL query
11:11:12.472 [http-nio-8009-exec-4] DEBUG org.springframework.jdbc.core.JdbcTemplate - execute:643 - Executing prepared SQL statement [SELECT *
FROM (SELECT *
      FROM VTS_LOGIN_USER
      WHERE USERNAME = ?
      ORDER BY ID ASC)
WHERE ROWNUM <= 1]
11:11:58.796 [HikariPool-1 housekeeper] WARN  com.zaxxer.hikari.pool.HikariPool - run:804 - HikariPool-1 - Thread starvation or clock leap detected (housekeeper delta=46s352ms924µs800ns).
11:12:01.760 [http-nio-8009-exec-4] DEBUG org.springframework.jdbc.core.JdbcTemplate - update:958 - Executing prepared SQL update
11:12:01.765 [http-nio-8009-exec-4] DEBUG org.springframework.jdbc.core.JdbcTemplate - execute:643 - Executing prepared SQL statement [call PROC_HIS_DATA_TD (?,?, ?,?)]
11:12:02.098 [http-nio-8009-exec-4] DEBUG org.springframework.jdbc.core.JdbcTemplate - query:711 - Executing prepared SQL query
11:12:02.102 [http-nio-8009-exec-4] DEBUG org.springframework.jdbc.core.JdbcTemplate - execute:643 - Executing prepared SQL statement [select ROWNUM                                 ROWNO,
       ID,
       VEHICLEID,
       GROUPID,
       HEAD,
       to_char(time, 'DD-MM-YYYY HH24:MI:SS') TIME_STAMP,
       LAT,
       LONGS,
       TIME_IN_NUMBER,
       POSITION,
       SPEED
FROM (select ID,
             VEHICLEID,
             GROUPID,
             HEAD,
             TIME,
             LAT,
             LONGS,
             TIME_IN_NUMBER,
             POSITION,
             SPEED
      FROM nex_historyrecv_gtt
      where VEHICLEID = to_char(?)
        and TIME_IN_NUMBER between ? and ?)
order by time_in_number ASC]
11:14:54.362 [restartedMain] INFO  i.l.l.s.o.k.m.internal.SourceInvocationHandler - lookupCollectorClass:134 - Unable to find collector for io.logz.logback-appender.sender.org.kairosdb.bigqueue.metrics.BigArrayStats.appendData
11:14:54.355 [restartedMain] INFO  nex.vts.backend.VtsBackendApplication - logStarting:51 - Starting VtsBackendApplication using Java 17.0.8 with PID 26748 (C:\Users\maruf\Documents\intelllij_code\Team_Work_Project\vts_back-end_repo\target\classes started by maruf in C:\Users\maruf\Documents\intelllij_code\Team_Work_Project\vts_back-end_repo)
11:14:54.372 [restartedMain] DEBUG nex.vts.backend.VtsBackendApplication - logStarting:52 - Running with Spring Boot v3.0.1, Spring v6.0.3
11:14:54.374 [restartedMain] INFO  nex.vts.backend.VtsBackendApplication - logStartupProfileInfo:636 - The following 1 profile is active: "m2m"
11:14:54.411 [restartedMain] WARN  o.s.core.annotation.AnnotationTypeMapping - addConventionMappings:320 - Support for convention-based annotation attribute overrides is deprecated and will be removed in Spring Framework 6.1. Please annotate the following attributes in @org.springframework.retry.annotation.EnableRetry with appropriate @AliasFor declarations: [proxyTargetClass]
11:14:54.422 [restartedMain] INFO  o.s.boot.devtools.restart.ChangeableUrls - logTo:250 - The Class-Path manifest attribute in C:\Users\maruf\.m2\repository\com\oracle\database\jdbc\ojdbc8\21.7.0.0\ojdbc8-21.7.0.0.jar referenced one or more files that do not exist: file:/C:/Users/maruf/.m2/repository/com/oracle/database/jdbc/ojdbc8/21.7.0.0/oraclepki.jar
11:14:54.423 [restartedMain] INFO  o.s.b.d.env.DevToolsPropertyDefaultsPostProcessor - logTo:250 - Devtools property defaults active! Set 'spring.devtools.add-properties' to 'false' to disable
11:14:54.423 [restartedMain] INFO  o.s.b.d.env.DevToolsPropertyDefaultsPostProcessor - logTo:250 - For additional web related logging consider setting the 'logging.level.web' property to 'DEBUG'
11:14:55.186 [restartedMain] INFO  o.s.d.r.config.RepositoryConfigurationDelegate - registerRepositoriesIn:138 - Bootstrapping Spring Data JDBC repositories in DEFAULT mode.
11:14:55.246 [restartedMain] INFO  o.s.d.r.config.RepositoryConfigurationDelegate - registerRepositoriesIn:208 - Finished Spring Data repository scanning in 54 ms. Found 1 JDBC repository interfaces.
11:14:55.820 [restartedMain] INFO  o.s.boot.web.embedded.tomcat.TomcatWebServer - initialize:108 - Tomcat initialized with port(s): 8009 (http)
11:14:55.829 [restartedMain] INFO  org.apache.coyote.http11.Http11NioProtocol - log:173 - Initializing ProtocolHandler ["http-nio-8009"]
11:14:55.830 [restartedMain] INFO  org.apache.catalina.core.StandardService - log:173 - Starting service [Tomcat]
11:14:55.831 [restartedMain] INFO  org.apache.catalina.core.StandardEngine - log:173 - Starting Servlet engine: [Apache Tomcat/10.1.4]
11:14:55.885 [restartedMain] INFO  o.a.c.core.ContainerBase.[Tomcat].[localhost].[/] - log:173 - Initializing Spring embedded WebApplicationContext
11:14:55.886 [restartedMain] INFO  o.s.b.w.s.c.ServletWebServerApplicationContext - prepareWebApplicationContext:291 - Root WebApplicationContext: initialization completed in 1461 ms
11:14:56.160 [restartedMain] INFO  com.zaxxer.hikari.HikariDataSource - getConnection:110 - HikariPool-1 - Starting...
11:14:56.542 [restartedMain] INFO  com.zaxxer.hikari.pool.HikariPool - checkFailFast:565 - HikariPool-1 - Added connection oracle.jdbc.driver.T4CConnection@6ce1d16c
11:14:56.544 [restartedMain] INFO  com.zaxxer.hikari.HikariDataSource - getConnection:123 - HikariPool-1 - Start completed.
11:14:56.612 [restartedMain] DEBUG nex.vts.backend.filter.JwtAuthFilter - init:240 - Filter 'jwtAuthFilter' configured for use
11:14:56.966 [restartedMain] INFO  o.s.security.web.DefaultSecurityFilterChain - <init>:54 - Will secure any request with [org.springframework.security.web.session.DisableEncodeUrlFilter@54d4e1ef, org.springframework.security.web.context.request.async.WebAsyncManagerIntegrationFilter@60eb5e8, org.springframework.security.web.context.SecurityContextHolderFilter@2faa0fc4, org.springframework.security.web.header.HeaderWriterFilter@35a8710c, org.springframework.security.web.authentication.logout.LogoutFilter@71ec9136, nex.vts.backend.filter.JwtAuthFilter@a4ed2e2, org.springframework.security.web.savedrequest.RequestCacheAwareFilter@12226d32, org.springframework.security.web.servletapi.SecurityContextHolderAwareRequestFilter@5d00e6f1, org.springframework.security.web.authentication.AnonymousAuthenticationFilter@24a06310, org.springframework.security.web.session.SessionManagementFilter@5ec35b6f, org.springframework.security.web.access.ExceptionTranslationFilter@2f95f796, org.springframework.security.web.access.intercept.AuthorizationFilter@26fe9edb]
11:14:57.191 [restartedMain] INFO  o.s.b.d.autoconfigure.OptionalLiveReloadServer - startServer:59 - LiveReload server is running on port 35729
11:14:57.345 [restartedMain] INFO  org.apache.coyote.http11.Http11NioProtocol - log:173 - Starting ProtocolHandler ["http-nio-8009"]
11:14:57.360 [restartedMain] INFO  o.s.boot.web.embedded.tomcat.TomcatWebServer - start:220 - Tomcat started on port(s): 8009 (http) with context path ''
11:14:57.370 [restartedMain] INFO  nex.vts.backend.VtsBackendApplication - logStarted:57 - Started VtsBackendApplication in 3.697 seconds (process running for 4.432)
11:14:59.219 [logback-1] INFO  i.l.l.s.o.k.m.internal.SourceInvocationHandler - lookupCollectorClass:134 - Unable to find collector for io.logz.logback-appender.sender.org.kairosdb.bigqueue.metrics.BigArrayStats.getData
11:15:04.837 [http-nio-8009-exec-1] INFO  o.a.c.core.ContainerBase.[Tomcat].[localhost].[/] - log:173 - Initializing Spring DispatcherServlet 'dispatcherServlet'
11:15:04.838 [http-nio-8009-exec-1] INFO  org.springframework.web.servlet.DispatcherServlet - initServletBean:532 - Initializing Servlet 'dispatcherServlet'
11:15:04.839 [http-nio-8009-exec-1] INFO  org.springframework.web.servlet.DispatcherServlet - initServletBean:554 - Completed initialization in 1 ms
11:15:04.910 [http-nio-8009-exec-1] TRACE nex.vts.backend.repoImpl.RepoVtsLoginUser - findByUserName:23 - Executing query to find user by username: integrated.security
11:15:04.912 [http-nio-8009-exec-1] DEBUG org.springframework.jdbc.core.JdbcTemplate - query:711 - Executing prepared SQL query
11:15:04.914 [http-nio-8009-exec-1] DEBUG org.springframework.jdbc.core.JdbcTemplate - execute:643 - Executing prepared SQL statement [SELECT *
FROM (SELECT *
      FROM VTS_LOGIN_USER
      WHERE USERNAME = ?
      ORDER BY ID ASC)
WHERE ROWNUM <= 1]
11:15:05.127 [http-nio-8009-exec-1] TRACE nex.vts.backend.repoImpl.RepoVtsLoginUser - findByUserName:23 - Executing query to find user by username: integrated.security
11:15:05.128 [http-nio-8009-exec-1] DEBUG org.springframework.jdbc.core.JdbcTemplate - query:711 - Executing prepared SQL query
11:15:05.129 [http-nio-8009-exec-1] DEBUG org.springframework.jdbc.core.JdbcTemplate - execute:643 - Executing prepared SQL statement [SELECT *
FROM (SELECT *
      FROM VTS_LOGIN_USER
      WHERE USERNAME = ?
      ORDER BY ID ASC)
WHERE ROWNUM <= 1]
11:15:05.141 [http-nio-8009-exec-1] DEBUG org.springframework.jdbc.core.JdbcTemplate - query:711 - Executing prepared SQL query
11:15:05.142 [http-nio-8009-exec-1] DEBUG org.springframework.jdbc.core.JdbcTemplate - execute:643 - Executing prepared SQL statement [select ROWNUM ROWNO,ID,VEHICLE_ID,USERID,GROUP_ID,ENGIN,SPEED,LAT,LON,VDATE,FAVORITE,ICON_TYPE,ORDER_INDEX,DISTANCE,get_vehicle_stat_his(VEHICLE_ID) as POSITION_HIS,
                                case
                                    when ENGIN = 'ON' AND SPEED > 0
                                    THEN 1
                                    WHEN ENGIN = 'ON' AND SPEED <= 0
                                    THEN 2
                                    WHEN ENGIN = 'OFF'
                                    THEN 3
                                    END iscolor                            FROM (select t.ID,t.VEHICLE_ID,t.USERID,t.GROUP_ID,t.ENGIN,t.SPEED,t.LAT,t.LON,t.VDATE,t.FAVORITE,t.ICON_TYPE,t.ORDER_INDEX,'0' as DISTANCE
                                  FROM nex_individual_temp t
                                  where t.VEHICLE_ID IN (select ID
                                                         from NEX_INDIVIDUAL_CLIENT
                                                         where COMPANY_ID = ?
                                                           and ACTIVATION = 1
                                                           and OPERATORID =?)
                                  order by t.USERID asc, t.ORDER_INDEX asc)
--                               order by ROWNO asc offset ? rows fetch first ? rows only]
11:15:07.477 [http-nio-8009-exec-1] DEBUG org.springframework.jdbc.core.JdbcTemplate - query:711 - Executing prepared SQL query
11:15:07.478 [http-nio-8009-exec-1] DEBUG org.springframework.jdbc.core.JdbcTemplate - execute:643 - Executing prepared SQL statement [select ROWNUM ROWNO,ID,VEHICLE_ID,USERID,GROUP_ID,ENGIN,SPEED,LAT,LON,VDATE,FAVORITE,ICON_TYPE,ORDER_INDEX,DISTANCE,get_vehicle_stat_his(VEHICLE_ID) as POSITION_HIS,
                                case
                                    when ENGIN = 'ON' AND SPEED > 0
                                    THEN 1
                                    WHEN ENGIN = 'ON' AND SPEED <= 0
                                    THEN 2
                                    WHEN ENGIN = 'OFF'
                                    THEN 3
                                    END iscolor                            FROM (select t.ID,t.VEHICLE_ID,t.USERID,t.GROUP_ID,t.ENGIN,t.SPEED,t.LAT,t.LON,t.VDATE,t.FAVORITE,t.ICON_TYPE,t.ORDER_INDEX,'0' as DISTANCE
                                  FROM nex_individual_temp t
                                  where t.VEHICLE_ID IN (select ID
                                                         from NEX_INDIVIDUAL_CLIENT
                                                         where COMPANY_ID = ?
                                                           and ACTIVATION = 1
                                                           and OPERATORID =?)
                                  order by t.USERID asc, t.ORDER_INDEX asc)
--                               order by ROWNO asc offset ? rows fetch first ? rows only]
11:31:07.681 [http-nio-8009-exec-4] TRACE nex.vts.backend.repoImpl.RepoVtsLoginUser - findByUserName:23 - Executing query to find user by username: integrated.security
11:31:07.706 [http-nio-8009-exec-4] DEBUG org.springframework.jdbc.core.JdbcTemplate - query:711 - Executing prepared SQL query
11:31:07.708 [http-nio-8009-exec-4] DEBUG org.springframework.jdbc.core.JdbcTemplate - execute:643 - Executing prepared SQL statement [SELECT *
FROM (SELECT *
      FROM VTS_LOGIN_USER
      WHERE USERNAME = ?
      ORDER BY ID ASC)
WHERE ROWNUM <= 1]
11:31:07.835 [http-nio-8009-exec-4] DEBUG nex.vts.backend.repositories.LoginUserInformation - caseOneAccountInfo:57 - Executing query to get parent profile id of extended type client 7215
11:31:07.837 [http-nio-8009-exec-4] DEBUG org.springframework.jdbc.core.JdbcTemplate - query:711 - Executing prepared SQL query
11:31:07.838 [http-nio-8009-exec-4] DEBUG org.springframework.jdbc.core.JdbcTemplate - execute:643 - Executing prepared SQL statement [SELECT ID,
       USER_ID,
       COMPANY_NAME,
       CLIENT_TYPE,
       COMPANY_ADDRESS,
       ADDRESS2,
       COMPANY_CELL,
       COMPANY_TEL,
       COMPANY_EMAIL,
       ACTIVATION
  FROM nex_corporate_client
 WHERE     ID = ?
       AND USER_ID = ?
       AND PASSWORD = ?
       AND ACTIVATION = 1
       AND OPERATORID = 3]
11:32:21.904 [http-nio-8009-exec-6] TRACE nex.vts.backend.repoImpl.RepoVtsLoginUser - findByUserName:23 - Executing query to find user by username: integrated.security
11:32:21.905 [http-nio-8009-exec-6] DEBUG org.springframework.jdbc.core.JdbcTemplate - query:711 - Executing prepared SQL query
11:32:21.905 [http-nio-8009-exec-6] DEBUG org.springframework.jdbc.core.JdbcTemplate - execute:643 - Executing prepared SQL statement [SELECT *
FROM (SELECT *
      FROM VTS_LOGIN_USER
      WHERE USERNAME = ?
      ORDER BY ID ASC)
WHERE ROWNUM <= 1]
11:32:21.934 [http-nio-8009-exec-6] TRACE nex.vts.backend.repoImpl.RepoVtsLoginUser - findByUserName:23 - Executing query to find user by username: integrated.security
11:32:21.934 [http-nio-8009-exec-6] DEBUG org.springframework.jdbc.core.JdbcTemplate - query:711 - Executing prepared SQL query
11:32:21.935 [http-nio-8009-exec-6] DEBUG org.springframework.jdbc.core.JdbcTemplate - execute:643 - Executing prepared SQL statement [SELECT *
FROM (SELECT *
      FROM VTS_LOGIN_USER
      WHERE USERNAME = ?
      ORDER BY ID ASC)
WHERE ROWNUM <= 1]
11:32:21.942 [http-nio-8009-exec-6] DEBUG org.springframework.jdbc.core.JdbcTemplate - query:711 - Executing prepared SQL query
11:32:21.943 [http-nio-8009-exec-6] DEBUG org.springframework.jdbc.core.JdbcTemplate - execute:643 - Executing prepared SQL statement [select a.ID                 ID,
       a.LAT                LAT,
       a.LON                LONGS,
       a.SPEED              SPEED,
       get_track_data_head(a.max_id)                 HEAD,
       a.vdate              TIME_STAMP,
       a.vdate              DATETIME,
       a.ENGIN              ENGIN
from nex_individual_temp a,nex_individual_client b
where a.vehicle_id = b.id
and b.id = ?]
11:32:22.070 [http-nio-8009-exec-6] DEBUG org.springframework.jdbc.core.JdbcTemplate - query:711 - Executing prepared SQL query
11:32:22.071 [http-nio-8009-exec-6] DEBUG org.springframework.jdbc.core.JdbcTemplate - execute:643 - Executing prepared SQL statement [select a.ID                 ID,
       a.LAT                LAT,
       a.LON                LONGS,
       a.SPEED              SPEED,
       get_track_data_head(a.max_id)                 HEAD,
       a.vdate              TIME_STAMP,
       a.vdate              DATETIME,
       a.ENGIN              ENGIN
from nex_individual_temp a,nex_individual_client b
where a.vehicle_id = b.id
and b.id = ?]
