15:55:23.594 [restartedMain] INFO  nex.vts.backend.VtsBackendApplication - logStarting:51 - Starting VtsBackendApplication using Java 17.0.8 with PID 14576 (C:\Users\maruf\Documents\intelllij_code\Team_Work_Project\vts_back-end_repo\target\classes started by maruf in C:\Users\maruf\Documents\intelllij_code\Team_Work_Project\vts_back-end_repo)
15:55:23.600 [restartedMain] DEBUG nex.vts.backend.VtsBackendApplication - logStarting:52 - Running with Spring Boot v3.0.1, Spring v6.0.3
15:55:23.601 [restartedMain] INFO  nex.vts.backend.VtsBackendApplication - logStartupProfileInfo:636 - The following 1 profile is active: "m2m"
15:55:23.645 [restartedMain] WARN  o.s.core.annotation.AnnotationTypeMapping - addConventionMappings:320 - Support for convention-based annotation attribute overrides is deprecated and will be removed in Spring Framework 6.1. Please annotate the following attributes in @org.springframework.retry.annotation.EnableRetry with appropriate @AliasFor declarations: [proxyTargetClass]
15:55:23.663 [restartedMain] INFO  o.s.boot.devtools.restart.ChangeableUrls - logTo:250 - The Class-Path manifest attribute in C:\Users\maruf\.m2\repository\com\oracle\database\jdbc\ojdbc8\21.7.0.0\ojdbc8-21.7.0.0.jar referenced one or more files that do not exist: file:/C:/Users/maruf/.m2/repository/com/oracle/database/jdbc/ojdbc8/21.7.0.0/oraclepki.jar
15:55:23.663 [restartedMain] INFO  o.s.b.d.env.DevToolsPropertyDefaultsPostProcessor - logTo:250 - Devtools property defaults active! Set 'spring.devtools.add-properties' to 'false' to disable
15:55:23.664 [restartedMain] INFO  o.s.b.d.env.DevToolsPropertyDefaultsPostProcessor - logTo:250 - For additional web related logging consider setting the 'logging.level.web' property to 'DEBUG'
15:55:25.983 [restartedMain] INFO  o.s.d.r.config.RepositoryConfigurationDelegate - registerRepositoriesIn:138 - Bootstrapping Spring Data JDBC repositories in DEFAULT mode.
15:55:26.020 [restartedMain] INFO  o.s.d.r.config.RepositoryConfigurationDelegate - registerRepositoriesIn:208 - Finished Spring Data repository scanning in 29 ms. Found 0 JDBC repository interfaces.
15:55:26.790 [restartedMain] INFO  o.s.boot.web.embedded.tomcat.TomcatWebServer - initialize:108 - Tomcat initialized with port(s): 8009 (http)
15:55:26.805 [restartedMain] INFO  org.apache.coyote.http11.Http11NioProtocol - log:173 - Initializing ProtocolHandler ["http-nio-8009"]
15:55:26.806 [restartedMain] INFO  org.apache.catalina.core.StandardService - log:173 - Starting service [Tomcat]
15:55:26.806 [restartedMain] INFO  org.apache.catalina.core.StandardEngine - log:173 - Starting Servlet engine: [Apache Tomcat/10.1.4]
15:55:26.884 [restartedMain] INFO  o.a.c.core.ContainerBase.[Tomcat].[localhost].[/] - log:173 - Initializing Spring embedded WebApplicationContext
15:55:26.885 [restartedMain] INFO  o.s.b.w.s.c.ServletWebServerApplicationContext - prepareWebApplicationContext:291 - Root WebApplicationContext: initialization completed in 3221 ms
15:55:27.240 [restartedMain] INFO  com.zaxxer.hikari.HikariDataSource - getConnection:110 - HikariPool-1 - Starting...
15:55:27.791 [restartedMain] INFO  com.zaxxer.hikari.pool.HikariPool - checkFailFast:565 - HikariPool-1 - Added connection oracle.jdbc.driver.T4CConnection@36271945
15:55:27.795 [restartedMain] INFO  com.zaxxer.hikari.HikariDataSource - getConnection:123 - HikariPool-1 - Start completed.
15:55:27.870 [restartedMain] DEBUG nex.vts.backend.filter.JwtAuthFilter - init:240 - Filter 'jwtAuthFilter' configured for use
15:55:28.564 [restartedMain] INFO  o.s.security.web.DefaultSecurityFilterChain - <init>:54 - Will secure any request with [org.springframework.security.web.session.DisableEncodeUrlFilter@516ac896, org.springframework.security.web.context.request.async.WebAsyncManagerIntegrationFilter@35f1b2ea, org.springframework.security.web.context.SecurityContextHolderFilter@7cc5a931, org.springframework.security.web.header.HeaderWriterFilter@1b98bcf9, org.springframework.security.web.authentication.logout.LogoutFilter@5103e789, nex.vts.backend.filter.JwtAuthFilter@3b3fc43b, org.springframework.security.web.savedrequest.RequestCacheAwareFilter@1ea55832, org.springframework.security.web.servletapi.SecurityContextHolderAwareRequestFilter@48b34248, org.springframework.security.web.authentication.AnonymousAuthenticationFilter@76273bf1, org.springframework.security.web.session.SessionManagementFilter@422174d3, org.springframework.security.web.access.ExceptionTranslationFilter@32f8b937, org.springframework.security.web.access.intercept.AuthorizationFilter@4f056f4e]
15:55:29.013 [restartedMain] INFO  o.s.b.d.autoconfigure.OptionalLiveReloadServer - startServer:59 - LiveReload server is running on port 35729
15:55:29.031 [restartedMain] INFO  org.apache.coyote.http11.Http11NioProtocol - log:173 - Starting ProtocolHandler ["http-nio-8009"]
15:55:29.047 [restartedMain] INFO  o.s.boot.web.embedded.tomcat.TomcatWebServer - start:220 - Tomcat started on port(s): 8009 (http) with context path ''
15:55:29.057 [restartedMain] INFO  nex.vts.backend.VtsBackendApplication - logStarted:57 - Started VtsBackendApplication in 6.328 seconds (process running for 10.504)
15:55:53.094 [File Watcher] INFO  o.s.b.d.a.LocalDevToolsAutoConfiguration$RestartingClassPathChangeChangedEventListener - onApplicationEvent:211 - Restarting due to 4 class path changes (0 additions, 0 deletions, 4 modifications)
15:55:53.111 [Thread-8] INFO  org.apache.coyote.http11.Http11NioProtocol - log:173 - Pausing ProtocolHandler ["http-nio-8009"]
15:55:53.111 [Thread-8] INFO  org.apache.catalina.core.StandardService - log:173 - Stopping service [Tomcat]
15:55:53.115 [Thread-8] WARN  org.apache.catalina.loader.WebappClassLoaderBase - log:173 - The web application [ROOT] appears to have started a thread named [oracle.jdbc.driver.BlockSource.ThreadedCachingBlockSource.BlockReleaser] but has failed to stop it. This is very likely to create a memory leak. Stack trace of thread:
 java.base@17.0.8/jdk.internal.misc.Unsafe.park(Native Method)
 java.base@17.0.8/java.util.concurrent.locks.LockSupport.parkNanos(LockSupport.java:252)
 java.base@17.0.8/java.util.concurrent.locks.AbstractQueuedSynchronizer$ConditionObject.awaitNanos(AbstractQueuedSynchronizer.java:1672)
 app//oracle.jdbc.internal.Monitor$WaitableMonitor.monitorWait(Monitor.java:258)
 app//oracle.jdbc.internal.Monitor$WaitableMonitor.monitorWait(Monitor.java:240)
 app//oracle.jdbc.driver.BlockSource$ThreadedCachingBlockSource$BlockReleaser.run(BlockSource.java:345)
15:55:53.116 [Thread-8] WARN  org.apache.catalina.loader.WebappClassLoaderBase - log:173 - The web application [ROOT] appears to have started a thread named [InterruptTimer] but has failed to stop it. This is very likely to create a memory leak. Stack trace of thread:
 java.base@17.0.8/java.lang.Object.wait(Native Method)
 java.base@17.0.8/java.util.TimerThread.mainLoop(Timer.java:563)
 java.base@17.0.8/java.util.TimerThread.run(Timer.java:516)
15:55:53.117 [Thread-8] WARN  org.apache.catalina.loader.WebappClassLoaderBase - log:173 - The web application [ROOT] appears to have started a thread named [OJDBC-WORKER-THREAD-1] but has failed to stop it. This is very likely to create a memory leak. Stack trace of thread:
 java.base@17.0.8/jdk.internal.misc.Unsafe.park(Native Method)
 java.base@17.0.8/java.util.concurrent.locks.LockSupport.parkNanos(LockSupport.java:252)
 java.base@17.0.8/java.util.concurrent.SynchronousQueue$TransferStack.transfer(SynchronousQueue.java:401)
 java.base@17.0.8/java.util.concurrent.SynchronousQueue.poll(SynchronousQueue.java:903)
 java.base@17.0.8/java.util.concurrent.ThreadPoolExecutor.getTask(ThreadPoolExecutor.java:1061)
 java.base@17.0.8/java.util.concurrent.ThreadPoolExecutor.runWorker(ThreadPoolExecutor.java:1122)
 java.base@17.0.8/java.util.concurrent.ThreadPoolExecutor$Worker.run(ThreadPoolExecutor.java:635)
 java.base@17.0.8/java.lang.Thread.run(Thread.java:833)
15:55:53.118 [Thread-8] WARN  org.apache.catalina.loader.WebappClassLoaderBase - log:173 - The web application [ROOT] appears to have started a thread named [HikariPool-1 housekeeper] but has failed to stop it. This is very likely to create a memory leak. Stack trace of thread:
 java.base@17.0.8/jdk.internal.misc.Unsafe.park(Native Method)
 java.base@17.0.8/java.util.concurrent.locks.LockSupport.parkNanos(LockSupport.java:252)
 java.base@17.0.8/java.util.concurrent.locks.AbstractQueuedSynchronizer$ConditionObject.awaitNanos(AbstractQueuedSynchronizer.java:1672)
 java.base@17.0.8/java.util.concurrent.ScheduledThreadPoolExecutor$DelayedWorkQueue.take(ScheduledThreadPoolExecutor.java:1182)
 java.base@17.0.8/java.util.concurrent.ScheduledThreadPoolExecutor$DelayedWorkQueue.take(ScheduledThreadPoolExecutor.java:899)
 java.base@17.0.8/java.util.concurrent.ThreadPoolExecutor.getTask(ThreadPoolExecutor.java:1062)
 java.base@17.0.8/java.util.concurrent.ThreadPoolExecutor.runWorker(ThreadPoolExecutor.java:1122)
 java.base@17.0.8/java.util.concurrent.ThreadPoolExecutor$Worker.run(ThreadPoolExecutor.java:635)
 java.base@17.0.8/java.lang.Thread.run(Thread.java:833)
15:55:53.119 [Thread-8] INFO  org.apache.coyote.http11.Http11NioProtocol - log:173 - Stopping ProtocolHandler ["http-nio-8009"]
15:55:53.121 [Thread-8] INFO  org.apache.coyote.http11.Http11NioProtocol - log:173 - Destroying ProtocolHandler ["http-nio-8009"]
15:55:53.126 [Thread-8] INFO  com.zaxxer.hikari.HikariDataSource - close:350 - HikariPool-1 - Shutdown initiated...
15:55:53.261 [Thread-8] INFO  com.zaxxer.hikari.HikariDataSource - close:352 - HikariPool-1 - Shutdown completed.
15:55:53.376 [restartedMain] INFO  nex.vts.backend.VtsBackendApplication - logStarting:51 - Starting VtsBackendApplication using Java 17.0.8 with PID 14576 (C:\Users\maruf\Documents\intelllij_code\Team_Work_Project\vts_back-end_repo\target\classes started by maruf in C:\Users\maruf\Documents\intelllij_code\Team_Work_Project\vts_back-end_repo)
15:55:53.377 [restartedMain] DEBUG nex.vts.backend.VtsBackendApplication - logStarting:52 - Running with Spring Boot v3.0.1, Spring v6.0.3
15:55:53.377 [restartedMain] INFO  nex.vts.backend.VtsBackendApplication - logStartupProfileInfo:636 - The following 1 profile is active: "m2m"
15:55:53.606 [restartedMain] INFO  o.s.d.r.config.RepositoryConfigurationDelegate - registerRepositoriesIn:138 - Bootstrapping Spring Data JDBC repositories in DEFAULT mode.
15:55:53.615 [restartedMain] INFO  o.s.d.r.config.RepositoryConfigurationDelegate - registerRepositoriesIn:208 - Finished Spring Data repository scanning in 8 ms. Found 0 JDBC repository interfaces.
15:55:53.791 [restartedMain] INFO  o.s.boot.web.embedded.tomcat.TomcatWebServer - initialize:108 - Tomcat initialized with port(s): 8009 (http)
15:55:53.792 [restartedMain] INFO  org.apache.coyote.http11.Http11NioProtocol - log:173 - Initializing ProtocolHandler ["http-nio-8009"]
15:55:53.792 [restartedMain] INFO  org.apache.catalina.core.StandardService - log:173 - Starting service [Tomcat]
15:55:53.792 [restartedMain] INFO  org.apache.catalina.core.StandardEngine - log:173 - Starting Servlet engine: [Apache Tomcat/10.1.4]
15:55:53.812 [restartedMain] INFO  o.a.c.core.ContainerBase.[Tomcat].[localhost].[/] - log:173 - Initializing Spring embedded WebApplicationContext
15:55:53.813 [restartedMain] INFO  o.s.b.w.s.c.ServletWebServerApplicationContext - prepareWebApplicationContext:291 - Root WebApplicationContext: initialization completed in 434 ms
15:55:53.954 [restartedMain] INFO  com.zaxxer.hikari.HikariDataSource - getConnection:110 - HikariPool-2 - Starting...
15:55:54.171 [restartedMain] INFO  com.zaxxer.hikari.pool.HikariPool - checkFailFast:565 - HikariPool-2 - Added connection oracle.jdbc.driver.T4CConnection@70c26ae9
15:55:54.174 [restartedMain] INFO  com.zaxxer.hikari.HikariDataSource - getConnection:123 - HikariPool-2 - Start completed.
15:55:54.202 [restartedMain] DEBUG nex.vts.backend.filter.JwtAuthFilter - init:240 - Filter 'jwtAuthFilter' configured for use
15:55:54.517 [restartedMain] INFO  o.s.security.web.DefaultSecurityFilterChain - <init>:54 - Will secure any request with [org.springframework.security.web.session.DisableEncodeUrlFilter@1c83e970, org.springframework.security.web.context.request.async.WebAsyncManagerIntegrationFilter@205426ac, org.springframework.security.web.context.SecurityContextHolderFilter@163190ec, org.springframework.security.web.header.HeaderWriterFilter@6158deef, org.springframework.security.web.authentication.logout.LogoutFilter@3f107f6b, nex.vts.backend.filter.JwtAuthFilter@6f88f081, org.springframework.security.web.savedrequest.RequestCacheAwareFilter@20512d76, org.springframework.security.web.servletapi.SecurityContextHolderAwareRequestFilter@7d92035, org.springframework.security.web.authentication.AnonymousAuthenticationFilter@28a4051b, org.springframework.security.web.session.SessionManagementFilter@2d11fac4, org.springframework.security.web.access.ExceptionTranslationFilter@6c5b41b5, org.springframework.security.web.access.intercept.AuthorizationFilter@58959d0f]
15:55:54.658 [restartedMain] INFO  o.s.b.d.autoconfigure.OptionalLiveReloadServer - startServer:59 - LiveReload server is running on port 35729
15:55:54.674 [restartedMain] INFO  org.apache.coyote.http11.Http11NioProtocol - log:173 - Starting ProtocolHandler ["http-nio-8009"]
15:55:54.687 [restartedMain] INFO  o.s.boot.web.embedded.tomcat.TomcatWebServer - start:220 - Tomcat started on port(s): 8009 (http) with context path ''
15:55:54.690 [restartedMain] INFO  nex.vts.backend.VtsBackendApplication - logStarted:57 - Started VtsBackendApplication in 1.396 seconds (process running for 36.142)
15:55:54.690 [restartedMain] INFO  o.s.b.d.a.ConditionEvaluationDeltaLoggingListener - onApplicationEvent:63 - Condition evaluation unchanged
15:56:01.869 [http-nio-8009-exec-1] INFO  o.a.c.core.ContainerBase.[Tomcat].[localhost].[/] - log:173 - Initializing Spring DispatcherServlet 'dispatcherServlet'
15:56:01.870 [http-nio-8009-exec-1] INFO  org.springframework.web.servlet.DispatcherServlet - initServletBean:532 - Initializing Servlet 'dispatcherServlet'
15:56:01.875 [http-nio-8009-exec-1] INFO  org.springframework.web.servlet.DispatcherServlet - initServletBean:554 - Completed initialization in 4 ms
15:56:02.114 [http-nio-8009-exec-1] TRACE nex.vts.backend.repoImpl.RepoVtsLoginUser - findByUserName:28 - Executing query to find user by username: integrated.security
15:56:02.119 [http-nio-8009-exec-1] DEBUG org.springframework.jdbc.core.JdbcTemplate - query:711 - Executing prepared SQL query
15:56:02.120 [http-nio-8009-exec-1] DEBUG org.springframework.jdbc.core.JdbcTemplate - execute:643 - Executing prepared SQL statement [
SELECT ID,
       USERNAME,
       PASSWORD,
       PROFILE_ID,
       MAIN_ACCOUNT_ID,
       USER_TYPE,
       ROLE_ID,
       IS_ACCOUNT_ACTIVE,
       IS_REMOTE_ACCESS_ENABLED,
       PARENT_PROFILE_ID,
       OPERATORID,
          LPAD (OPERATORID, 2, '0')
       || LPAD (DECODE (USER_TYPE, 1, PROFILE_ID, MAIN_ACCOUNT_ID), 6, '0')    CUSTOMER_ID
  FROM (SELECT ID,
               USERNAME,
               PASSWORD,
               PROFILE_ID,
               MAIN_ACCOUNT_ID,
               USER_TYPE,
               ROLE_ID,
               IS_ACCOUNT_ACTIVE,
               IS_REMOTE_ACCESS_ENABLED,
               PARENT_PROFILE_ID,
               OPERATORID
          FROM vts_login_user
         WHERE IS_ACCOUNT_ACTIVE = 1 and OPERATORID = 3and USERNAME = 'integrated.security' AND PASSWORD = 'i44s44s44ltd')]
15:56:02.469 [http-nio-8009-exec-1] DEBUG nex.vts.backend.repositories.LoginUserInformation - caseOneAccountInfo:57 - Executing query to get parent profile id of extended type client 7215
15:56:02.471 [http-nio-8009-exec-1] DEBUG org.springframework.jdbc.core.JdbcTemplate - query:711 - Executing prepared SQL query
15:56:02.473 [http-nio-8009-exec-1] DEBUG org.springframework.jdbc.core.JdbcTemplate - execute:643 - Executing prepared SQL statement [SELECT ID,
       USER_ID,
       COMPANY_NAME,
       CLIENT_TYPE,
       COMPANY_ADDRESS,
       ADDRESS2,
       COMPANY_CELL,
       COMPANY_TEL,
       COMPANY_EMAIL,
       ACTIVATION
  FROM nex_corporate_client
 WHERE     ID = ?
       AND USER_ID = ?
       AND PASSWORD = ?
       AND ACTIVATION = 1
       AND OPERATORID = 3]
15:56:04.437 [http-nio-8009-exec-2] TRACE nex.vts.backend.repoImpl.RepoVtsLoginUser - findByUserName:28 - Executing query to find user by username: integrated.security
15:56:04.440 [http-nio-8009-exec-2] DEBUG org.springframework.jdbc.core.JdbcTemplate - query:711 - Executing prepared SQL query
15:56:04.441 [http-nio-8009-exec-2] DEBUG org.springframework.jdbc.core.JdbcTemplate - execute:643 - Executing prepared SQL statement [
SELECT ID,
       USERNAME,
       PASSWORD,
       PROFILE_ID,
       MAIN_ACCOUNT_ID,
       USER_TYPE,
       ROLE_ID,
       IS_ACCOUNT_ACTIVE,
       IS_REMOTE_ACCESS_ENABLED,
       PARENT_PROFILE_ID,
       OPERATORID,
          LPAD (OPERATORID, 2, '0')
       || LPAD (DECODE (USER_TYPE, 1, PROFILE_ID, MAIN_ACCOUNT_ID), 6, '0')    CUSTOMER_ID
  FROM (SELECT ID,
               USERNAME,
               PASSWORD,
               PROFILE_ID,
               MAIN_ACCOUNT_ID,
               USER_TYPE,
               ROLE_ID,
               IS_ACCOUNT_ACTIVE,
               IS_REMOTE_ACCESS_ENABLED,
               PARENT_PROFILE_ID,
               OPERATORID
          FROM vts_login_user
         WHERE IS_ACCOUNT_ACTIVE = 1 and OPERATORID = 3and USERNAME = 'integrated.security' AND PASSWORD = 'i44s44s44ltd')]
15:56:04.475 [http-nio-8009-exec-2] DEBUG nex.vts.backend.repositories.LoginUserInformation - caseOneAccountInfo:57 - Executing query to get parent profile id of extended type client 7215
15:56:04.475 [http-nio-8009-exec-2] DEBUG org.springframework.jdbc.core.JdbcTemplate - query:711 - Executing prepared SQL query
15:56:04.475 [http-nio-8009-exec-2] DEBUG org.springframework.jdbc.core.JdbcTemplate - execute:643 - Executing prepared SQL statement [SELECT ID,
       USER_ID,
       COMPANY_NAME,
       CLIENT_TYPE,
       COMPANY_ADDRESS,
       ADDRESS2,
       COMPANY_CELL,
       COMPANY_TEL,
       COMPANY_EMAIL,
       ACTIVATION
  FROM nex_corporate_client
 WHERE     ID = ?
       AND USER_ID = ?
       AND PASSWORD = ?
       AND ACTIVATION = 1
       AND OPERATORID = 3]
15:57:57.878 [http-nio-8009-exec-6] TRACE nex.vts.backend.repoImpl.RepoVtsLoginUser - findByUserName:28 - Executing query to find user by username: integrated.security
15:57:57.879 [http-nio-8009-exec-6] DEBUG org.springframework.jdbc.core.JdbcTemplate - query:711 - Executing prepared SQL query
15:57:57.880 [http-nio-8009-exec-6] DEBUG org.springframework.jdbc.core.JdbcTemplate - execute:643 - Executing prepared SQL statement [
SELECT ID,
       USERNAME,
       PASSWORD,
       PROFILE_ID,
       MAIN_ACCOUNT_ID,
       USER_TYPE,
       ROLE_ID,
       IS_ACCOUNT_ACTIVE,
       IS_REMOTE_ACCESS_ENABLED,
       PARENT_PROFILE_ID,
       OPERATORID,
          LPAD (OPERATORID, 2, '0')
       || LPAD (DECODE (USER_TYPE, 1, PROFILE_ID, MAIN_ACCOUNT_ID), 6, '0')    CUSTOMER_ID
  FROM (SELECT ID,
               USERNAME,
               PASSWORD,
               PROFILE_ID,
               MAIN_ACCOUNT_ID,
               USER_TYPE,
               ROLE_ID,
               IS_ACCOUNT_ACTIVE,
               IS_REMOTE_ACCESS_ENABLED,
               PARENT_PROFILE_ID,
               OPERATORID
          FROM vts_login_user
         WHERE USERNAME = 'integrated.security' )]
15:57:57.960 [http-nio-8009-exec-6] WARN  o.s.w.s.m.m.a.ExceptionHandlerExceptionResolver - logException:207 - Resolved [org.springframework.security.authentication.InsufficientAuthenticationException: Full authentication is required to access this resource]
15:58:29.362 [http-nio-8009-exec-7] TRACE nex.vts.backend.repoImpl.RepoVtsLoginUser - findByUserName:28 - Executing query to find user by username: integrated.security
15:58:29.363 [http-nio-8009-exec-7] DEBUG org.springframework.jdbc.core.JdbcTemplate - query:711 - Executing prepared SQL query
15:58:29.364 [http-nio-8009-exec-7] DEBUG org.springframework.jdbc.core.JdbcTemplate - execute:643 - Executing prepared SQL statement [
SELECT ID,
       USERNAME,
       PASSWORD,
       PROFILE_ID,
       MAIN_ACCOUNT_ID,
       USER_TYPE,
       ROLE_ID,
       IS_ACCOUNT_ACTIVE,
       IS_REMOTE_ACCESS_ENABLED,
       PARENT_PROFILE_ID,
       OPERATORID,
          LPAD (OPERATORID, 2, '0')
       || LPAD (DECODE (USER_TYPE, 1, PROFILE_ID, MAIN_ACCOUNT_ID), 6, '0')    CUSTOMER_ID
  FROM (SELECT ID,
               USERNAME,
               PASSWORD,
               PROFILE_ID,
               MAIN_ACCOUNT_ID,
               USER_TYPE,
               ROLE_ID,
               IS_ACCOUNT_ACTIVE,
               IS_REMOTE_ACCESS_ENABLED,
               PARENT_PROFILE_ID,
               OPERATORID
          FROM vts_login_user
         WHERE USERNAME = 'integrated.security' )]
15:58:29.399 [http-nio-8009-exec-7] WARN  o.s.w.s.m.m.a.ExceptionHandlerExceptionResolver - logException:207 - Resolved [org.springframework.security.authentication.InsufficientAuthenticationException: Full authentication is required to access this resource]
15:59:22.155 [http-nio-8009-exec-8] TRACE nex.vts.backend.repoImpl.RepoVtsLoginUser - findByUserName:28 - Executing query to find user by username: integrated.security
15:59:22.157 [http-nio-8009-exec-8] DEBUG org.springframework.jdbc.core.JdbcTemplate - query:711 - Executing prepared SQL query
15:59:22.157 [http-nio-8009-exec-8] DEBUG org.springframework.jdbc.core.JdbcTemplate - execute:643 - Executing prepared SQL statement [
SELECT ID,
       USERNAME,
       PASSWORD,
       PROFILE_ID,
       MAIN_ACCOUNT_ID,
       USER_TYPE,
       ROLE_ID,
       IS_ACCOUNT_ACTIVE,
       IS_REMOTE_ACCESS_ENABLED,
       PARENT_PROFILE_ID,
       OPERATORID,
          LPAD (OPERATORID, 2, '0')
       || LPAD (DECODE (USER_TYPE, 1, PROFILE_ID, MAIN_ACCOUNT_ID), 6, '0')    CUSTOMER_ID
  FROM (SELECT ID,
               USERNAME,
               PASSWORD,
               PROFILE_ID,
               MAIN_ACCOUNT_ID,
               USER_TYPE,
               ROLE_ID,
               IS_ACCOUNT_ACTIVE,
               IS_REMOTE_ACCESS_ENABLED,
               PARENT_PROFILE_ID,
               OPERATORID
          FROM vts_login_user
         WHERE USERNAME = 'integrated.security' )]
15:59:22.206 [http-nio-8009-exec-8] WARN  o.s.w.s.m.m.a.ExceptionHandlerExceptionResolver - logException:207 - Resolved [org.springframework.security.authentication.InsufficientAuthenticationException: Full authentication is required to access this resource]
15:59:33.706 [http-nio-8009-exec-9] TRACE nex.vts.backend.repoImpl.RepoVtsLoginUser - findByUserName:28 - Executing query to find user by username: integrated.security
15:59:33.708 [http-nio-8009-exec-9] DEBUG org.springframework.jdbc.core.JdbcTemplate - query:711 - Executing prepared SQL query
15:59:33.708 [http-nio-8009-exec-9] DEBUG org.springframework.jdbc.core.JdbcTemplate - execute:643 - Executing prepared SQL statement [
SELECT ID,
       USERNAME,
       PASSWORD,
       PROFILE_ID,
       MAIN_ACCOUNT_ID,
       USER_TYPE,
       ROLE_ID,
       IS_ACCOUNT_ACTIVE,
       IS_REMOTE_ACCESS_ENABLED,
       PARENT_PROFILE_ID,
       OPERATORID,
          LPAD (OPERATORID, 2, '0')
       || LPAD (DECODE (USER_TYPE, 1, PROFILE_ID, MAIN_ACCOUNT_ID), 6, '0')    CUSTOMER_ID
  FROM (SELECT ID,
               USERNAME,
               PASSWORD,
               PROFILE_ID,
               MAIN_ACCOUNT_ID,
               USER_TYPE,
               ROLE_ID,
               IS_ACCOUNT_ACTIVE,
               IS_REMOTE_ACCESS_ENABLED,
               PARENT_PROFILE_ID,
               OPERATORID
          FROM vts_login_user
         WHERE USERNAME = 'integrated.security' )]
15:59:33.864 [http-nio-8009-exec-9] WARN  o.s.w.s.m.m.a.ExceptionHandlerExceptionResolver - logException:207 - Resolved [org.springframework.security.authentication.InsufficientAuthenticationException: Full authentication is required to access this resource]
15:59:53.280 [http-nio-8009-exec-10] TRACE nex.vts.backend.repoImpl.RepoVtsLoginUser - findByUserName:28 - Executing query to find user by username: integrated.security
15:59:53.280 [http-nio-8009-exec-10] DEBUG org.springframework.jdbc.core.JdbcTemplate - query:711 - Executing prepared SQL query
15:59:53.280 [http-nio-8009-exec-10] DEBUG org.springframework.jdbc.core.JdbcTemplate - execute:643 - Executing prepared SQL statement [
SELECT ID,
       USERNAME,
       PASSWORD,
       PROFILE_ID,
       MAIN_ACCOUNT_ID,
       USER_TYPE,
       ROLE_ID,
       IS_ACCOUNT_ACTIVE,
       IS_REMOTE_ACCESS_ENABLED,
       PARENT_PROFILE_ID,
       OPERATORID,
          LPAD (OPERATORID, 2, '0')
       || LPAD (DECODE (USER_TYPE, 1, PROFILE_ID, MAIN_ACCOUNT_ID), 6, '0')    CUSTOMER_ID
  FROM (SELECT ID,
               USERNAME,
               PASSWORD,
               PROFILE_ID,
               MAIN_ACCOUNT_ID,
               USER_TYPE,
               ROLE_ID,
               IS_ACCOUNT_ACTIVE,
               IS_REMOTE_ACCESS_ENABLED,
               PARENT_PROFILE_ID,
               OPERATORID
          FROM vts_login_user
         WHERE USERNAME = 'integrated.security' )]
15:59:53.341 [http-nio-8009-exec-10] WARN  o.s.w.s.m.m.a.ExceptionHandlerExceptionResolver - logException:207 - Resolved [org.springframework.security.authentication.InsufficientAuthenticationException: Full authentication is required to access this resource]
16:00:03.511 [http-nio-8009-exec-3] TRACE nex.vts.backend.repoImpl.RepoVtsLoginUser - findByUserName:28 - Executing query to find user by username: integrated.security
16:00:03.517 [http-nio-8009-exec-3] DEBUG org.springframework.jdbc.core.JdbcTemplate - query:711 - Executing prepared SQL query
16:00:03.520 [http-nio-8009-exec-3] DEBUG org.springframework.jdbc.core.JdbcTemplate - execute:643 - Executing prepared SQL statement [
SELECT ID,
       USERNAME,
       PASSWORD,
       PROFILE_ID,
       MAIN_ACCOUNT_ID,
       USER_TYPE,
       ROLE_ID,
       IS_ACCOUNT_ACTIVE,
       IS_REMOTE_ACCESS_ENABLED,
       PARENT_PROFILE_ID,
       OPERATORID,
          LPAD (OPERATORID, 2, '0')
       || LPAD (DECODE (USER_TYPE, 1, PROFILE_ID, MAIN_ACCOUNT_ID), 6, '0')    CUSTOMER_ID
  FROM (SELECT ID,
               USERNAME,
               PASSWORD,
               PROFILE_ID,
               MAIN_ACCOUNT_ID,
               USER_TYPE,
               ROLE_ID,
               IS_ACCOUNT_ACTIVE,
               IS_REMOTE_ACCESS_ENABLED,
               PARENT_PROFILE_ID,
               OPERATORID
          FROM vts_login_user
         WHERE IS_ACCOUNT_ACTIVE = 1 and OPERATORID = 3and USERNAME = 'integrated.security' AND PASSWORD = 'i44s44s44ltd')]
16:00:03.565 [http-nio-8009-exec-3] DEBUG nex.vts.backend.repositories.LoginUserInformation - caseOneAccountInfo:57 - Executing query to get parent profile id of extended type client 7215
16:00:03.566 [http-nio-8009-exec-3] DEBUG org.springframework.jdbc.core.JdbcTemplate - query:711 - Executing prepared SQL query
16:00:03.568 [http-nio-8009-exec-3] DEBUG org.springframework.jdbc.core.JdbcTemplate - execute:643 - Executing prepared SQL statement [SELECT ID,
       USER_ID,
       COMPANY_NAME,
       CLIENT_TYPE,
       COMPANY_ADDRESS,
       ADDRESS2,
       COMPANY_CELL,
       COMPANY_TEL,
       COMPANY_EMAIL,
       ACTIVATION
  FROM nex_corporate_client
 WHERE     ID = ?
       AND USER_ID = ?
       AND PASSWORD = ?
       AND ACTIVATION = 1
       AND OPERATORID = 3]
16:01:09.021 [http-nio-8009-exec-4] TRACE nex.vts.backend.repoImpl.RepoVtsLoginUser - findByUserName:28 - Executing query to find user by username: integrated.security
16:01:09.022 [http-nio-8009-exec-4] DEBUG org.springframework.jdbc.core.JdbcTemplate - query:711 - Executing prepared SQL query
16:01:09.023 [http-nio-8009-exec-4] DEBUG org.springframework.jdbc.core.JdbcTemplate - execute:643 - Executing prepared SQL statement [
SELECT ID,
       USERNAME,
       PASSWORD,
       PROFILE_ID,
       MAIN_ACCOUNT_ID,
       USER_TYPE,
       ROLE_ID,
       IS_ACCOUNT_ACTIVE,
       IS_REMOTE_ACCESS_ENABLED,
       PARENT_PROFILE_ID,
       OPERATORID,
          LPAD (OPERATORID, 2, '0')
       || LPAD (DECODE (USER_TYPE, 1, PROFILE_ID, MAIN_ACCOUNT_ID), 6, '0')    CUSTOMER_ID
  FROM (SELECT ID,
               USERNAME,
               PASSWORD,
               PROFILE_ID,
               MAIN_ACCOUNT_ID,
               USER_TYPE,
               ROLE_ID,
               IS_ACCOUNT_ACTIVE,
               IS_REMOTE_ACCESS_ENABLED,
               PARENT_PROFILE_ID,
               OPERATORID
          FROM vts_login_user
         WHERE USERNAME = 'integrated.security' )]
16:03:12.936 [HikariPool-2 housekeeper] WARN  com.zaxxer.hikari.pool.HikariPool - run:804 - HikariPool-2 - Thread starvation or clock leap detected (housekeeper delta=2m18s554ms628µs300ns).
16:03:21.142 [http-nio-8009-exec-4] TRACE nex.vts.backend.repoImpl.RepoVtsLoginUser - findByUserName:28 - Executing query to find user by username: integrated.security
16:03:21.150 [http-nio-8009-exec-4] DEBUG org.springframework.jdbc.core.JdbcTemplate - query:711 - Executing prepared SQL query
16:03:21.152 [http-nio-8009-exec-4] DEBUG org.springframework.jdbc.core.JdbcTemplate - execute:643 - Executing prepared SQL statement [
SELECT ID,
       USERNAME,
       PASSWORD,
       PROFILE_ID,
       MAIN_ACCOUNT_ID,
       USER_TYPE,
       ROLE_ID,
       IS_ACCOUNT_ACTIVE,
       IS_REMOTE_ACCESS_ENABLED,
       PARENT_PROFILE_ID,
       OPERATORID,
          LPAD (OPERATORID, 2, '0')
       || LPAD (DECODE (USER_TYPE, 1, PROFILE_ID, MAIN_ACCOUNT_ID), 6, '0')    CUSTOMER_ID
  FROM (SELECT ID,
               USERNAME,
               PASSWORD,
               PROFILE_ID,
               MAIN_ACCOUNT_ID,
               USER_TYPE,
               ROLE_ID,
               IS_ACCOUNT_ACTIVE,
               IS_REMOTE_ACCESS_ENABLED,
               PARENT_PROFILE_ID,
               OPERATORID
          FROM vts_login_user
         WHERE USERNAME = 'integrated.security' )]
16:04:11.082 [http-nio-8009-exec-4] DEBUG org.springframework.jdbc.core.JdbcTemplate - query:711 - Executing prepared SQL query
16:04:11.090 [http-nio-8009-exec-4] DEBUG org.springframework.jdbc.core.JdbcTemplate - execute:643 - Executing prepared SQL statement [select ROWNUM                          ROWNO,
       EXPENSE_ID                      EXPENSE_ID,
       EXPENSE_AMOUNT                  EXPENSE_AMOUNT,
       EXPENSE_UNIT                    EXPENSE_UNIT, get_expense_name(EXPENSE_ID) as EXPENSE_NAME
from (select EXPENSE_ID,
             sum(AMOUNT)               as EXPENSE_AMOUNT,
             NVL(SUM(EXPENSE_UNIT), 0) as EXPENSE_UNIT
      from NEX_ALL_EXPENDITURE
      where GROUPID = ?
        and USER_ID = ?
        and DATE_TIME between (?) and (?)
      group by EXPENSE_ID)
order by EXPENSE_NAME asc]
16:08:16.836 [SpringApplicationShutdownHook] INFO  com.zaxxer.hikari.HikariDataSource - close:350 - HikariPool-2 - Shutdown initiated...
16:08:17.222 [SpringApplicationShutdownHook] INFO  com.zaxxer.hikari.HikariDataSource - close:352 - HikariPool-2 - Shutdown completed.
16:08:24.071 [restartedMain] INFO  nex.vts.backend.VtsBackendApplication - logStarting:51 - Starting VtsBackendApplication using Java 17.0.8 with PID 25976 (C:\Users\maruf\Documents\intelllij_code\Team_Work_Project\vts_back-end_repo\target\classes started by maruf in C:\Users\maruf\Documents\intelllij_code\Team_Work_Project\vts_back-end_repo)
16:08:24.073 [restartedMain] DEBUG nex.vts.backend.VtsBackendApplication - logStarting:52 - Running with Spring Boot v3.0.1, Spring v6.0.3
16:08:24.074 [restartedMain] INFO  nex.vts.backend.VtsBackendApplication - logStartupProfileInfo:636 - The following 1 profile is active: "m2m"
16:08:24.108 [restartedMain] WARN  o.s.core.annotation.AnnotationTypeMapping - addConventionMappings:320 - Support for convention-based annotation attribute overrides is deprecated and will be removed in Spring Framework 6.1. Please annotate the following attributes in @org.springframework.retry.annotation.EnableRetry with appropriate @AliasFor declarations: [proxyTargetClass]
16:08:24.119 [restartedMain] INFO  o.s.boot.devtools.restart.ChangeableUrls - logTo:250 - The Class-Path manifest attribute in C:\Users\maruf\.m2\repository\com\oracle\database\jdbc\ojdbc8\21.7.0.0\ojdbc8-21.7.0.0.jar referenced one or more files that do not exist: file:/C:/Users/maruf/.m2/repository/com/oracle/database/jdbc/ojdbc8/21.7.0.0/oraclepki.jar
16:08:24.120 [restartedMain] INFO  o.s.b.d.env.DevToolsPropertyDefaultsPostProcessor - logTo:250 - Devtools property defaults active! Set 'spring.devtools.add-properties' to 'false' to disable
16:08:24.120 [restartedMain] INFO  o.s.b.d.env.DevToolsPropertyDefaultsPostProcessor - logTo:250 - For additional web related logging consider setting the 'logging.level.web' property to 'DEBUG'
16:08:25.065 [restartedMain] INFO  o.s.d.r.config.RepositoryConfigurationDelegate - registerRepositoriesIn:138 - Bootstrapping Spring Data JDBC repositories in DEFAULT mode.
16:08:25.097 [restartedMain] INFO  o.s.d.r.config.RepositoryConfigurationDelegate - registerRepositoriesIn:208 - Finished Spring Data repository scanning in 26 ms. Found 0 JDBC repository interfaces.
16:08:25.703 [restartedMain] INFO  o.s.boot.web.embedded.tomcat.TomcatWebServer - initialize:108 - Tomcat initialized with port(s): 8009 (http)
16:08:25.712 [restartedMain] INFO  org.apache.coyote.http11.Http11NioProtocol - log:173 - Initializing ProtocolHandler ["http-nio-8009"]
16:08:25.713 [restartedMain] INFO  org.apache.catalina.core.StandardService - log:173 - Starting service [Tomcat]
16:08:25.714 [restartedMain] INFO  org.apache.catalina.core.StandardEngine - log:173 - Starting Servlet engine: [Apache Tomcat/10.1.4]
16:08:25.766 [restartedMain] INFO  o.a.c.core.ContainerBase.[Tomcat].[localhost].[/] - log:173 - Initializing Spring embedded WebApplicationContext
16:08:25.766 [restartedMain] INFO  o.s.b.w.s.c.ServletWebServerApplicationContext - prepareWebApplicationContext:291 - Root WebApplicationContext: initialization completed in 1646 ms
16:08:26.023 [restartedMain] INFO  com.zaxxer.hikari.HikariDataSource - getConnection:110 - HikariPool-1 - Starting...
16:08:27.542 [restartedMain] INFO  com.zaxxer.hikari.pool.HikariPool - checkFailFast:565 - HikariPool-1 - Added connection oracle.jdbc.driver.T4CConnection@37e1a3b1
16:08:27.545 [restartedMain] INFO  com.zaxxer.hikari.HikariDataSource - getConnection:123 - HikariPool-1 - Start completed.
16:08:27.599 [restartedMain] DEBUG nex.vts.backend.filter.JwtAuthFilter - init:240 - Filter 'jwtAuthFilter' configured for use
16:08:27.984 [restartedMain] INFO  o.s.security.web.DefaultSecurityFilterChain - <init>:54 - Will secure any request with [org.springframework.security.web.session.DisableEncodeUrlFilter@184f0c2f, org.springframework.security.web.context.request.async.WebAsyncManagerIntegrationFilter@7f0d10a7, org.springframework.security.web.context.SecurityContextHolderFilter@4e2aba29, org.springframework.security.web.header.HeaderWriterFilter@23d278ef, org.springframework.security.web.authentication.logout.LogoutFilter@59c58151, nex.vts.backend.filter.JwtAuthFilter@5194e4af, org.springframework.security.web.savedrequest.RequestCacheAwareFilter@4586121e, org.springframework.security.web.servletapi.SecurityContextHolderAwareRequestFilter@1490d41a, org.springframework.security.web.authentication.AnonymousAuthenticationFilter@678ab303, org.springframework.security.web.session.SessionManagementFilter@466498f0, org.springframework.security.web.access.ExceptionTranslationFilter@467c4f55, org.springframework.security.web.access.intercept.AuthorizationFilter@4034f22b]
16:08:28.275 [restartedMain] INFO  o.s.b.d.autoconfigure.OptionalLiveReloadServer - startServer:59 - LiveReload server is running on port 35729
16:08:28.295 [restartedMain] INFO  org.apache.coyote.http11.Http11NioProtocol - log:173 - Starting ProtocolHandler ["http-nio-8009"]
16:08:28.310 [restartedMain] INFO  o.s.boot.web.embedded.tomcat.TomcatWebServer - start:220 - Tomcat started on port(s): 8009 (http) with context path ''
16:08:28.319 [restartedMain] INFO  nex.vts.backend.VtsBackendApplication - logStarted:57 - Started VtsBackendApplication in 4.839 seconds (process running for 5.753)
16:08:37.023 [SpringApplicationShutdownHook] INFO  com.zaxxer.hikari.HikariDataSource - close:350 - HikariPool-1 - Shutdown initiated...
16:08:37.098 [SpringApplicationShutdownHook] INFO  com.zaxxer.hikari.HikariDataSource - close:352 - HikariPool-1 - Shutdown completed.
16:08:50.722 [restartedMain] INFO  nex.vts.backend.VtsBackendApplication - logStarting:51 - Starting VtsBackendApplication using Java 17.0.8 with PID 8556 (C:\Users\maruf\Documents\intelllij_code\Team_Work_Project\vts_back-end_repo\target\classes started by maruf in C:\Users\maruf\Documents\intelllij_code\Team_Work_Project\vts_back-end_repo)
16:08:50.725 [restartedMain] DEBUG nex.vts.backend.VtsBackendApplication - logStarting:52 - Running with Spring Boot v3.0.1, Spring v6.0.3
16:08:50.727 [restartedMain] INFO  nex.vts.backend.VtsBackendApplication - logStartupProfileInfo:636 - The following 1 profile is active: "m2m"
16:08:50.768 [restartedMain] WARN  o.s.core.annotation.AnnotationTypeMapping - addConventionMappings:320 - Support for convention-based annotation attribute overrides is deprecated and will be removed in Spring Framework 6.1. Please annotate the following attributes in @org.springframework.retry.annotation.EnableRetry with appropriate @AliasFor declarations: [proxyTargetClass]
16:08:50.786 [restartedMain] INFO  o.s.boot.devtools.restart.ChangeableUrls - logTo:250 - The Class-Path manifest attribute in C:\Users\maruf\.m2\repository\com\oracle\database\jdbc\ojdbc8\21.7.0.0\ojdbc8-21.7.0.0.jar referenced one or more files that do not exist: file:/C:/Users/maruf/.m2/repository/com/oracle/database/jdbc/ojdbc8/21.7.0.0/oraclepki.jar
16:08:50.786 [restartedMain] INFO  o.s.b.d.env.DevToolsPropertyDefaultsPostProcessor - logTo:250 - Devtools property defaults active! Set 'spring.devtools.add-properties' to 'false' to disable
16:08:50.786 [restartedMain] INFO  o.s.b.d.env.DevToolsPropertyDefaultsPostProcessor - logTo:250 - For additional web related logging consider setting the 'logging.level.web' property to 'DEBUG'
16:08:51.794 [restartedMain] INFO  o.s.d.r.config.RepositoryConfigurationDelegate - registerRepositoriesIn:138 - Bootstrapping Spring Data JDBC repositories in DEFAULT mode.
16:08:51.870 [restartedMain] INFO  o.s.d.r.config.RepositoryConfigurationDelegate - registerRepositoriesIn:208 - Finished Spring Data repository scanning in 57 ms. Found 0 JDBC repository interfaces.
16:08:52.506 [restartedMain] INFO  o.s.boot.web.embedded.tomcat.TomcatWebServer - initialize:108 - Tomcat initialized with port(s): 8009 (http)
16:08:52.514 [restartedMain] INFO  org.apache.coyote.http11.Http11NioProtocol - log:173 - Initializing ProtocolHandler ["http-nio-8009"]
16:08:52.514 [restartedMain] INFO  org.apache.catalina.core.StandardService - log:173 - Starting service [Tomcat]
16:08:52.515 [restartedMain] INFO  org.apache.catalina.core.StandardEngine - log:173 - Starting Servlet engine: [Apache Tomcat/10.1.4]
16:08:52.568 [restartedMain] INFO  o.a.c.core.ContainerBase.[Tomcat].[localhost].[/] - log:173 - Initializing Spring embedded WebApplicationContext
16:08:52.568 [restartedMain] INFO  o.s.b.w.s.c.ServletWebServerApplicationContext - prepareWebApplicationContext:291 - Root WebApplicationContext: initialization completed in 1781 ms
16:08:52.802 [restartedMain] INFO  com.zaxxer.hikari.HikariDataSource - getConnection:110 - HikariPool-1 - Starting...
16:08:53.212 [restartedMain] INFO  com.zaxxer.hikari.pool.HikariPool - checkFailFast:565 - HikariPool-1 - Added connection oracle.jdbc.driver.T4CConnection@9a7997
16:08:53.215 [restartedMain] INFO  com.zaxxer.hikari.HikariDataSource - getConnection:123 - HikariPool-1 - Start completed.
16:08:53.268 [restartedMain] DEBUG nex.vts.backend.filter.JwtAuthFilter - init:240 - Filter 'jwtAuthFilter' configured for use
16:08:53.800 [restartedMain] INFO  o.s.security.web.DefaultSecurityFilterChain - <init>:54 - Will secure any request with [org.springframework.security.web.session.DisableEncodeUrlFilter@52c5e62f, org.springframework.security.web.context.request.async.WebAsyncManagerIntegrationFilter@400f6919, org.springframework.security.web.context.SecurityContextHolderFilter@4b1d8969, org.springframework.security.web.header.HeaderWriterFilter@551cc662, org.springframework.security.web.authentication.logout.LogoutFilter@19e7a7e8, nex.vts.backend.filter.JwtAuthFilter@253a538b, org.springframework.security.web.savedrequest.RequestCacheAwareFilter@898c8ff, org.springframework.security.web.servletapi.SecurityContextHolderAwareRequestFilter@3c722ae9, org.springframework.security.web.authentication.AnonymousAuthenticationFilter@78f1634f, org.springframework.security.web.session.SessionManagementFilter@a637b50, org.springframework.security.web.access.ExceptionTranslationFilter@650228c3, org.springframework.security.web.access.intercept.AuthorizationFilter@387545b3]
16:08:54.106 [restartedMain] INFO  o.s.b.d.autoconfigure.OptionalLiveReloadServer - startServer:59 - LiveReload server is running on port 35729
16:08:54.127 [restartedMain] INFO  org.apache.coyote.http11.Http11NioProtocol - log:173 - Starting ProtocolHandler ["http-nio-8009"]
16:08:54.143 [restartedMain] INFO  o.s.boot.web.embedded.tomcat.TomcatWebServer - start:220 - Tomcat started on port(s): 8009 (http) with context path ''
16:08:54.153 [restartedMain] INFO  nex.vts.backend.VtsBackendApplication - logStarted:57 - Started VtsBackendApplication in 4.047 seconds (process running for 4.718)
16:09:02.092 [http-nio-8009-exec-2] INFO  o.a.c.core.ContainerBase.[Tomcat].[localhost].[/] - log:173 - Initializing Spring DispatcherServlet 'dispatcherServlet'
16:09:02.092 [http-nio-8009-exec-2] INFO  org.springframework.web.servlet.DispatcherServlet - initServletBean:532 - Initializing Servlet 'dispatcherServlet'
16:09:02.100 [http-nio-8009-exec-2] INFO  org.springframework.web.servlet.DispatcherServlet - initServletBean:554 - Completed initialization in 8 ms
16:09:02.212 [http-nio-8009-exec-2] TRACE nex.vts.backend.repoImpl.RepoVtsLoginUser - findByUserName:28 - Executing query to find user by username: integrated.security
16:09:02.212 [http-nio-8009-exec-2] DEBUG org.springframework.jdbc.core.JdbcTemplate - query:711 - Executing prepared SQL query
16:09:02.212 [http-nio-8009-exec-2] DEBUG org.springframework.jdbc.core.JdbcTemplate - execute:643 - Executing prepared SQL statement [
SELECT ID,
       USERNAME,
       PASSWORD,
       PROFILE_ID,
       MAIN_ACCOUNT_ID,
       USER_TYPE,
       ROLE_ID,
       IS_ACCOUNT_ACTIVE,
       IS_REMOTE_ACCESS_ENABLED,
       PARENT_PROFILE_ID,
       OPERATORID,
          LPAD (OPERATORID, 2, '0')
       || LPAD (DECODE (USER_TYPE, 1, PROFILE_ID, MAIN_ACCOUNT_ID), 6, '0')    CUSTOMER_ID
  FROM (SELECT ID,
               USERNAME,
               PASSWORD,
               PROFILE_ID,
               MAIN_ACCOUNT_ID,
               USER_TYPE,
               ROLE_ID,
               IS_ACCOUNT_ACTIVE,
               IS_REMOTE_ACCESS_ENABLED,
               PARENT_PROFILE_ID,
               OPERATORID
          FROM vts_login_user
         WHERE USERNAME = 'integrated.security' )]
16:09:02.622 [http-nio-8009-exec-2] TRACE nex.vts.backend.repoImpl.RepoVtsLoginUser - findByUserName:28 - Executing query to find user by username: integrated.security
16:09:02.622 [http-nio-8009-exec-2] DEBUG org.springframework.jdbc.core.JdbcTemplate - query:711 - Executing prepared SQL query
16:09:02.622 [http-nio-8009-exec-2] DEBUG org.springframework.jdbc.core.JdbcTemplate - execute:643 - Executing prepared SQL statement [
SELECT ID,
       USERNAME,
       PASSWORD,
       PROFILE_ID,
       MAIN_ACCOUNT_ID,
       USER_TYPE,
       ROLE_ID,
       IS_ACCOUNT_ACTIVE,
       IS_REMOTE_ACCESS_ENABLED,
       PARENT_PROFILE_ID,
       OPERATORID,
          LPAD (OPERATORID, 2, '0')
       || LPAD (DECODE (USER_TYPE, 1, PROFILE_ID, MAIN_ACCOUNT_ID), 6, '0')    CUSTOMER_ID
  FROM (SELECT ID,
               USERNAME,
               PASSWORD,
               PROFILE_ID,
               MAIN_ACCOUNT_ID,
               USER_TYPE,
               ROLE_ID,
               IS_ACCOUNT_ACTIVE,
               IS_REMOTE_ACCESS_ENABLED,
               PARENT_PROFILE_ID,
               OPERATORID
          FROM vts_login_user
         WHERE USERNAME = 'integrated.security' )]
16:09:02.637 [http-nio-8009-exec-2] DEBUG org.springframework.jdbc.core.JdbcTemplate - query:711 - Executing prepared SQL query
16:09:02.637 [http-nio-8009-exec-2] DEBUG org.springframework.jdbc.core.JdbcTemplate - execute:643 - Executing prepared SQL statement [select ROWNUM                          ROWNO,
       EXPENSE_ID                      EXPENSE_ID,
       EXPENSE_AMOUNT                  EXPENSE_AMOUNT,
       EXPENSE_UNIT                    EXPENSE_UNIT, get_expense_name(EXPENSE_ID) as EXPENSE_NAME
from (select EXPENSE_ID,
             sum(AMOUNT)               as EXPENSE_AMOUNT,
             NVL(SUM(EXPENSE_UNIT), 0) as EXPENSE_UNIT
      from NEX_ALL_EXPENDITURE
      where GROUPID = ?
        and USER_ID = ?
        and DATE_TIME between (?) and (?)
      group by EXPENSE_ID)
order by EXPENSE_NAME asc]
16:14:01.419 [SpringApplicationShutdownHook] INFO  com.zaxxer.hikari.HikariDataSource - close:350 - HikariPool-1 - Shutdown initiated...
16:14:01.482 [SpringApplicationShutdownHook] INFO  com.zaxxer.hikari.HikariDataSource - close:352 - HikariPool-1 - Shutdown completed.
17:00:41.333 [restartedMain] INFO  nex.vts.backend.VtsBackendApplication - logStarting:51 - Starting VtsBackendApplication using Java 17.0.8 with PID 18524 (C:\Users\maruf\Documents\intelllij_code\Team_Work_Project\vts_back-end_repo\target\classes started by maruf in C:\Users\maruf\Documents\intelllij_code\Team_Work_Project\vts_back-end_repo)
17:00:41.336 [restartedMain] DEBUG nex.vts.backend.VtsBackendApplication - logStarting:52 - Running with Spring Boot v3.0.1, Spring v6.0.3
17:00:41.337 [restartedMain] INFO  nex.vts.backend.VtsBackendApplication - logStartupProfileInfo:636 - The following 1 profile is active: "m2m"
17:00:41.389 [restartedMain] WARN  o.s.core.annotation.AnnotationTypeMapping - addConventionMappings:320 - Support for convention-based annotation attribute overrides is deprecated and will be removed in Spring Framework 6.1. Please annotate the following attributes in @org.springframework.retry.annotation.EnableRetry with appropriate @AliasFor declarations: [proxyTargetClass]
17:00:41.413 [restartedMain] INFO  o.s.boot.devtools.restart.ChangeableUrls - logTo:250 - The Class-Path manifest attribute in C:\Users\maruf\.m2\repository\com\oracle\database\jdbc\ojdbc8\21.7.0.0\ojdbc8-21.7.0.0.jar referenced one or more files that do not exist: file:/C:/Users/maruf/.m2/repository/com/oracle/database/jdbc/ojdbc8/21.7.0.0/oraclepki.jar
17:00:41.413 [restartedMain] INFO  o.s.b.d.env.DevToolsPropertyDefaultsPostProcessor - logTo:250 - Devtools property defaults active! Set 'spring.devtools.add-properties' to 'false' to disable
17:00:41.414 [restartedMain] INFO  o.s.b.d.env.DevToolsPropertyDefaultsPostProcessor - logTo:250 - For additional web related logging consider setting the 'logging.level.web' property to 'DEBUG'
17:00:42.470 [restartedMain] INFO  o.s.d.r.config.RepositoryConfigurationDelegate - registerRepositoriesIn:138 - Bootstrapping Spring Data JDBC repositories in DEFAULT mode.
17:00:42.505 [restartedMain] INFO  o.s.d.r.config.RepositoryConfigurationDelegate - registerRepositoriesIn:208 - Finished Spring Data repository scanning in 27 ms. Found 0 JDBC repository interfaces.
17:00:43.258 [restartedMain] INFO  o.s.boot.web.embedded.tomcat.TomcatWebServer - initialize:108 - Tomcat initialized with port(s): 8009 (http)
17:00:43.272 [restartedMain] INFO  org.apache.coyote.http11.Http11NioProtocol - log:173 - Initializing ProtocolHandler ["http-nio-8009"]
17:00:43.273 [restartedMain] INFO  org.apache.catalina.core.StandardService - log:173 - Starting service [Tomcat]
17:00:43.274 [restartedMain] INFO  org.apache.catalina.core.StandardEngine - log:173 - Starting Servlet engine: [Apache Tomcat/10.1.4]
17:00:43.338 [restartedMain] INFO  o.a.c.core.ContainerBase.[Tomcat].[localhost].[/] - log:173 - Initializing Spring embedded WebApplicationContext
17:00:43.339 [restartedMain] INFO  o.s.b.w.s.c.ServletWebServerApplicationContext - prepareWebApplicationContext:291 - Root WebApplicationContext: initialization completed in 1924 ms
17:00:43.719 [restartedMain] INFO  com.zaxxer.hikari.HikariDataSource - getConnection:110 - HikariPool-1 - Starting...
17:00:49.213 [restartedMain] INFO  com.zaxxer.hikari.pool.HikariPool - checkFailFast:565 - HikariPool-1 - Added connection oracle.jdbc.driver.T4CConnection@76931d65
17:00:49.217 [restartedMain] INFO  com.zaxxer.hikari.HikariDataSource - getConnection:123 - HikariPool-1 - Start completed.
17:00:49.292 [restartedMain] DEBUG nex.vts.backend.filter.JwtAuthFilter - init:240 - Filter 'jwtAuthFilter' configured for use
17:00:49.997 [restartedMain] INFO  o.s.security.web.DefaultSecurityFilterChain - <init>:54 - Will secure any request with [org.springframework.security.web.session.DisableEncodeUrlFilter@379f2725, org.springframework.security.web.context.request.async.WebAsyncManagerIntegrationFilter@1529b488, org.springframework.security.web.context.SecurityContextHolderFilter@7c880c18, org.springframework.security.web.header.HeaderWriterFilter@38fcf9de, org.springframework.security.web.authentication.logout.LogoutFilter@6ebbb076, nex.vts.backend.filter.JwtAuthFilter@805caa5, org.springframework.security.web.savedrequest.RequestCacheAwareFilter@51c8a1e4, org.springframework.security.web.servletapi.SecurityContextHolderAwareRequestFilter@8fb22c9, org.springframework.security.web.authentication.AnonymousAuthenticationFilter@27f14d7d, org.springframework.security.web.session.SessionManagementFilter@1a89c8b2, org.springframework.security.web.access.ExceptionTranslationFilter@71767945, org.springframework.security.web.access.intercept.AuthorizationFilter@555ef95f]
17:00:50.331 [restartedMain] INFO  o.s.b.d.autoconfigure.OptionalLiveReloadServer - startServer:59 - LiveReload server is running on port 35729
17:00:50.349 [restartedMain] INFO  org.apache.coyote.http11.Http11NioProtocol - log:173 - Starting ProtocolHandler ["http-nio-8009"]
17:00:50.365 [restartedMain] INFO  o.s.boot.web.embedded.tomcat.TomcatWebServer - start:220 - Tomcat started on port(s): 8009 (http) with context path ''
17:00:50.375 [restartedMain] INFO  nex.vts.backend.VtsBackendApplication - logStarted:57 - Started VtsBackendApplication in 9.791 seconds (process running for 11.332)
17:00:54.091 [http-nio-8009-exec-1] INFO  o.a.c.core.ContainerBase.[Tomcat].[localhost].[/] - log:173 - Initializing Spring DispatcherServlet 'dispatcherServlet'
17:00:54.093 [http-nio-8009-exec-1] INFO  org.springframework.web.servlet.DispatcherServlet - initServletBean:532 - Initializing Servlet 'dispatcherServlet'
17:00:54.097 [http-nio-8009-exec-1] INFO  org.springframework.web.servlet.DispatcherServlet - initServletBean:554 - Completed initialization in 3 ms
17:00:54.362 [http-nio-8009-exec-1] WARN  o.s.w.s.m.m.a.ExceptionHandlerExceptionResolver - logException:207 - Resolved [io.jsonwebtoken.ExpiredJwtException: JWT expired at 2024-01-24T10:30:03Z. Current time: 2024-01-24T11:00:54Z, a difference of 1851259 milliseconds.  Allowed clock skew: 0 milliseconds.]
17:01:00.168 [http-nio-8009-exec-3] TRACE nex.vts.backend.repoImpl.RepoVtsLoginUser - findByUserName:28 - Executing query to find user by username: integrated.security
17:01:00.173 [http-nio-8009-exec-3] DEBUG org.springframework.jdbc.core.JdbcTemplate - query:711 - Executing prepared SQL query
17:01:00.175 [http-nio-8009-exec-3] DEBUG org.springframework.jdbc.core.JdbcTemplate - execute:643 - Executing prepared SQL statement [
SELECT ID,
       USERNAME,
       PASSWORD,
       PROFILE_ID,
       MAIN_ACCOUNT_ID,
       USER_TYPE,
       ROLE_ID,
       IS_ACCOUNT_ACTIVE,
       IS_REMOTE_ACCESS_ENABLED,
       PARENT_PROFILE_ID,
       OPERATORID,
          LPAD (OPERATORID, 2, '0')
       || LPAD (DECODE (USER_TYPE, 1, PROFILE_ID, MAIN_ACCOUNT_ID), 6, '0')    CUSTOMER_ID
  FROM (SELECT ID,
               USERNAME,
               PASSWORD,
               PROFILE_ID,
               MAIN_ACCOUNT_ID,
               USER_TYPE,
               ROLE_ID,
               IS_ACCOUNT_ACTIVE,
               IS_REMOTE_ACCESS_ENABLED,
               PARENT_PROFILE_ID,
               OPERATORID
          FROM vts_login_user
         WHERE IS_ACCOUNT_ACTIVE = 1 and OPERATORID = 3and USERNAME = 'integrated.security' AND PASSWORD = 'i44s44s44ltd')]
17:01:00.509 [http-nio-8009-exec-3] DEBUG nex.vts.backend.repositories.LoginUserInformation - caseOneAccountInfo:57 - Executing query to get parent profile id of extended type client 7215
17:01:00.510 [http-nio-8009-exec-3] DEBUG org.springframework.jdbc.core.JdbcTemplate - query:711 - Executing prepared SQL query
17:01:00.511 [http-nio-8009-exec-3] DEBUG org.springframework.jdbc.core.JdbcTemplate - execute:643 - Executing prepared SQL statement [SELECT ID,
       USER_ID,
       COMPANY_NAME,
       CLIENT_TYPE,
       COMPANY_ADDRESS,
       ADDRESS2,
       COMPANY_CELL,
       COMPANY_TEL,
       COMPANY_EMAIL,
       ACTIVATION
  FROM nex_corporate_client
 WHERE     ID = ?
       AND USER_ID = ?
       AND PASSWORD = ?
       AND ACTIVATION = 1
       AND OPERATORID = 3]
17:01:36.624 [http-nio-8009-exec-4] TRACE nex.vts.backend.repoImpl.RepoVtsLoginUser - findByUserName:28 - Executing query to find user by username: integrated.security
17:01:36.626 [http-nio-8009-exec-4] DEBUG org.springframework.jdbc.core.JdbcTemplate - query:711 - Executing prepared SQL query
17:01:36.627 [http-nio-8009-exec-4] DEBUG org.springframework.jdbc.core.JdbcTemplate - execute:643 - Executing prepared SQL statement [
SELECT ID,
       USERNAME,
       PASSWORD,
       PROFILE_ID,
       MAIN_ACCOUNT_ID,
       USER_TYPE,
       ROLE_ID,
       IS_ACCOUNT_ACTIVE,
       IS_REMOTE_ACCESS_ENABLED,
       PARENT_PROFILE_ID,
       OPERATORID,
          LPAD (OPERATORID, 2, '0')
       || LPAD (DECODE (USER_TYPE, 1, PROFILE_ID, MAIN_ACCOUNT_ID), 6, '0')    CUSTOMER_ID
  FROM (SELECT ID,
               USERNAME,
               PASSWORD,
               PROFILE_ID,
               MAIN_ACCOUNT_ID,
               USER_TYPE,
               ROLE_ID,
               IS_ACCOUNT_ACTIVE,
               IS_REMOTE_ACCESS_ENABLED,
               PARENT_PROFILE_ID,
               OPERATORID
          FROM vts_login_user
         WHERE USERNAME = 'integrated.security' )]
17:02:03.125 [http-nio-8009-exec-4] TRACE nex.vts.backend.repoImpl.RepoVtsLoginUser - findByUserName:28 - Executing query to find user by username: integrated.security
17:02:03.126 [http-nio-8009-exec-4] DEBUG org.springframework.jdbc.core.JdbcTemplate - query:711 - Executing prepared SQL query
17:02:03.127 [http-nio-8009-exec-4] DEBUG org.springframework.jdbc.core.JdbcTemplate - execute:643 - Executing prepared SQL statement [
SELECT ID,
       USERNAME,
       PASSWORD,
       PROFILE_ID,
       MAIN_ACCOUNT_ID,
       USER_TYPE,
       ROLE_ID,
       IS_ACCOUNT_ACTIVE,
       IS_REMOTE_ACCESS_ENABLED,
       PARENT_PROFILE_ID,
       OPERATORID,
          LPAD (OPERATORID, 2, '0')
       || LPAD (DECODE (USER_TYPE, 1, PROFILE_ID, MAIN_ACCOUNT_ID), 6, '0')    CUSTOMER_ID
  FROM (SELECT ID,
               USERNAME,
               PASSWORD,
               PROFILE_ID,
               MAIN_ACCOUNT_ID,
               USER_TYPE,
               ROLE_ID,
               IS_ACCOUNT_ACTIVE,
               IS_REMOTE_ACCESS_ENABLED,
               PARENT_PROFILE_ID,
               OPERATORID
          FROM vts_login_user
         WHERE USERNAME = 'integrated.security' )]
17:02:05.873 [http-nio-8009-exec-4] DEBUG org.springframework.jdbc.core.JdbcTemplate - query:711 - Executing prepared SQL query
17:02:05.875 [http-nio-8009-exec-4] DEBUG org.springframework.jdbc.core.JdbcTemplate - execute:643 - Executing prepared SQL statement [select ROWNUM                          ROWNO,
       EXPENSE_ID                      EXPENSE_ID,
       EXPENSE_AMOUNT                  EXPENSE_AMOUNT,
       EXPENSE_UNIT                    EXPENSE_UNIT, get_expense_name(EXPENSE_ID) as EXPENSE_NAME
from (select EXPENSE_ID,
             sum(AMOUNT)               as EXPENSE_AMOUNT,
             NVL(SUM(EXPENSE_UNIT), 0) as EXPENSE_UNIT
      from NEX_ALL_EXPENDITURE
      where GROUPID = ?
        and USER_ID = ?
        and DATE_TIME between (?) and (?)
      group by EXPENSE_ID)
order by EXPENSE_NAME asc]
17:02:11.305 [SpringApplicationShutdownHook] INFO  com.zaxxer.hikari.HikariDataSource - close:350 - HikariPool-1 - Shutdown initiated...
17:02:11.588 [SpringApplicationShutdownHook] INFO  com.zaxxer.hikari.HikariDataSource - close:352 - HikariPool-1 - Shutdown completed.
17:05:08.645 [restartedMain] INFO  nex.vts.backend.VtsBackendApplication - logStarting:51 - Starting VtsBackendApplication using Java 17.0.8 with PID 4108 (C:\Users\maruf\Documents\intelllij_code\Team_Work_Project\vts_back-end_repo\target\classes started by maruf in C:\Users\maruf\Documents\intelllij_code\Team_Work_Project\vts_back-end_repo)
17:05:08.647 [restartedMain] DEBUG nex.vts.backend.VtsBackendApplication - logStarting:52 - Running with Spring Boot v3.0.1, Spring v6.0.3
17:05:08.648 [restartedMain] INFO  nex.vts.backend.VtsBackendApplication - logStartupProfileInfo:636 - The following 1 profile is active: "m2m"
17:05:08.683 [restartedMain] WARN  o.s.core.annotation.AnnotationTypeMapping - addConventionMappings:320 - Support for convention-based annotation attribute overrides is deprecated and will be removed in Spring Framework 6.1. Please annotate the following attributes in @org.springframework.retry.annotation.EnableRetry with appropriate @AliasFor declarations: [proxyTargetClass]
17:05:08.698 [restartedMain] INFO  o.s.boot.devtools.restart.ChangeableUrls - logTo:250 - The Class-Path manifest attribute in C:\Users\maruf\.m2\repository\com\oracle\database\jdbc\ojdbc8\21.7.0.0\ojdbc8-21.7.0.0.jar referenced one or more files that do not exist: file:/C:/Users/maruf/.m2/repository/com/oracle/database/jdbc/ojdbc8/21.7.0.0/oraclepki.jar
17:05:08.698 [restartedMain] INFO  o.s.b.d.env.DevToolsPropertyDefaultsPostProcessor - logTo:250 - Devtools property defaults active! Set 'spring.devtools.add-properties' to 'false' to disable
17:05:08.698 [restartedMain] INFO  o.s.b.d.env.DevToolsPropertyDefaultsPostProcessor - logTo:250 - For additional web related logging consider setting the 'logging.level.web' property to 'DEBUG'
17:05:09.529 [restartedMain] INFO  o.s.d.r.config.RepositoryConfigurationDelegate - registerRepositoriesIn:138 - Bootstrapping Spring Data JDBC repositories in DEFAULT mode.
17:05:09.566 [restartedMain] INFO  o.s.d.r.config.RepositoryConfigurationDelegate - registerRepositoriesIn:208 - Finished Spring Data repository scanning in 30 ms. Found 0 JDBC repository interfaces.
17:05:10.189 [restartedMain] INFO  o.s.boot.web.embedded.tomcat.TomcatWebServer - initialize:108 - Tomcat initialized with port(s): 8009 (http)
17:05:10.198 [restartedMain] INFO  org.apache.coyote.http11.Http11NioProtocol - log:173 - Initializing ProtocolHandler ["http-nio-8009"]
17:05:10.199 [restartedMain] INFO  org.apache.catalina.core.StandardService - log:173 - Starting service [Tomcat]
17:05:10.199 [restartedMain] INFO  org.apache.catalina.core.StandardEngine - log:173 - Starting Servlet engine: [Apache Tomcat/10.1.4]
17:05:10.250 [restartedMain] INFO  o.a.c.core.ContainerBase.[Tomcat].[localhost].[/] - log:173 - Initializing Spring embedded WebApplicationContext
17:05:10.251 [restartedMain] INFO  o.s.b.w.s.c.ServletWebServerApplicationContext - prepareWebApplicationContext:291 - Root WebApplicationContext: initialization completed in 1551 ms
17:05:10.543 [restartedMain] INFO  com.zaxxer.hikari.HikariDataSource - getConnection:110 - HikariPool-1 - Starting...
17:05:11.161 [restartedMain] INFO  com.zaxxer.hikari.pool.HikariPool - checkFailFast:565 - HikariPool-1 - Added connection oracle.jdbc.driver.T4CConnection@5b1eb747
17:05:11.163 [restartedMain] INFO  com.zaxxer.hikari.HikariDataSource - getConnection:123 - HikariPool-1 - Start completed.
17:05:11.220 [restartedMain] DEBUG nex.vts.backend.filter.JwtAuthFilter - init:240 - Filter 'jwtAuthFilter' configured for use
17:05:11.597 [restartedMain] INFO  o.s.security.web.DefaultSecurityFilterChain - <init>:54 - Will secure any request with [org.springframework.security.web.session.DisableEncodeUrlFilter@5765c494, org.springframework.security.web.context.request.async.WebAsyncManagerIntegrationFilter@7e046407, org.springframework.security.web.context.SecurityContextHolderFilter@1cee03cf, org.springframework.security.web.header.HeaderWriterFilter@688140e3, org.springframework.security.web.authentication.logout.LogoutFilter@4034f22b, nex.vts.backend.filter.JwtAuthFilter@3aaeb6e0, org.springframework.security.web.savedrequest.RequestCacheAwareFilter@102bc93f, org.springframework.security.web.servletapi.SecurityContextHolderAwareRequestFilter@7fb8d1d4, org.springframework.security.web.authentication.AnonymousAuthenticationFilter@3ddd4acd, org.springframework.security.web.session.SessionManagementFilter@f70df53, org.springframework.security.web.access.ExceptionTranslationFilter@2d1a96af, org.springframework.security.web.access.intercept.AuthorizationFilter@491c0a9d]
17:05:11.863 [restartedMain] INFO  o.s.b.d.autoconfigure.OptionalLiveReloadServer - startServer:59 - LiveReload server is running on port 35729
17:05:11.883 [restartedMain] INFO  org.apache.coyote.http11.Http11NioProtocol - log:173 - Starting ProtocolHandler ["http-nio-8009"]
17:05:11.899 [restartedMain] INFO  o.s.boot.web.embedded.tomcat.TomcatWebServer - start:220 - Tomcat started on port(s): 8009 (http) with context path ''
17:05:11.910 [restartedMain] INFO  nex.vts.backend.VtsBackendApplication - logStarted:57 - Started VtsBackendApplication in 3.847 seconds (process running for 4.558)
17:05:27.647 [http-nio-8009-exec-4] INFO  o.a.c.core.ContainerBase.[Tomcat].[localhost].[/] - log:173 - Initializing Spring DispatcherServlet 'dispatcherServlet'
17:05:27.647 [http-nio-8009-exec-4] INFO  org.springframework.web.servlet.DispatcherServlet - initServletBean:532 - Initializing Servlet 'dispatcherServlet'
17:05:27.649 [http-nio-8009-exec-4] INFO  org.springframework.web.servlet.DispatcherServlet - initServletBean:554 - Completed initialization in 2 ms
17:05:27.788 [http-nio-8009-exec-4] TRACE nex.vts.backend.repoImpl.RepoVtsLoginUser - findByUserName:28 - Executing query to find user by username: qctest-child
17:05:27.791 [http-nio-8009-exec-4] DEBUG org.springframework.jdbc.core.JdbcTemplate - query:711 - Executing prepared SQL query
17:05:27.795 [http-nio-8009-exec-4] DEBUG org.springframework.jdbc.core.JdbcTemplate - execute:643 - Executing prepared SQL statement [
SELECT ID,
       USERNAME,
       PASSWORD,
       PROFILE_ID,
       MAIN_ACCOUNT_ID,
       USER_TYPE,
       ROLE_ID,
       IS_ACCOUNT_ACTIVE,
       IS_REMOTE_ACCESS_ENABLED,
       PARENT_PROFILE_ID,
       OPERATORID,
          LPAD (OPERATORID, 2, '0')
       || LPAD (DECODE (USER_TYPE, 1, PROFILE_ID, MAIN_ACCOUNT_ID), 6, '0')    CUSTOMER_ID
  FROM (SELECT ID,
               USERNAME,
               PASSWORD,
               PROFILE_ID,
               MAIN_ACCOUNT_ID,
               USER_TYPE,
               ROLE_ID,
               IS_ACCOUNT_ACTIVE,
               IS_REMOTE_ACCESS_ENABLED,
               PARENT_PROFILE_ID,
               OPERATORID
          FROM vts_login_user
         WHERE IS_ACCOUNT_ACTIVE = 1 and OPERATORID = 3and USERNAME = 'qctest-child' AND PASSWORD = 'Qctest@1')]
17:05:28.268 [http-nio-8009-exec-4] DEBUG nex.vts.backend.repoImpl.RepoNexVehicleDept - getParentProfileIdOfDepartmentClient:26 - Executing query to get parent userName  of department type client qctest-child
17:05:28.269 [http-nio-8009-exec-4] DEBUG org.springframework.jdbc.core.JdbcTemplate - query:711 - Executing prepared SQL query
17:05:28.270 [http-nio-8009-exec-4] DEBUG org.springframework.jdbc.core.JdbcTemplate - execute:643 - Executing prepared SQL statement [SELECT COMPANY_ID AS PARENT_PROFILE_ID FROM NEX_VEHICLE_DEPT  where USERID = ? and GRP_PASS = ? and ACTIVATION = 1 and OPERATORID = ?]
17:05:28.315 [http-nio-8009-exec-4] DEBUG org.springframework.jdbc.core.JdbcTemplate - query:711 - Executing prepared SQL query
17:05:28.316 [http-nio-8009-exec-4] DEBUG org.springframework.jdbc.core.JdbcTemplate - execute:643 - Executing prepared SQL statement [SELECT m2mdev.get_client_stat(?) AS C2 FROM dual]
17:05:53.658 [http-nio-8009-exec-3] TRACE nex.vts.backend.repoImpl.RepoVtsLoginUser - findByUserName:28 - Executing query to find user by username: qctest-child
17:05:53.661 [http-nio-8009-exec-3] DEBUG org.springframework.jdbc.core.JdbcTemplate - query:711 - Executing prepared SQL query
17:05:53.661 [http-nio-8009-exec-3] DEBUG org.springframework.jdbc.core.JdbcTemplate - execute:643 - Executing prepared SQL statement [
SELECT ID,
       USERNAME,
       PASSWORD,
       PROFILE_ID,
       MAIN_ACCOUNT_ID,
       USER_TYPE,
       ROLE_ID,
       IS_ACCOUNT_ACTIVE,
       IS_REMOTE_ACCESS_ENABLED,
       PARENT_PROFILE_ID,
       OPERATORID,
          LPAD (OPERATORID, 2, '0')
       || LPAD (DECODE (USER_TYPE, 1, PROFILE_ID, MAIN_ACCOUNT_ID), 6, '0')    CUSTOMER_ID
  FROM (SELECT ID,
               USERNAME,
               PASSWORD,
               PROFILE_ID,
               MAIN_ACCOUNT_ID,
               USER_TYPE,
               ROLE_ID,
               IS_ACCOUNT_ACTIVE,
               IS_REMOTE_ACCESS_ENABLED,
               PARENT_PROFILE_ID,
               OPERATORID
          FROM vts_login_user
         WHERE USERNAME = 'qctest-child' )]
17:05:53.882 [http-nio-8009-exec-3] TRACE nex.vts.backend.repoImpl.RepoVtsLoginUser - findByUserName:28 - Executing query to find user by username: qctest-child
17:05:53.882 [http-nio-8009-exec-3] DEBUG org.springframework.jdbc.core.JdbcTemplate - query:711 - Executing prepared SQL query
17:05:53.882 [http-nio-8009-exec-3] DEBUG org.springframework.jdbc.core.JdbcTemplate - execute:643 - Executing prepared SQL statement [
SELECT ID,
       USERNAME,
       PASSWORD,
       PROFILE_ID,
       MAIN_ACCOUNT_ID,
       USER_TYPE,
       ROLE_ID,
       IS_ACCOUNT_ACTIVE,
       IS_REMOTE_ACCESS_ENABLED,
       PARENT_PROFILE_ID,
       OPERATORID,
          LPAD (OPERATORID, 2, '0')
       || LPAD (DECODE (USER_TYPE, 1, PROFILE_ID, MAIN_ACCOUNT_ID), 6, '0')    CUSTOMER_ID
  FROM (SELECT ID,
               USERNAME,
               PASSWORD,
               PROFILE_ID,
               MAIN_ACCOUNT_ID,
               USER_TYPE,
               ROLE_ID,
               IS_ACCOUNT_ACTIVE,
               IS_REMOTE_ACCESS_ENABLED,
               PARENT_PROFILE_ID,
               OPERATORID
          FROM vts_login_user
         WHERE USERNAME = 'qctest-child' )]
17:05:53.911 [http-nio-8009-exec-3] DEBUG org.springframework.jdbc.core.JdbcTemplate - query:711 - Executing prepared SQL query
17:05:53.911 [http-nio-8009-exec-3] DEBUG org.springframework.jdbc.core.JdbcTemplate - execute:643 - Executing prepared SQL statement [select ROWNUM                          ROWNO,
       EXPENSE_ID                      EXPENSE_ID,
       EXPENSE_AMOUNT                  EXPENSE_AMOUNT,
       EXPENSE_UNIT                    EXPENSE_UNIT, get_expense_name(EXPENSE_ID) as EXPENSE_NAME
from (select EXPENSE_ID,
             sum(AMOUNT)               as EXPENSE_AMOUNT,
             NVL(SUM(EXPENSE_UNIT), 0) as EXPENSE_UNIT
      from NEX_ALL_EXPENDITURE
      where GROUPID = ?
        and USER_ID = ?
        and DATE_TIME between (?) and (?)
      group by EXPENSE_ID)
order by EXPENSE_NAME asc]
17:06:14.351 [http-nio-8009-exec-2] TRACE nex.vts.backend.repoImpl.RepoVtsLoginUser - findByUserName:28 - Executing query to find user by username: integrated.security
17:06:14.352 [http-nio-8009-exec-2] DEBUG org.springframework.jdbc.core.JdbcTemplate - query:711 - Executing prepared SQL query
17:06:14.352 [http-nio-8009-exec-2] DEBUG org.springframework.jdbc.core.JdbcTemplate - execute:643 - Executing prepared SQL statement [
SELECT ID,
       USERNAME,
       PASSWORD,
       PROFILE_ID,
       MAIN_ACCOUNT_ID,
       USER_TYPE,
       ROLE_ID,
       IS_ACCOUNT_ACTIVE,
       IS_REMOTE_ACCESS_ENABLED,
       PARENT_PROFILE_ID,
       OPERATORID,
          LPAD (OPERATORID, 2, '0')
       || LPAD (DECODE (USER_TYPE, 1, PROFILE_ID, MAIN_ACCOUNT_ID), 6, '0')    CUSTOMER_ID
  FROM (SELECT ID,
               USERNAME,
               PASSWORD,
               PROFILE_ID,
               MAIN_ACCOUNT_ID,
               USER_TYPE,
               ROLE_ID,
               IS_ACCOUNT_ACTIVE,
               IS_REMOTE_ACCESS_ENABLED,
               PARENT_PROFILE_ID,
               OPERATORID
          FROM vts_login_user
         WHERE USERNAME = 'integrated.security' )]
17:06:14.370 [http-nio-8009-exec-2] TRACE nex.vts.backend.repoImpl.RepoVtsLoginUser - findByUserName:28 - Executing query to find user by username: integrated.security
17:06:14.371 [http-nio-8009-exec-2] DEBUG org.springframework.jdbc.core.JdbcTemplate - query:711 - Executing prepared SQL query
17:06:14.371 [http-nio-8009-exec-2] DEBUG org.springframework.jdbc.core.JdbcTemplate - execute:643 - Executing prepared SQL statement [
SELECT ID,
       USERNAME,
       PASSWORD,
       PROFILE_ID,
       MAIN_ACCOUNT_ID,
       USER_TYPE,
       ROLE_ID,
       IS_ACCOUNT_ACTIVE,
       IS_REMOTE_ACCESS_ENABLED,
       PARENT_PROFILE_ID,
       OPERATORID,
          LPAD (OPERATORID, 2, '0')
       || LPAD (DECODE (USER_TYPE, 1, PROFILE_ID, MAIN_ACCOUNT_ID), 6, '0')    CUSTOMER_ID
  FROM (SELECT ID,
               USERNAME,
               PASSWORD,
               PROFILE_ID,
               MAIN_ACCOUNT_ID,
               USER_TYPE,
               ROLE_ID,
               IS_ACCOUNT_ACTIVE,
               IS_REMOTE_ACCESS_ENABLED,
               PARENT_PROFILE_ID,
               OPERATORID
          FROM vts_login_user
         WHERE USERNAME = 'integrated.security' )]
17:06:14.393 [http-nio-8009-exec-2] DEBUG org.springframework.jdbc.core.JdbcTemplate - query:711 - Executing prepared SQL query
17:06:14.394 [http-nio-8009-exec-2] DEBUG org.springframework.jdbc.core.JdbcTemplate - execute:643 - Executing prepared SQL statement [select ROWNUM                          ROWNO,
       EXPENSE_ID                      EXPENSE_ID,
       EXPENSE_AMOUNT                  EXPENSE_AMOUNT,
       EXPENSE_UNIT                    EXPENSE_UNIT, get_expense_name(EXPENSE_ID) as EXPENSE_NAME
from (select EXPENSE_ID,
             sum(AMOUNT)               as EXPENSE_AMOUNT,
             NVL(SUM(EXPENSE_UNIT), 0) as EXPENSE_UNIT
      from NEX_ALL_EXPENDITURE
      where GROUPID = ?
        and USER_ID = ?
        and DATE_TIME between (?) and (?)
      group by EXPENSE_ID)
order by EXPENSE_NAME asc]
17:06:24.302 [SpringApplicationShutdownHook] INFO  com.zaxxer.hikari.HikariDataSource - close:350 - HikariPool-1 - Shutdown initiated...
17:06:24.365 [SpringApplicationShutdownHook] INFO  com.zaxxer.hikari.HikariDataSource - close:352 - HikariPool-1 - Shutdown completed.
